39.0 APEX_CODE,FINEST;APEX_PROFILING,INFO;CALLOUT,INFO;DB,FINEST;SYSTEM,DEBUG;VALIDATION,INFO;VISUALFORCE,INFO;WAVE,INFO;WORKFLOW,NONE
02:14:16.0 (255138)|USER_INFO|[EXTERNAL]|0056A000000UMYo|suneelcando@gmail.com|Pacific Standard Time|GMT-07:00
02:14:16.0 (281022)|EXECUTION_STARTED
02:14:16.0 (284406)|CODE_UNIT_STARTED|[EXTERNAL]|0666A000001Dsje|VF: /apex/JSON2Apex
02:14:16.0 (833304)|VF_DESERIALIZE_VIEWSTATE_BEGIN|0666A000001Dsje
02:14:16.0 (7914452)|HEAP_ALLOCATE|[72]|Bytes:3
02:14:16.0 (7950496)|HEAP_ALLOCATE|[77]|Bytes:152
02:14:16.0 (7962633)|HEAP_ALLOCATE|[342]|Bytes:408
02:14:16.0 (7976054)|HEAP_ALLOCATE|[355]|Bytes:408
02:14:16.0 (7987237)|HEAP_ALLOCATE|[467]|Bytes:48
02:14:16.0 (8008948)|HEAP_ALLOCATE|[139]|Bytes:6
02:14:16.0 (10896056)|VF_DESERIALIZE_VIEWSTATE_END
02:14:16.0 (11679719)|HEAP_ALLOCATE|[EXTERNAL]|Bytes:108
02:14:16.0 (11686030)|HEAP_ALLOCATE|[EXTERNAL]|Bytes:5
02:14:16.0 (11688549)|HEAP_ALLOCATE|[EXTERNAL]|Bytes:3
02:14:16.0 (11694797)|METHOD_ENTRY|[1]|01p6A000003fQgy|JSON2ApexConverter.JSON2ApexConverter()
02:14:16.0 (11698060)|STATEMENT_EXECUTE|[1]
02:14:16.0 (11702402)|STATEMENT_EXECUTE|[1]
02:14:16.0 (11706270)|METHOD_EXIT|[1]|JSON2ApexConverter
02:14:16.0 (11714882)|HEAP_ALLOCATE|[EXTERNAL]|Bytes:16
02:14:16.0 (11720728)|VARIABLE_SCOPE_BEGIN|[5]|this|JSON2ApexConverter|true|false
02:14:16.0 (11778587)|VARIABLE_ASSIGNMENT|[5]|this|{"jsonString":"{ \"name\":\"John\", \"ag (32 more) ..."}|0x6956ed36
02:14:16.0 (11785830)|STATEMENT_EXECUTE|[5]
02:14:16.0 (11786995)|STATEMENT_EXECUTE|[6]
02:14:16.0 (11792828)|HEAP_ALLOCATE|[6]|Bytes:8
02:14:16.0 (11826305)|HEAP_ALLOCATE|[50]|Bytes:5
02:14:16.0 (11846878)|HEAP_ALLOCATE|[56]|Bytes:5
02:14:16.0 (11851757)|HEAP_ALLOCATE|[64]|Bytes:7
02:14:16.0 (11923139)|HEAP_ALLOCATE|[6]|Bytes:27
02:14:16.0 (11928746)|SYSTEM_METHOD_ENTRY|[1]|Type.Type()
02:14:16.0 (11930463)|STATEMENT_EXECUTE|[1]
02:14:16.0 (11934834)|SYSTEM_METHOD_EXIT|[1]|Type
02:14:16.0 (11938582)|HEAP_ALLOCATE|[6]|Bytes:8
02:14:16.0 (11955528)|HEAP_ALLOCATE|[6]|Bytes:8
02:14:16.0 (11958310)|VARIABLE_SCOPE_BEGIN|[4]|this|System.Type|true|false
02:14:16.0 (11971733)|VARIABLE_ASSIGNMENT|[4]|this|{}|0x1065cc23
02:14:16.0 (11974572)|VARIABLE_SCOPE_BEGIN|[4]|apextype|java:common.apex.runtime.ApexObjectType|true|false
02:14:16.0 (12090055)|VARIABLE_ASSIGNMENT|[4]|apextype|"Glossary"|0x163a5b8c
02:14:16.0 (12141690)|HEAP_ALLOCATE|[6]|Bytes:8
02:14:16.0 (12167533)|HEAP_ALLOCATE|[6]|Bytes:24
02:14:16.0 (12172491)|SYSTEM_METHOD_ENTRY|[1]|JSON.JSON()
02:14:16.0 (12174069)|STATEMENT_EXECUTE|[1]
02:14:16.0 (12176809)|SYSTEM_METHOD_EXIT|[1]|JSON
02:14:16.0 (12187652)|METHOD_ENTRY|[6]||System.JSON.deserialize(String, System.Type)
02:14:16.0 (12295480)|STATEMENT_EXECUTE|[1]
02:14:16.0 (12297229)|STATEMENT_EXECUTE|[5]
02:14:16.0 (12515958)|METHOD_EXIT|[6]||System.JSON.deserialize(String, System.Type)
02:14:16.0 (12546427)|VARIABLE_ASSIGNMENT|[EXTERNAL]|this|{"jsonString":"{ \"name\":\"John\", \"ag (32 more) ..."}|0x6956ed36
02:14:16.0 (12560315)|VARIABLE_ASSIGNMENT|[EXTERNAL]|value|{"age":"30","name":"John"}|0x7de47c78
02:14:16.0 (12566914)|VARIABLE_ASSIGNMENT|[3]|this.apexObj|0x7de47c78|0x6956ed36
02:14:16.0 (12571653)|STATEMENT_EXECUTE|[7]
02:14:16.0 (12574330)|HEAP_ALLOCATE|[7]|Bytes:8
02:14:16.0 (12599866)|VARIABLE_ASSIGNMENT|[EXTERNAL]|this|{"apexObj":"0x7de47c78","jsonString":"{ \"name\":\"John\", \"ag (32 more) ..."}|0x6956ed36
02:14:16.0 (12649039)|HEAP_ALLOCATE|[7]|Bytes:38
02:14:16.0 (12663295)|HEAP_ALLOCATE|[7]|Bytes:46
02:14:16.0 (12677415)|USER_DEBUG|[7]|DEBUG|apexObj:Glossary:[abc=null, age=30, name=John]
02:14:16.0 (12682536)|STATEMENT_EXECUTE|[8]
02:14:16.0 (12702968)|VARIABLE_ASSIGNMENT|[EXTERNAL]|this|{"apexObj":"0x7de47c78","jsonString":"{ \"name\":\"John\", \"ag (32 more) ..."}|0x6956ed36
02:14:16.0 (12719476)|VARIABLE_ASSIGNMENT|[EXTERNAL]|this|{"age":"30","name":"John"}|0x7de47c78
02:14:16.0 (12733528)|HEAP_ALLOCATE|[8]|Bytes:12
02:14:16.0 (12739504)|USER_DEBUG|[8]|DEBUG|apexObj:null
02:14:16.0 (12742623)|STATEMENT_EXECUTE|[9]
02:14:16.0 (12758374)|VARIABLE_ASSIGNMENT|[EXTERNAL]|this|{"apexObj":"0x7de47c78","jsonString":"{ \"name\":\"John\", \"ag (32 more) ..."}|0x6956ed36
02:14:16.0 (12766952)|METHOD_ENTRY|[9]||System.JSON.serialize(Object)
02:14:16.0 (12812919)|METHOD_EXIT|[9]||System.JSON.serialize(Object)
02:14:16.0 (12832004)|VARIABLE_ASSIGNMENT|[EXTERNAL]|this|{"apexObj":"0x7de47c78","jsonString":"{ \"name\":\"John\", \"ag (32 more) ..."}|0x6956ed36
02:14:16.0 (12838168)|VARIABLE_ASSIGNMENT|[EXTERNAL]|value|"{\"name\":\"John\",\"age\" (17 more) ..."
02:14:16.0 (12845040)|VARIABLE_ASSIGNMENT|[4]|this.str|"{\"name\":\"John\",\"age\" (17 more) ..."|0x6956ed36
02:14:16.0 (12848671)|STATEMENT_EXECUTE|[10]
02:14:16.0 (23776716)|SYSTEM_MODE_ENTER|true
02:14:16.0 (24404281)|VF_SERIALIZE_VIEWSTATE_BEGIN|0666A000001Dsje
02:14:16.0 (25487942)|VF_SERIALIZE_VIEWSTATE_END
02:14:16.27 (27007803)|CUMULATIVE_LIMIT_USAGE
02:14:16.27 (27007803)|LIMIT_USAGE_FOR_NS|(default)|
  Number of SOQL queries: 0 out of 100
  Number of query rows: 0 out of 50000
  Number of SOSL queries: 0 out of 20
  Number of DML statements: 0 out of 150
  Number of DML rows: 0 out of 10000
  Maximum CPU time: 0 out of 10000
  Maximum heap size: 0 out of 6000000
  Number of callouts: 0 out of 100
  Number of Email Invocations: 0 out of 10
  Number of future calls: 0 out of 50
  Number of queueable jobs added to the queue: 0 out of 50
  Number of Mobile Apex push calls: 0 out of 10

02:14:16.27 (27007803)|CUMULATIVE_LIMIT_USAGE_END

02:14:16.0 (27037606)|CODE_UNIT_FINISHED|VF: /apex/JSON2Apex
02:14:16.0 (27756186)|EXECUTION_FINISHED
