39.0 APEX_CODE,FINEST;APEX_PROFILING,INFO;CALLOUT,INFO;DB,FINEST;SYSTEM,DEBUG;VALIDATION,INFO;VISUALFORCE,INFO;WAVE,INFO;WORKFLOW,NONE
22:59:20.0 (52336)|USER_INFO|[EXTERNAL]|0056A000000UMYo|suneelcando@gmail.com|Pacific Standard Time|GMT-07:00
22:59:20.0 (82061)|EXECUTION_STARTED
22:59:20.0 (85955)|CODE_UNIT_STARTED|[EXTERNAL]|0666A000001DsPC|VF: /apex/IndentationChecker
22:59:20.0 (193394)|VF_DESERIALIZE_VIEWSTATE_BEGIN|0666A000001DsPC
22:59:20.0 (5183881)|HEAP_ALLOCATE|[72]|Bytes:3
22:59:20.0 (5216978)|HEAP_ALLOCATE|[77]|Bytes:152
22:59:20.0 (5229385)|HEAP_ALLOCATE|[342]|Bytes:408
22:59:20.0 (5241615)|HEAP_ALLOCATE|[355]|Bytes:408
22:59:20.0 (5253370)|HEAP_ALLOCATE|[467]|Bytes:48
22:59:20.0 (5275900)|HEAP_ALLOCATE|[139]|Bytes:6
22:59:20.0 (6391744)|VF_DESERIALIZE_VIEWSTATE_END
22:59:20.0 (7071174)|SYSTEM_MODE_ENTER|true
22:59:20.0 (7098696)|HEAP_ALLOCATE|[EXTERNAL]|Bytes:112
22:59:20.0 (7105114)|HEAP_ALLOCATE|[EXTERNAL]|Bytes:11
22:59:20.0 (7111763)|METHOD_ENTRY|[1]|01p6A000003fOZX|IndentationCheckerController.IndentationCheckerController()
22:59:20.0 (7115531)|STATEMENT_EXECUTE|[1]
22:59:20.0 (7119114)|STATEMENT_EXECUTE|[1]
22:59:20.0 (7123446)|METHOD_EXIT|[1]|IndentationCheckerController
22:59:20.0 (7190415)|SYSTEM_MODE_ENTER|true
22:59:20.0 (7240282)|SYSTEM_MODE_ENTER|true
22:59:20.0 (7259767)|HEAP_ALLOCATE|[EXTERNAL]|Bytes:15
22:59:20.0 (7267297)|HEAP_ALLOCATE|[EXTERNAL]|Bytes:16
22:59:20.0 (7300221)|VARIABLE_ASSIGNMENT|[EXTERNAL]|this.inputString|"asdf  as;dfa{sd"|0x59736e9c
22:59:20.0 (7324053)|SYSTEM_MODE_ENTER|true
22:59:20.0 (7334681)|HEAP_ALLOCATE|[EXTERNAL]|Bytes:16
22:59:20.0 (7341064)|VARIABLE_ASSIGNMENT|[EXTERNAL]|this.outputString|""|0x59736e9c
22:59:20.0 (7618575)|HEAP_ALLOCATE|[EXTERNAL]|Bytes:16
22:59:20.0 (7626524)|VARIABLE_SCOPE_BEGIN|[13]|this|IndentationCheckerController|true|false
22:59:20.0 (7657603)|VARIABLE_ASSIGNMENT|[13]|this|{"chars":"0x4eae9ffa","inputString":"asdf  as;dfa{sd","outputString":""}|0x59736e9c
22:59:20.0 (7665042)|STATEMENT_EXECUTE|[13]
22:59:20.0 (7666378)|STATEMENT_EXECUTE|[14]
22:59:20.0 (7667198)|STATEMENT_EXECUTE|[14]
22:59:20.0 (7669167)|STATEMENT_EXECUTE|[15]
22:59:20.0 (7674018)|VARIABLE_SCOPE_BEGIN|[15]|i|Integer|false|false
22:59:20.0 (7677116)|HEAP_ALLOCATE|[15]|Bytes:4
22:59:20.0 (7682403)|VARIABLE_ASSIGNMENT|[15]|i|0
22:59:20.0 (7719361)|STATEMENT_EXECUTE|[15]
22:59:20.0 (7720665)|STATEMENT_EXECUTE|[16]
22:59:20.0 (7750510)|VARIABLE_ASSIGNMENT|[EXTERNAL]|this|{"chars":"0x4eae9ffa","inputString":"asdf  as;dfa{sd","outputString":""}|0x59736e9c
22:59:20.0 (7764458)|HEAP_ALLOCATE|[16]|Bytes:1
22:59:20.0 (7780815)|HEAP_ALLOCATE|[16]|Bytes:1
22:59:20.0 (7801337)|VARIABLE_ASSIGNMENT|[EXTERNAL]|this|{"chars":"0x4eae9ffa","inputString":"asdf  as;dfa{sd","outputString":""}|0x59736e9c
22:59:20.0 (7805717)|VARIABLE_ASSIGNMENT|[EXTERNAL]|value|"a"
22:59:20.0 (7812164)|VARIABLE_ASSIGNMENT|[3]|this.outputString|"a"|0x59736e9c
22:59:20.0 (7818726)|HEAP_ALLOCATE|[17]|Bytes:1
22:59:20.0 (7821919)|HEAP_ALLOCATE|[17]|Bytes:1
22:59:20.0 (7855263)|HEAP_ALLOCATE|[50]|Bytes:5
22:59:20.0 (7870080)|HEAP_ALLOCATE|[56]|Bytes:5
22:59:20.0 (7874962)|HEAP_ALLOCATE|[64]|Bytes:7
22:59:20.0 (7910562)|HEAP_ALLOCATE|[17]|Bytes:1
22:59:20.0 (7913759)|HEAP_ALLOCATE|[17]|Bytes:1
22:59:20.0 (7921321)|STATEMENT_EXECUTE|[17]
22:59:20.0 (7923305)|HEAP_ALLOCATE|[15]|Bytes:4
22:59:20.0 (7927742)|VARIABLE_ASSIGNMENT|[15]|i|1
22:59:20.0 (7936922)|STATEMENT_EXECUTE|[15]
22:59:20.0 (7937936)|STATEMENT_EXECUTE|[16]
22:59:20.0 (7951690)|VARIABLE_ASSIGNMENT|[EXTERNAL]|this|{"chars":"0x4eae9ffa","inputString":"asdf  as;dfa{sd","outputString":"a"}|0x59736e9c
22:59:20.0 (7958317)|HEAP_ALLOCATE|[16]|Bytes:1
22:59:20.0 (7961868)|HEAP_ALLOCATE|[16]|Bytes:2
22:59:20.0 (7972526)|VARIABLE_ASSIGNMENT|[EXTERNAL]|this|{"chars":"0x4eae9ffa","inputString":"asdf  as;dfa{sd","outputString":"a"}|0x59736e9c
22:59:20.0 (7975296)|VARIABLE_ASSIGNMENT|[EXTERNAL]|value|"as"
22:59:20.0 (7979315)|VARIABLE_ASSIGNMENT|[3]|this.outputString|"as"|0x59736e9c
22:59:20.0 (7983449)|HEAP_ALLOCATE|[17]|Bytes:1
22:59:20.0 (7989331)|HEAP_ALLOCATE|[17]|Bytes:1
22:59:20.0 (7993462)|STATEMENT_EXECUTE|[17]
22:59:20.0 (7994730)|HEAP_ALLOCATE|[15]|Bytes:4
22:59:20.0 (7997708)|VARIABLE_ASSIGNMENT|[15]|i|2
22:59:20.0 (8003672)|STATEMENT_EXECUTE|[15]
22:59:20.0 (8005282)|STATEMENT_EXECUTE|[16]
22:59:20.0 (8015032)|VARIABLE_ASSIGNMENT|[EXTERNAL]|this|{"chars":"0x4eae9ffa","inputString":"asdf  as;dfa{sd","outputString":"as"}|0x59736e9c
22:59:20.0 (8019775)|HEAP_ALLOCATE|[16]|Bytes:1
22:59:20.0 (8022812)|HEAP_ALLOCATE|[16]|Bytes:3
22:59:20.0 (8032057)|VARIABLE_ASSIGNMENT|[EXTERNAL]|this|{"chars":"0x4eae9ffa","inputString":"asdf  as;dfa{sd","outputString":"as"}|0x59736e9c
22:59:20.0 (8035237)|VARIABLE_ASSIGNMENT|[EXTERNAL]|value|"asd"
22:59:20.0 (8038612)|VARIABLE_ASSIGNMENT|[3]|this.outputString|"asd"|0x59736e9c
22:59:20.0 (8042341)|HEAP_ALLOCATE|[17]|Bytes:1
22:59:20.0 (8047432)|HEAP_ALLOCATE|[17]|Bytes:1
22:59:20.0 (8051371)|STATEMENT_EXECUTE|[17]
22:59:20.0 (8052593)|HEAP_ALLOCATE|[15]|Bytes:4
22:59:20.0 (8055288)|VARIABLE_ASSIGNMENT|[15]|i|3
22:59:20.0 (8060667)|STATEMENT_EXECUTE|[15]
22:59:20.0 (8061848)|STATEMENT_EXECUTE|[16]
22:59:20.0 (8071112)|VARIABLE_ASSIGNMENT|[EXTERNAL]|this|{"chars":"0x4eae9ffa","inputString":"asdf  as;dfa{sd","outputString":"asd"}|0x59736e9c
22:59:20.0 (8075948)|HEAP_ALLOCATE|[16]|Bytes:1
22:59:20.0 (8078618)|HEAP_ALLOCATE|[16]|Bytes:4
22:59:20.0 (8087970)|VARIABLE_ASSIGNMENT|[EXTERNAL]|this|{"chars":"0x4eae9ffa","inputString":"asdf  as;dfa{sd","outputString":"asd"}|0x59736e9c
22:59:20.0 (8090748)|VARIABLE_ASSIGNMENT|[EXTERNAL]|value|"asdf"
22:59:20.0 (8093914)|VARIABLE_ASSIGNMENT|[3]|this.outputString|"asdf"|0x59736e9c
22:59:20.0 (8098002)|HEAP_ALLOCATE|[17]|Bytes:1
22:59:20.0 (8102656)|HEAP_ALLOCATE|[17]|Bytes:1
22:59:20.0 (8106753)|STATEMENT_EXECUTE|[17]
22:59:20.0 (8107903)|HEAP_ALLOCATE|[15]|Bytes:4
22:59:20.0 (8110801)|VARIABLE_ASSIGNMENT|[15]|i|4
22:59:20.0 (8116086)|STATEMENT_EXECUTE|[15]
22:59:20.0 (8117066)|STATEMENT_EXECUTE|[16]
22:59:20.0 (8126327)|VARIABLE_ASSIGNMENT|[EXTERNAL]|this|{"chars":"0x4eae9ffa","inputString":"asdf  as;dfa{sd","outputString":"asdf"}|0x59736e9c
22:59:20.0 (8130978)|HEAP_ALLOCATE|[16]|Bytes:1
22:59:20.0 (8133660)|HEAP_ALLOCATE|[16]|Bytes:5
22:59:20.0 (8142866)|VARIABLE_ASSIGNMENT|[EXTERNAL]|this|{"chars":"0x4eae9ffa","inputString":"asdf  as;dfa{sd","outputString":"asdf"}|0x59736e9c
22:59:20.0 (8145743)|VARIABLE_ASSIGNMENT|[EXTERNAL]|value|"asdf "
22:59:20.0 (8148982)|VARIABLE_ASSIGNMENT|[3]|this.outputString|"asdf "|0x59736e9c
22:59:20.0 (8152471)|HEAP_ALLOCATE|[17]|Bytes:1
22:59:20.0 (8157594)|HEAP_ALLOCATE|[17]|Bytes:1
22:59:20.0 (8161209)|STATEMENT_EXECUTE|[17]
22:59:20.0 (8162732)|HEAP_ALLOCATE|[15]|Bytes:4
22:59:20.0 (8165439)|VARIABLE_ASSIGNMENT|[15]|i|5
22:59:20.0 (8170446)|STATEMENT_EXECUTE|[15]
22:59:20.0 (8171529)|STATEMENT_EXECUTE|[16]
22:59:20.0 (8185833)|VARIABLE_ASSIGNMENT|[EXTERNAL]|this|{"chars":"0x4eae9ffa","inputString":"asdf  as;dfa{sd","outputString":"asdf "}|0x59736e9c
22:59:20.0 (8190833)|HEAP_ALLOCATE|[16]|Bytes:1
22:59:20.0 (8193873)|HEAP_ALLOCATE|[16]|Bytes:6
22:59:20.0 (8203160)|VARIABLE_ASSIGNMENT|[EXTERNAL]|this|{"chars":"0x4eae9ffa","inputString":"asdf  as;dfa{sd","outputString":"asdf "}|0x59736e9c
22:59:20.0 (8206164)|VARIABLE_ASSIGNMENT|[EXTERNAL]|value|"asdf  "
22:59:20.0 (8209551)|VARIABLE_ASSIGNMENT|[3]|this.outputString|"asdf  "|0x59736e9c
22:59:20.0 (8213262)|HEAP_ALLOCATE|[17]|Bytes:1
22:59:20.0 (8218046)|HEAP_ALLOCATE|[17]|Bytes:1
22:59:20.0 (8222181)|STATEMENT_EXECUTE|[17]
22:59:20.0 (8223463)|HEAP_ALLOCATE|[15]|Bytes:4
22:59:20.0 (8226239)|VARIABLE_ASSIGNMENT|[15]|i|6
22:59:20.0 (8231172)|STATEMENT_EXECUTE|[15]
22:59:20.0 (8232395)|STATEMENT_EXECUTE|[16]
22:59:20.0 (8242087)|VARIABLE_ASSIGNMENT|[EXTERNAL]|this|{"chars":"0x4eae9ffa","inputString":"asdf  as;dfa{sd","outputString":"asdf  "}|0x59736e9c
22:59:20.0 (8246414)|HEAP_ALLOCATE|[16]|Bytes:1
22:59:20.0 (8249365)|HEAP_ALLOCATE|[16]|Bytes:7
22:59:20.0 (8258352)|VARIABLE_ASSIGNMENT|[EXTERNAL]|this|{"chars":"0x4eae9ffa","inputString":"asdf  as;dfa{sd","outputString":"asdf  "}|0x59736e9c
22:59:20.0 (8261390)|VARIABLE_ASSIGNMENT|[EXTERNAL]|value|"asdf  a"
22:59:20.0 (8264407)|VARIABLE_ASSIGNMENT|[3]|this.outputString|"asdf  a"|0x59736e9c
22:59:20.0 (8268370)|HEAP_ALLOCATE|[17]|Bytes:1
22:59:20.0 (8272832)|HEAP_ALLOCATE|[17]|Bytes:1
22:59:20.0 (8276459)|STATEMENT_EXECUTE|[17]
22:59:20.0 (8277647)|HEAP_ALLOCATE|[15]|Bytes:4
22:59:20.0 (8280253)|VARIABLE_ASSIGNMENT|[15]|i|7
22:59:20.0 (8285143)|STATEMENT_EXECUTE|[15]
22:59:20.0 (8286020)|STATEMENT_EXECUTE|[16]
22:59:20.0 (8295156)|VARIABLE_ASSIGNMENT|[EXTERNAL]|this|{"chars":"0x4eae9ffa","inputString":"asdf  as;dfa{sd","outputString":"asdf  a"}|0x59736e9c
22:59:20.0 (8300843)|HEAP_ALLOCATE|[16]|Bytes:1
22:59:20.0 (8303393)|HEAP_ALLOCATE|[16]|Bytes:8
22:59:20.0 (8312462)|VARIABLE_ASSIGNMENT|[EXTERNAL]|this|{"chars":"0x4eae9ffa","inputString":"asdf  as;dfa{sd","outputString":"asdf  a"}|0x59736e9c
22:59:20.0 (8315195)|VARIABLE_ASSIGNMENT|[EXTERNAL]|value|"asdf  as"
22:59:20.0 (8318305)|VARIABLE_ASSIGNMENT|[3]|this.outputString|"asdf  as"|0x59736e9c
22:59:20.0 (8321790)|HEAP_ALLOCATE|[17]|Bytes:1
22:59:20.0 (8326388)|HEAP_ALLOCATE|[17]|Bytes:1
22:59:20.0 (8329875)|STATEMENT_EXECUTE|[17]
22:59:20.0 (8330975)|HEAP_ALLOCATE|[15]|Bytes:4
22:59:20.0 (8333669)|VARIABLE_ASSIGNMENT|[15]|i|8
22:59:20.0 (8338616)|STATEMENT_EXECUTE|[15]
22:59:20.0 (8339501)|STATEMENT_EXECUTE|[16]
22:59:20.0 (8348656)|VARIABLE_ASSIGNMENT|[EXTERNAL]|this|{"chars":"0x4eae9ffa","inputString":"asdf  as;dfa{sd","outputString":"asdf  as"}|0x59736e9c
22:59:20.0 (8353103)|HEAP_ALLOCATE|[16]|Bytes:1
22:59:20.0 (8355774)|HEAP_ALLOCATE|[16]|Bytes:9
22:59:20.0 (8364810)|VARIABLE_ASSIGNMENT|[EXTERNAL]|this|{"chars":"0x4eae9ffa","inputString":"asdf  as;dfa{sd","outputString":"asdf  as"}|0x59736e9c
22:59:20.0 (8368326)|VARIABLE_ASSIGNMENT|[EXTERNAL]|value|"asdf  as;"
22:59:20.0 (8371765)|VARIABLE_ASSIGNMENT|[3]|this.outputString|"asdf  as;"|0x59736e9c
22:59:20.0 (8375264)|HEAP_ALLOCATE|[17]|Bytes:1
22:59:20.0 (8380539)|STATEMENT_EXECUTE|[17]
22:59:20.0 (8381544)|STATEMENT_EXECUTE|[18]
22:59:20.0 (8393818)|METHOD_ENTRY|[18]|01p6A000003fOZX|IndentationCheckerController.addEnter()
22:59:20.0 (8405489)|VARIABLE_SCOPE_BEGIN|[27]|this|IndentationCheckerController|true|false
22:59:20.0 (8415245)|VARIABLE_ASSIGNMENT|[27]|this|{"chars":"0x4eae9ffa","inputString":"asdf  as;dfa{sd","outputString":"asdf  as;"}|0x59736e9c
22:59:20.0 (8418694)|STATEMENT_EXECUTE|[27]
22:59:20.0 (8419669)|STATEMENT_EXECUTE|[28]
22:59:20.0 (8433757)|VARIABLE_ASSIGNMENT|[EXTERNAL]|this|{"chars":"0x4eae9ffa","inputString":"asdf  as;dfa{sd","outputString":"asdf  as;"}|0x59736e9c
22:59:20.0 (8439133)|HEAP_ALLOCATE|[28]|Bytes:1
22:59:20.0 (8442900)|HEAP_ALLOCATE|[28]|Bytes:10
22:59:20.0 (8446438)|METHOD_EXIT|[18]|01p6A000003fOZX|IndentationCheckerController.addEnter()
22:59:20.0 (8457348)|VARIABLE_ASSIGNMENT|[EXTERNAL]|this|{"chars":"0x4eae9ffa","inputString":"asdf  as;dfa{sd","outputString":"asdf  as;"}|0x59736e9c
22:59:20.0 (8462054)|VARIABLE_ASSIGNMENT|[EXTERNAL]|value|"asdf  as;\n"
22:59:20.0 (8465707)|VARIABLE_ASSIGNMENT|[3]|this.outputString|"asdf  as;\n"|0x59736e9c
22:59:20.0 (8469366)|HEAP_ALLOCATE|[15]|Bytes:4
22:59:20.0 (8472349)|VARIABLE_ASSIGNMENT|[15]|i|9
22:59:20.0 (8478055)|STATEMENT_EXECUTE|[15]
22:59:20.0 (8479041)|STATEMENT_EXECUTE|[16]
22:59:20.0 (8488286)|VARIABLE_ASSIGNMENT|[EXTERNAL]|this|{"chars":"0x4eae9ffa","inputString":"asdf  as;dfa{sd","outputString":"asdf  as;\n"}|0x59736e9c
22:59:20.0 (8493036)|HEAP_ALLOCATE|[16]|Bytes:1
22:59:20.0 (8495673)|HEAP_ALLOCATE|[16]|Bytes:11
22:59:20.0 (8505106)|VARIABLE_ASSIGNMENT|[EXTERNAL]|this|{"chars":"0x4eae9ffa","inputString":"asdf  as;dfa{sd","outputString":"asdf  as;\n"}|0x59736e9c
22:59:20.0 (8508633)|VARIABLE_ASSIGNMENT|[EXTERNAL]|value|"asdf  as;\nd"
22:59:20.0 (8512122)|VARIABLE_ASSIGNMENT|[3]|this.outputString|"asdf  as;\nd"|0x59736e9c
22:59:20.0 (8515867)|HEAP_ALLOCATE|[17]|Bytes:1
22:59:20.0 (8521367)|HEAP_ALLOCATE|[17]|Bytes:1
22:59:20.0 (8525401)|STATEMENT_EXECUTE|[17]
22:59:20.0 (8526587)|HEAP_ALLOCATE|[15]|Bytes:4
22:59:20.0 (8529382)|VARIABLE_ASSIGNMENT|[15]|i|10
22:59:20.0 (8534981)|STATEMENT_EXECUTE|[15]
22:59:20.0 (8535954)|STATEMENT_EXECUTE|[16]
22:59:20.0 (8545677)|VARIABLE_ASSIGNMENT|[EXTERNAL]|this|{"chars":"0x4eae9ffa","inputString":"asdf  as;dfa{sd","outputString":"asdf  as;\nd"}|0x59736e9c
22:59:20.0 (8550405)|HEAP_ALLOCATE|[16]|Bytes:1
22:59:20.0 (8553068)|HEAP_ALLOCATE|[16]|Bytes:12
22:59:20.0 (8562596)|VARIABLE_ASSIGNMENT|[EXTERNAL]|this|{"chars":"0x4eae9ffa","inputString":"asdf  as;dfa{sd","outputString":"asdf  as;\nd"}|0x59736e9c
22:59:20.0 (8566014)|VARIABLE_ASSIGNMENT|[EXTERNAL]|value|"asdf  as;\ndf"
22:59:20.0 (8569761)|VARIABLE_ASSIGNMENT|[3]|this.outputString|"asdf  as;\ndf"|0x59736e9c
22:59:20.0 (8573290)|HEAP_ALLOCATE|[17]|Bytes:1
22:59:20.0 (8578446)|HEAP_ALLOCATE|[17]|Bytes:1
22:59:20.0 (8582002)|STATEMENT_EXECUTE|[17]
22:59:20.0 (8583530)|HEAP_ALLOCATE|[15]|Bytes:4
22:59:20.0 (8586238)|VARIABLE_ASSIGNMENT|[15]|i|11
22:59:20.0 (8591283)|STATEMENT_EXECUTE|[15]
22:59:20.0 (8592204)|STATEMENT_EXECUTE|[16]
22:59:20.0 (8602195)|VARIABLE_ASSIGNMENT|[EXTERNAL]|this|{"chars":"0x4eae9ffa","inputString":"asdf  as;dfa{sd","outputString":"asdf  as;\ndf"}|0x59736e9c
22:59:20.0 (8610684)|HEAP_ALLOCATE|[16]|Bytes:1
22:59:20.0 (8613575)|HEAP_ALLOCATE|[16]|Bytes:13
22:59:20.0 (8623609)|VARIABLE_ASSIGNMENT|[EXTERNAL]|this|{"chars":"0x4eae9ffa","inputString":"asdf  as;dfa{sd","outputString":"asdf  as;\ndf"}|0x59736e9c
22:59:20.0 (8626796)|VARIABLE_ASSIGNMENT|[EXTERNAL]|value|"asdf  as;\ndfa"
22:59:20.0 (8630665)|VARIABLE_ASSIGNMENT|[3]|this.outputString|"asdf  as;\ndfa"|0x59736e9c
22:59:20.0 (8634396)|HEAP_ALLOCATE|[17]|Bytes:1
22:59:20.0 (8639070)|HEAP_ALLOCATE|[17]|Bytes:1
22:59:20.0 (8643051)|STATEMENT_EXECUTE|[17]
22:59:20.0 (8644253)|HEAP_ALLOCATE|[15]|Bytes:4
22:59:20.0 (8647171)|VARIABLE_ASSIGNMENT|[15]|i|12
22:59:20.0 (8652518)|STATEMENT_EXECUTE|[15]
22:59:20.0 (8653744)|STATEMENT_EXECUTE|[16]
22:59:20.0 (8664141)|VARIABLE_ASSIGNMENT|[EXTERNAL]|this|{"chars":"0x4eae9ffa","inputString":"asdf  as;dfa{sd","outputString":"asdf  as;\ndfa"}|0x59736e9c
22:59:20.0 (8668753)|HEAP_ALLOCATE|[16]|Bytes:1
22:59:20.0 (8671365)|HEAP_ALLOCATE|[16]|Bytes:14
22:59:20.0 (8680443)|VARIABLE_ASSIGNMENT|[EXTERNAL]|this|{"chars":"0x4eae9ffa","inputString":"asdf  as;dfa{sd","outputString":"asdf  as;\ndfa"}|0x59736e9c
22:59:20.0 (8683945)|VARIABLE_ASSIGNMENT|[EXTERNAL]|value|"asdf  as;\ndfa{"
22:59:20.0 (8687460)|VARIABLE_ASSIGNMENT|[3]|this.outputString|"asdf  as;\ndfa{"|0x59736e9c
22:59:20.0 (8691016)|HEAP_ALLOCATE|[17]|Bytes:1
22:59:20.0 (8696043)|HEAP_ALLOCATE|[17]|Bytes:1
22:59:20.0 (8699950)|STATEMENT_EXECUTE|[17]
22:59:20.0 (8700830)|STATEMENT_EXECUTE|[18]
22:59:20.0 (8703586)|METHOD_ENTRY|[18]|01p6A000003fOZX|IndentationCheckerController.addEnter()
22:59:20.0 (8705808)|VARIABLE_SCOPE_BEGIN|[27]|this|IndentationCheckerController|true|false
22:59:20.0 (8714199)|VARIABLE_ASSIGNMENT|[27]|this|{"chars":"0x4eae9ffa","inputString":"asdf  as;dfa{sd","outputString":"asdf  as;\ndfa{"}|0x59736e9c
22:59:20.0 (8717348)|STATEMENT_EXECUTE|[27]
22:59:20.0 (8718457)|STATEMENT_EXECUTE|[28]
22:59:20.0 (8727186)|VARIABLE_ASSIGNMENT|[EXTERNAL]|this|{"chars":"0x4eae9ffa","inputString":"asdf  as;dfa{sd","outputString":"asdf  as;\ndfa{"}|0x59736e9c
22:59:20.0 (8732552)|HEAP_ALLOCATE|[28]|Bytes:15
22:59:20.0 (8735377)|METHOD_EXIT|[18]|01p6A000003fOZX|IndentationCheckerController.addEnter()
22:59:20.0 (8744961)|VARIABLE_ASSIGNMENT|[EXTERNAL]|this|{"chars":"0x4eae9ffa","inputString":"asdf  as;dfa{sd","outputString":"asdf  as;\ndfa{"}|0x59736e9c
22:59:20.0 (8748441)|VARIABLE_ASSIGNMENT|[EXTERNAL]|value|"asdf  as;\ndfa{\n"
22:59:20.0 (8752217)|VARIABLE_ASSIGNMENT|[3]|this.outputString|"asdf  as;\ndfa{\n"|0x59736e9c
22:59:20.0 (8755439)|HEAP_ALLOCATE|[15]|Bytes:4
22:59:20.0 (8758530)|VARIABLE_ASSIGNMENT|[15]|i|13
22:59:20.0 (8763962)|STATEMENT_EXECUTE|[15]
22:59:20.0 (8764870)|STATEMENT_EXECUTE|[16]
22:59:20.0 (8773974)|VARIABLE_ASSIGNMENT|[EXTERNAL]|this|{"chars":"0x4eae9ffa","inputString":"asdf  as;dfa{sd","outputString":"asdf  as;\ndfa{\n"}|0x59736e9c
22:59:20.0 (8778169)|HEAP_ALLOCATE|[16]|Bytes:1
22:59:20.0 (8781429)|HEAP_ALLOCATE|[16]|Bytes:16
22:59:20.0 (8790941)|VARIABLE_ASSIGNMENT|[EXTERNAL]|this|{"chars":"0x4eae9ffa","inputString":"asdf  as;dfa{sd","outputString":"asdf  as;\ndfa{\n"}|0x59736e9c
22:59:20.0 (8793982)|VARIABLE_ASSIGNMENT|[EXTERNAL]|value|"asdf  as;\ndfa{\ns"
22:59:20.0 (8797700)|VARIABLE_ASSIGNMENT|[3]|this.outputString|"asdf  as;\ndfa{\ns"|0x59736e9c
22:59:20.0 (8801176)|HEAP_ALLOCATE|[17]|Bytes:1
22:59:20.0 (8806277)|HEAP_ALLOCATE|[17]|Bytes:1
22:59:20.0 (8809913)|STATEMENT_EXECUTE|[17]
22:59:20.0 (8811078)|HEAP_ALLOCATE|[15]|Bytes:4
22:59:20.0 (8813909)|VARIABLE_ASSIGNMENT|[15]|i|14
22:59:20.0 (8818919)|STATEMENT_EXECUTE|[15]
22:59:20.0 (8819820)|STATEMENT_EXECUTE|[16]
22:59:20.0 (8829548)|VARIABLE_ASSIGNMENT|[EXTERNAL]|this|{"chars":"0x4eae9ffa","inputString":"asdf  as;dfa{sd","outputString":"asdf  as;\ndfa{\ns"}|0x59736e9c
22:59:20.0 (8833738)|HEAP_ALLOCATE|[16]|Bytes:1
22:59:20.0 (8836852)|HEAP_ALLOCATE|[16]|Bytes:17
22:59:20.0 (8846087)|VARIABLE_ASSIGNMENT|[EXTERNAL]|this|{"chars":"0x4eae9ffa","inputString":"asdf  as;dfa{sd","outputString":"asdf  as;\ndfa{\ns"}|0x59736e9c
22:59:20.0 (8849704)|VARIABLE_ASSIGNMENT|[EXTERNAL]|value|"asdf  as;\ndfa{\nsd"
22:59:20.0 (8853385)|VARIABLE_ASSIGNMENT|[3]|this.outputString|"asdf  as;\ndfa{\nsd"|0x59736e9c
22:59:20.0 (8856887)|HEAP_ALLOCATE|[17]|Bytes:1
22:59:20.0 (8861465)|HEAP_ALLOCATE|[17]|Bytes:1
22:59:20.0 (8865008)|STATEMENT_EXECUTE|[17]
22:59:20.0 (8866272)|HEAP_ALLOCATE|[15]|Bytes:4
22:59:20.0 (8868994)|VARIABLE_ASSIGNMENT|[15]|i|15
22:59:20.0 (8874813)|STATEMENT_EXECUTE|[25]
22:59:20.0 (10758610)|SYSTEM_MODE_ENTER|true
22:59:20.0 (11458510)|SYSTEM_MODE_ENTER|true
22:59:20.0 (11647761)|VF_SERIALIZE_VIEWSTATE_BEGIN|0666A000001DsPC
22:59:20.0 (12865585)|VF_SERIALIZE_VIEWSTATE_END
22:59:20.14 (14381339)|CUMULATIVE_LIMIT_USAGE
22:59:20.14 (14381339)|LIMIT_USAGE_FOR_NS|(default)|
  Number of SOQL queries: 0 out of 100
  Number of query rows: 0 out of 50000
  Number of SOSL queries: 0 out of 20
  Number of DML statements: 0 out of 150
  Number of DML rows: 0 out of 10000
  Maximum CPU time: 0 out of 10000
  Maximum heap size: 0 out of 6000000
  Number of callouts: 0 out of 100
  Number of Email Invocations: 0 out of 10
  Number of future calls: 0 out of 50
  Number of queueable jobs added to the queue: 0 out of 50
  Number of Mobile Apex push calls: 0 out of 10

22:59:20.14 (14381339)|CUMULATIVE_LIMIT_USAGE_END

22:59:20.0 (14411318)|CODE_UNIT_FINISHED|VF: /apex/IndentationChecker
22:59:20.0 (15109206)|EXECUTION_FINISHED
