39.0 APEX_CODE,FINEST;APEX_PROFILING,INFO;CALLOUT,INFO;DB,FINEST;SYSTEM,DEBUG;VALIDATION,INFO;VISUALFORCE,INFO;WAVE,INFO;WORKFLOW,NONE
02:15:05.0 (53116)|USER_INFO|[EXTERNAL]|0056A000000UMYo|suneelcando@gmail.com|Pacific Standard Time|GMT-07:00
02:15:05.0 (84728)|EXECUTION_STARTED
02:15:05.0 (89110)|CODE_UNIT_STARTED|[EXTERNAL]|0666A000001Dsje|VF: /apex/JSON2Apex
02:15:05.0 (207643)|VF_DESERIALIZE_VIEWSTATE_BEGIN|0666A000001Dsje
02:15:05.0 (5797216)|HEAP_ALLOCATE|[72]|Bytes:3
02:15:05.0 (5835637)|HEAP_ALLOCATE|[77]|Bytes:152
02:15:05.0 (5849615)|HEAP_ALLOCATE|[342]|Bytes:408
02:15:05.0 (5862465)|HEAP_ALLOCATE|[355]|Bytes:408
02:15:05.0 (5873994)|HEAP_ALLOCATE|[467]|Bytes:48
02:15:05.0 (5896793)|HEAP_ALLOCATE|[139]|Bytes:6
02:15:05.0 (7572519)|VF_DESERIALIZE_VIEWSTATE_END
02:15:05.0 (8444091)|HEAP_ALLOCATE|[EXTERNAL]|Bytes:108
02:15:05.0 (8455651)|HEAP_ALLOCATE|[EXTERNAL]|Bytes:5
02:15:05.0 (8459095)|HEAP_ALLOCATE|[EXTERNAL]|Bytes:3
02:15:05.0 (8470360)|METHOD_ENTRY|[1]|01p6A000003fQgy|JSON2ApexConverter.JSON2ApexConverter()
02:15:05.0 (8474451)|STATEMENT_EXECUTE|[1]
02:15:05.0 (8478582)|STATEMENT_EXECUTE|[1]
02:15:05.0 (8484037)|METHOD_EXIT|[1]|JSON2ApexConverter
02:15:05.0 (8493079)|HEAP_ALLOCATE|[EXTERNAL]|Bytes:16
02:15:05.0 (8499144)|VARIABLE_SCOPE_BEGIN|[5]|this|JSON2ApexConverter|true|false
02:15:05.0 (8564641)|VARIABLE_ASSIGNMENT|[5]|this|{"jsonString":"{ \"name\":\"John\", \"ag (32 more) ..."}|0x5a9d4634
02:15:05.0 (8572536)|STATEMENT_EXECUTE|[5]
02:15:05.0 (8573755)|STATEMENT_EXECUTE|[6]
02:15:05.0 (8579994)|HEAP_ALLOCATE|[6]|Bytes:8
02:15:05.0 (8616015)|HEAP_ALLOCATE|[50]|Bytes:5
02:15:05.0 (8637637)|HEAP_ALLOCATE|[56]|Bytes:5
02:15:05.0 (8643198)|HEAP_ALLOCATE|[64]|Bytes:7
02:15:05.0 (8728871)|HEAP_ALLOCATE|[6]|Bytes:27
02:15:05.0 (8735908)|SYSTEM_METHOD_ENTRY|[1]|Type.Type()
02:15:05.0 (8737856)|STATEMENT_EXECUTE|[1]
02:15:05.0 (8743351)|SYSTEM_METHOD_EXIT|[1]|Type
02:15:05.0 (8747242)|HEAP_ALLOCATE|[6]|Bytes:8
02:15:05.0 (8763990)|HEAP_ALLOCATE|[6]|Bytes:8
02:15:05.0 (8767100)|VARIABLE_SCOPE_BEGIN|[4]|this|System.Type|true|false
02:15:05.0 (8782012)|VARIABLE_ASSIGNMENT|[4]|this|{}|0x3d7fc26
02:15:05.0 (8784226)|VARIABLE_SCOPE_BEGIN|[4]|apextype|java:common.apex.runtime.ApexObjectType|true|false
02:15:05.0 (8903047)|VARIABLE_ASSIGNMENT|[4]|apextype|"Glossary"|0x55b57c5c
02:15:05.0 (8958305)|HEAP_ALLOCATE|[6]|Bytes:8
02:15:05.0 (8989352)|HEAP_ALLOCATE|[6]|Bytes:24
02:15:05.0 (8994996)|SYSTEM_METHOD_ENTRY|[1]|JSON.JSON()
02:15:05.0 (8996630)|STATEMENT_EXECUTE|[1]
02:15:05.0 (8999972)|SYSTEM_METHOD_EXIT|[1]|JSON
02:15:05.0 (9013731)|METHOD_ENTRY|[6]||System.JSON.deserialize(String, System.Type)
02:15:05.0 (9134961)|STATEMENT_EXECUTE|[1]
02:15:05.0 (9136812)|STATEMENT_EXECUTE|[5]
02:15:05.0 (9448418)|METHOD_EXIT|[6]||System.JSON.deserialize(String, System.Type)
02:15:05.0 (9481757)|VARIABLE_ASSIGNMENT|[EXTERNAL]|this|{"jsonString":"{ \"name\":\"John\", \"ag (32 more) ..."}|0x5a9d4634
02:15:05.0 (9495342)|VARIABLE_ASSIGNMENT|[EXTERNAL]|value|{"age":"30","billing":"0x3b65831a","name":"John"}|0x454c4fb6
02:15:05.0 (9501245)|VARIABLE_ASSIGNMENT|[3]|this.apexObj|0x454c4fb6|0x5a9d4634
02:15:05.0 (9505676)|STATEMENT_EXECUTE|[7]
02:15:05.0 (9508063)|HEAP_ALLOCATE|[7]|Bytes:8
02:15:05.0 (9535377)|VARIABLE_ASSIGNMENT|[EXTERNAL]|this|{"apexObj":"0x454c4fb6","jsonString":"{ \"name\":\"John\", \"ag (32 more) ..."}|0x5a9d4634
02:15:05.0 (9602091)|HEAP_ALLOCATE|[7]|Bytes:55
02:15:05.0 (9620014)|HEAP_ALLOCATE|[7]|Bytes:63
02:15:05.0 (9636081)|USER_DEBUG|[7]|DEBUG|apexObj:Glossary:[age=30, billing=Billing:[city=SF], name=John]
02:15:05.0 (9640770)|STATEMENT_EXECUTE|[8]
02:15:05.0 (9667998)|VARIABLE_ASSIGNMENT|[EXTERNAL]|this|{"apexObj":"0x454c4fb6","jsonString":"{ \"name\":\"John\", \"ag (32 more) ..."}|0x5a9d4634
02:15:05.0 (9689581)|VARIABLE_ASSIGNMENT|[EXTERNAL]|this|{"age":"30","billing":"0x3b65831a","name":"John"}|0x454c4fb6
02:15:05.0 (9705014)|HEAP_ALLOCATE|[8]|Bytes:17
02:15:05.0 (9712001)|HEAP_ALLOCATE|[8]|Bytes:25
02:15:05.0 (9717728)|USER_DEBUG|[8]|DEBUG|apexObj:Billing:[city=SF]
02:15:05.0 (9721264)|STATEMENT_EXECUTE|[9]
02:15:05.0 (9742751)|VARIABLE_ASSIGNMENT|[EXTERNAL]|this|{"apexObj":"0x454c4fb6","jsonString":"{ \"name\":\"John\", \"ag (32 more) ..."}|0x5a9d4634
02:15:05.0 (9752782)|METHOD_ENTRY|[9]||System.JSON.serialize(Object)
02:15:05.0 (9811535)|METHOD_EXIT|[9]||System.JSON.serialize(Object)
02:15:05.0 (9835270)|VARIABLE_ASSIGNMENT|[EXTERNAL]|this|{"apexObj":"0x454c4fb6","jsonString":"{ \"name\":\"John\", \"ag (32 more) ..."}|0x5a9d4634
02:15:05.0 (9841505)|VARIABLE_ASSIGNMENT|[EXTERNAL]|value|"{\"name\":\"John\",\"bill (30 more) ..."
02:15:05.0 (9847885)|VARIABLE_ASSIGNMENT|[4]|this.str|"{\"name\":\"John\",\"bill (30 more) ..."|0x5a9d4634
02:15:05.0 (9851917)|STATEMENT_EXECUTE|[10]
02:15:05.0 (21919856)|SYSTEM_MODE_ENTER|true
02:15:05.0 (22627394)|VF_SERIALIZE_VIEWSTATE_BEGIN|0666A000001Dsje
02:15:05.0 (23780206)|VF_SERIALIZE_VIEWSTATE_END
02:15:05.25 (25402996)|CUMULATIVE_LIMIT_USAGE
02:15:05.25 (25402996)|LIMIT_USAGE_FOR_NS|(default)|
  Number of SOQL queries: 0 out of 100
  Number of query rows: 0 out of 50000
  Number of SOSL queries: 0 out of 20
  Number of DML statements: 0 out of 150
  Number of DML rows: 0 out of 10000
  Maximum CPU time: 0 out of 10000
  Maximum heap size: 0 out of 6000000
  Number of callouts: 0 out of 100
  Number of Email Invocations: 0 out of 10
  Number of future calls: 0 out of 50
  Number of queueable jobs added to the queue: 0 out of 50
  Number of Mobile Apex push calls: 0 out of 10

02:15:05.25 (25402996)|CUMULATIVE_LIMIT_USAGE_END

02:15:05.0 (25436727)|CODE_UNIT_FINISHED|VF: /apex/JSON2Apex
02:15:05.0 (26165304)|EXECUTION_FINISHED
