39.0 APEX_CODE,FINEST;APEX_PROFILING,INFO;CALLOUT,INFO;DB,FINEST;SYSTEM,DEBUG;VALIDATION,INFO;VISUALFORCE,INFO;WAVE,INFO;WORKFLOW,NONE
22:55:42.0 (267414)|USER_INFO|[EXTERNAL]|0056A000000UMYo|suneelcando@gmail.com|Pacific Standard Time|GMT-07:00
22:55:42.0 (301258)|EXECUTION_STARTED
22:55:42.0 (305359)|CODE_UNIT_STARTED|[EXTERNAL]|0666A000001DsPC|VF: /apex/IndentationChecker
22:55:42.0 (17884556)|SYSTEM_MODE_ENTER|true
22:55:42.0 (18220224)|HEAP_ALLOCATE|[72]|Bytes:3
22:55:42.0 (18256670)|HEAP_ALLOCATE|[77]|Bytes:152
22:55:42.0 (18268622)|HEAP_ALLOCATE|[342]|Bytes:408
22:55:42.0 (18280995)|HEAP_ALLOCATE|[355]|Bytes:408
22:55:42.0 (18292632)|HEAP_ALLOCATE|[467]|Bytes:48
22:55:42.0 (18317100)|HEAP_ALLOCATE|[139]|Bytes:6
22:55:42.0 (18329214)|HEAP_ALLOCATE|[EXTERNAL]|Bytes:112
22:55:42.0 (18332430)|HEAP_ALLOCATE|[EXTERNAL]|Bytes:11
22:55:42.0 (18339259)|METHOD_ENTRY|[1]|01p6A000003fOZX|IndentationCheckerController.IndentationCheckerController()
22:55:42.0 (18342808)|STATEMENT_EXECUTE|[1]
22:55:42.0 (18346341)|STATEMENT_EXECUTE|[1]
22:55:42.0 (18349859)|METHOD_EXIT|[1]|IndentationCheckerController
22:55:42.0 (18388363)|HEAP_ALLOCATE|[EXTERNAL]|Bytes:16
22:55:42.0 (18394409)|VARIABLE_SCOPE_BEGIN|[5]|this|IndentationCheckerController|true|false
22:55:42.0 (18444416)|VARIABLE_ASSIGNMENT|[5]|this|{}|0x7cf15974
22:55:42.0 (18450149)|STATEMENT_EXECUTE|[1]
22:55:42.0 (18451271)|STATEMENT_EXECUTE|[2]
22:55:42.0 (18452548)|STATEMENT_EXECUTE|[3]
22:55:42.0 (18453319)|STATEMENT_EXECUTE|[4]
22:55:42.0 (18459126)|HEAP_ALLOCATE|[6]|Bytes:6
22:55:42.0 (18493832)|STATEMENT_EXECUTE|[5]
22:55:42.0 (18495423)|STATEMENT_EXECUTE|[6]
22:55:42.0 (18497619)|HEAP_ALLOCATE|[6]|Bytes:13
22:55:42.0 (18555682)|VARIABLE_ASSIGNMENT|[EXTERNAL]|this|{}|0x7cf15974
22:55:42.0 (18564646)|VARIABLE_ASSIGNMENT|[EXTERNAL]|value|"asdfas;dfa{sd"
22:55:42.0 (18575054)|VARIABLE_ASSIGNMENT|[2]|this.inputString|"asdfas;dfa{sd"|0x7cf15974
22:55:42.0 (18581614)|STATEMENT_EXECUTE|[7]
22:55:42.0 (18587844)|HEAP_ALLOCATE|[7]|Bytes:4
22:55:42.0 (18638325)|HEAP_ALLOCATE|[EXTERNAL]|Bytes:4
22:55:42.0 (18646608)|VARIABLE_ASSIGNMENT|[7]|this.chars|[]|0x7cf15974
22:55:42.0 (18648310)|STATEMENT_EXECUTE|[8]
22:55:42.0 (18674946)|VARIABLE_ASSIGNMENT|[EXTERNAL]|this|{"chars":"0x5b96cc37","inputString":"asdfas;dfa{sd"}|0x7cf15974
22:55:42.0 (18715143)|HEAP_ALLOCATE|[8]|Bytes:1
22:55:42.0 (18718424)|HEAP_ALLOCATE|[8]|Bytes:1
22:55:42.0 (18719549)|HEAP_ALLOCATE|[8]|Bytes:1
22:55:42.0 (18720718)|HEAP_ALLOCATE|[8]|Bytes:1
22:55:42.0 (18721771)|HEAP_ALLOCATE|[8]|Bytes:1
22:55:42.0 (18722819)|HEAP_ALLOCATE|[8]|Bytes:1
22:55:42.0 (18723872)|HEAP_ALLOCATE|[8]|Bytes:1
22:55:42.0 (18725330)|HEAP_ALLOCATE|[8]|Bytes:1
22:55:42.0 (18726406)|HEAP_ALLOCATE|[8]|Bytes:1
22:55:42.0 (18727474)|HEAP_ALLOCATE|[8]|Bytes:1
22:55:42.0 (18728527)|HEAP_ALLOCATE|[8]|Bytes:1
22:55:42.0 (18729864)|HEAP_ALLOCATE|[8]|Bytes:1
22:55:42.0 (18730920)|HEAP_ALLOCATE|[8]|Bytes:1
22:55:42.0 (18732483)|HEAP_ALLOCATE|[8]|Bytes:56
22:55:42.0 (18746832)|HEAP_ALLOCATE|[EXTERNAL]|Bytes:56
22:55:42.0 (18754388)|VARIABLE_ASSIGNMENT|[8]|this.chars|"List of size 13 too large to display"|0x7cf15974
22:55:42.0 (24294490)|SYSTEM_MODE_ENTER|true
22:55:42.0 (24645808)|SYSTEM_MODE_ENTER|true
22:55:42.0 (25316415)|VF_SERIALIZE_VIEWSTATE_BEGIN|0666A000001DsPC
22:55:42.0 (27365331)|VF_SERIALIZE_VIEWSTATE_END
22:55:42.29 (29104114)|CUMULATIVE_LIMIT_USAGE
22:55:42.29 (29104114)|LIMIT_USAGE_FOR_NS|(default)|
  Number of SOQL queries: 0 out of 100
  Number of query rows: 0 out of 50000
  Number of SOSL queries: 0 out of 20
  Number of DML statements: 0 out of 150
  Number of DML rows: 0 out of 10000
  Maximum CPU time: 0 out of 10000
  Maximum heap size: 0 out of 6000000
  Number of callouts: 0 out of 100
  Number of Email Invocations: 0 out of 10
  Number of future calls: 0 out of 50
  Number of queueable jobs added to the queue: 0 out of 50
  Number of Mobile Apex push calls: 0 out of 10

22:55:42.29 (29104114)|CUMULATIVE_LIMIT_USAGE_END

22:55:42.0 (29134585)|CODE_UNIT_FINISHED|VF: /apex/IndentationChecker
22:55:42.0 (29831654)|EXECUTION_FINISHED
