39.0 APEX_CODE,FINEST;APEX_PROFILING,INFO;CALLOUT,INFO;DB,FINEST;SYSTEM,DEBUG;VALIDATION,INFO;VISUALFORCE,INFO;WAVE,INFO;WORKFLOW,NONE
02:13:40.0 (248636)|USER_INFO|[EXTERNAL]|0056A000000UMYo|suneelcando@gmail.com|Pacific Standard Time|GMT-07:00
02:13:40.0 (278368)|EXECUTION_STARTED
02:13:40.0 (282151)|CODE_UNIT_STARTED|[EXTERNAL]|0666A000001Dsje|VF: /apex/JSON2Apex
02:13:40.0 (28887578)|SYSTEM_MODE_ENTER|true
02:13:40.0 (29333292)|HEAP_ALLOCATE|[72]|Bytes:3
02:13:40.0 (29402461)|HEAP_ALLOCATE|[77]|Bytes:152
02:13:40.0 (29415321)|HEAP_ALLOCATE|[342]|Bytes:408
02:13:40.0 (29428348)|HEAP_ALLOCATE|[355]|Bytes:408
02:13:40.0 (29440253)|HEAP_ALLOCATE|[467]|Bytes:48
02:13:40.0 (29492113)|HEAP_ALLOCATE|[139]|Bytes:6
02:13:40.0 (29505297)|HEAP_ALLOCATE|[EXTERNAL]|Bytes:108
02:13:40.0 (29521625)|HEAP_ALLOCATE|[EXTERNAL]|Bytes:5
02:13:40.0 (29524069)|HEAP_ALLOCATE|[EXTERNAL]|Bytes:3
02:13:40.0 (29543996)|METHOD_ENTRY|[1]|01p6A000003fQgy|JSON2ApexConverter.JSON2ApexConverter()
02:13:40.0 (29547608)|STATEMENT_EXECUTE|[1]
02:13:40.0 (29552262)|STATEMENT_EXECUTE|[1]
02:13:40.0 (29566070)|METHOD_EXIT|[1]|JSON2ApexConverter
02:13:40.0 (32761378)|HEAP_ALLOCATE|[EXTERNAL]|Bytes:16
02:13:40.0 (32770074)|VARIABLE_SCOPE_BEGIN|[1]|this|JSON2ApexConverter|true|false
02:13:40.0 (32891574)|VARIABLE_ASSIGNMENT|[1]|this|{}|0x2ab5ff7e
02:13:40.0 (32904505)|HEAP_ALLOCATE|[2]|Bytes:6
02:13:40.0 (32946750)|STATEMENT_EXECUTE|[1]
02:13:40.0 (32948502)|STATEMENT_EXECUTE|[2]
02:13:40.0 (32951306)|HEAP_ALLOCATE|[2]|Bytes:52
02:13:40.0 (32970769)|VARIABLE_ASSIGNMENT|[2]|this.jsonString|"{ \"name\":\"John\", \"ag (32 more) ..."|0x2ab5ff7e
02:13:40.0 (32972685)|STATEMENT_EXECUTE|[3]
02:13:40.0 (32973718)|STATEMENT_EXECUTE|[4]
02:13:40.0 (43495098)|SYSTEM_MODE_ENTER|true
02:13:40.0 (44186018)|VF_SERIALIZE_VIEWSTATE_BEGIN|0666A000001Dsje
02:13:40.0 (46106784)|VF_SERIALIZE_VIEWSTATE_END
02:13:40.47 (47949424)|CUMULATIVE_LIMIT_USAGE
02:13:40.47 (47949424)|LIMIT_USAGE_FOR_NS|(default)|
  Number of SOQL queries: 0 out of 100
  Number of query rows: 0 out of 50000
  Number of SOSL queries: 0 out of 20
  Number of DML statements: 0 out of 150
  Number of DML rows: 0 out of 10000
  Maximum CPU time: 0 out of 10000
  Maximum heap size: 0 out of 6000000
  Number of callouts: 0 out of 100
  Number of Email Invocations: 0 out of 10
  Number of future calls: 0 out of 50
  Number of queueable jobs added to the queue: 0 out of 50
  Number of Mobile Apex push calls: 0 out of 10

02:13:40.47 (47949424)|CUMULATIVE_LIMIT_USAGE_END

02:13:40.0 (47976064)|CODE_UNIT_FINISHED|VF: /apex/JSON2Apex
02:13:40.0 (48698129)|EXECUTION_FINISHED
