39.0 APEX_CODE,FINEST;APEX_PROFILING,INFO;CALLOUT,INFO;DB,FINEST;SYSTEM,DEBUG;VALIDATION,INFO;VISUALFORCE,INFO;WAVE,INFO;WORKFLOW,NONE
23:37:17.0 (278367)|USER_INFO|[EXTERNAL]|0056A000000UMYo|suneelcando@gmail.com|Pacific Standard Time|GMT-07:00
23:37:17.0 (302420)|EXECUTION_STARTED
23:37:17.0 (306256)|CODE_UNIT_STARTED|[EXTERNAL]|0666A000001DsPC|VF: /apex/IndentationChecker
23:37:17.0 (19168553)|SYSTEM_MODE_ENTER|true
23:37:17.0 (19501066)|HEAP_ALLOCATE|[72]|Bytes:3
23:37:17.0 (19537931)|HEAP_ALLOCATE|[77]|Bytes:152
23:37:17.0 (19549637)|HEAP_ALLOCATE|[342]|Bytes:408
23:37:17.0 (19562771)|HEAP_ALLOCATE|[355]|Bytes:408
23:37:17.0 (19574000)|HEAP_ALLOCATE|[467]|Bytes:48
23:37:17.0 (19598137)|HEAP_ALLOCATE|[139]|Bytes:6
23:37:17.0 (19609167)|HEAP_ALLOCATE|[EXTERNAL]|Bytes:112
23:37:17.0 (19612284)|HEAP_ALLOCATE|[EXTERNAL]|Bytes:11
23:37:17.0 (19620283)|METHOD_ENTRY|[1]|01p6A000003fOZX|IndentationCheckerController.IndentationCheckerController()
23:37:17.0 (19623870)|STATEMENT_EXECUTE|[1]
23:37:17.0 (19627436)|STATEMENT_EXECUTE|[1]
23:37:17.0 (19630481)|METHOD_EXIT|[1]|IndentationCheckerController
23:37:17.0 (19670645)|HEAP_ALLOCATE|[EXTERNAL]|Bytes:16
23:37:17.0 (19676960)|VARIABLE_SCOPE_BEGIN|[5]|this|IndentationCheckerController|true|false
23:37:17.0 (19730431)|VARIABLE_ASSIGNMENT|[5]|this|{}|0x17df1676
23:37:17.0 (19735554)|STATEMENT_EXECUTE|[1]
23:37:17.0 (19736672)|STATEMENT_EXECUTE|[2]
23:37:17.0 (19737979)|STATEMENT_EXECUTE|[3]
23:37:17.0 (19738752)|STATEMENT_EXECUTE|[4]
23:37:17.0 (19745142)|HEAP_ALLOCATE|[6]|Bytes:6
23:37:17.0 (19783465)|STATEMENT_EXECUTE|[5]
23:37:17.0 (19785106)|STATEMENT_EXECUTE|[6]
23:37:17.0 (19787105)|HEAP_ALLOCATE|[6]|Bytes:16
23:37:17.0 (19842875)|VARIABLE_ASSIGNMENT|[EXTERNAL]|this|{}|0x17df1676
23:37:17.0 (19853057)|VARIABLE_ASSIGNMENT|[EXTERNAL]|value|"asdf  a\ts;dfa{sd"
23:37:17.0 (19862285)|VARIABLE_ASSIGNMENT|[2]|this.inputString|"asdf  a\ts;dfa{sd"|0x17df1676
23:37:17.0 (19869868)|STATEMENT_EXECUTE|[7]
23:37:17.0 (19891844)|VARIABLE_ASSIGNMENT|[EXTERNAL]|this|{"inputString":"asdf  a\ts;dfa{sd"}|0x17df1676
23:37:17.0 (19900217)|HEAP_ALLOCATE|[7]|Bytes:3
23:37:17.0 (19902745)|HEAP_ALLOCATE|[7]|Bytes:1
23:37:17.0 (19933732)|HEAP_ALLOCATE|[7]|Bytes:15
23:37:17.0 (19952252)|VARIABLE_ASSIGNMENT|[EXTERNAL]|this|{"inputString":"asdf  a\ts;dfa{sd"}|0x17df1676
23:37:17.0 (19955465)|VARIABLE_ASSIGNMENT|[EXTERNAL]|value|"asdf a s;dfa{sd"
23:37:17.0 (19959671)|VARIABLE_ASSIGNMENT|[2]|this.inputString|"asdf a s;dfa{sd"|0x17df1676
23:37:17.0 (19963096)|STATEMENT_EXECUTE|[8]
23:37:17.0 (19969538)|HEAP_ALLOCATE|[8]|Bytes:4
23:37:17.0 (20023236)|HEAP_ALLOCATE|[EXTERNAL]|Bytes:4
23:37:17.0 (20032348)|VARIABLE_ASSIGNMENT|[8]|this.chars|[]|0x17df1676
23:37:17.0 (20034651)|STATEMENT_EXECUTE|[9]
23:37:17.0 (20055982)|VARIABLE_ASSIGNMENT|[EXTERNAL]|this|{"chars":"0x672b61cb","inputString":"asdf a s;dfa{sd"}|0x17df1676
23:37:17.0 (20085973)|HEAP_ALLOCATE|[9]|Bytes:1
23:37:17.0 (20088257)|HEAP_ALLOCATE|[9]|Bytes:1
23:37:17.0 (20089401)|HEAP_ALLOCATE|[9]|Bytes:1
23:37:17.0 (20090516)|HEAP_ALLOCATE|[9]|Bytes:1
23:37:17.0 (20091614)|HEAP_ALLOCATE|[9]|Bytes:1
23:37:17.0 (20092691)|HEAP_ALLOCATE|[9]|Bytes:1
23:37:17.0 (20093742)|HEAP_ALLOCATE|[9]|Bytes:1
23:37:17.0 (20094786)|HEAP_ALLOCATE|[9]|Bytes:1
23:37:17.0 (20096098)|HEAP_ALLOCATE|[9]|Bytes:1
23:37:17.0 (20097165)|HEAP_ALLOCATE|[9]|Bytes:1
23:37:17.0 (20098245)|HEAP_ALLOCATE|[9]|Bytes:1
23:37:17.0 (20099380)|HEAP_ALLOCATE|[9]|Bytes:1
23:37:17.0 (20100698)|HEAP_ALLOCATE|[9]|Bytes:1
23:37:17.0 (20101788)|HEAP_ALLOCATE|[9]|Bytes:1
23:37:17.0 (20102890)|HEAP_ALLOCATE|[9]|Bytes:1
23:37:17.0 (20105035)|HEAP_ALLOCATE|[9]|Bytes:64
23:37:17.0 (20121400)|HEAP_ALLOCATE|[EXTERNAL]|Bytes:64
23:37:17.0 (20128301)|VARIABLE_ASSIGNMENT|[9]|this.chars|"List of size 15 too large to display"|0x17df1676
23:37:17.0 (20130262)|STATEMENT_EXECUTE|[10]
23:37:17.0 (20160657)|VARIABLE_ASSIGNMENT|[EXTERNAL]|this|{"chars":"0x22b3251","inputString":"asdf a s;dfa{sd"}|0x17df1676
23:37:17.0 (20164772)|VARIABLE_ASSIGNMENT|[EXTERNAL]|value|""
23:37:17.0 (20169421)|VARIABLE_ASSIGNMENT|[3]|this.outputString|""|0x17df1676
23:37:17.0 (25504982)|SYSTEM_MODE_ENTER|true
23:37:17.0 (25845148)|SYSTEM_MODE_ENTER|true
23:37:17.0 (26508243)|VF_SERIALIZE_VIEWSTATE_BEGIN|0666A000001DsPC
23:37:17.0 (32535471)|VF_SERIALIZE_VIEWSTATE_END
23:37:17.34 (34337489)|CUMULATIVE_LIMIT_USAGE
23:37:17.34 (34337489)|LIMIT_USAGE_FOR_NS|(default)|
  Number of SOQL queries: 0 out of 100
  Number of query rows: 0 out of 50000
  Number of SOSL queries: 0 out of 20
  Number of DML statements: 0 out of 150
  Number of DML rows: 0 out of 10000
  Maximum CPU time: 0 out of 10000
  Maximum heap size: 0 out of 6000000
  Number of callouts: 0 out of 100
  Number of Email Invocations: 0 out of 10
  Number of future calls: 0 out of 50
  Number of queueable jobs added to the queue: 0 out of 50
  Number of Mobile Apex push calls: 0 out of 10

23:37:17.34 (34337489)|CUMULATIVE_LIMIT_USAGE_END

23:37:17.0 (34368789)|CODE_UNIT_FINISHED|VF: /apex/IndentationChecker
23:37:17.0 (35086001)|EXECUTION_FINISHED
