39.0 APEX_CODE,FINEST;APEX_PROFILING,INFO;CALLOUT,INFO;DB,FINEST;SYSTEM,DEBUG;VALIDATION,INFO;VISUALFORCE,INFO;WAVE,INFO;WORKFLOW,NONE
02:21:18.0 (59325)|USER_INFO|[EXTERNAL]|0056A000000UMYo|suneelcando@gmail.com|Pacific Standard Time|GMT-07:00
02:21:18.0 (90635)|EXECUTION_STARTED
02:21:18.0 (94843)|CODE_UNIT_STARTED|[EXTERNAL]|0666A000001Dsje|VF: /apex/JSON2Apex
02:21:18.0 (31589542)|SYSTEM_MODE_ENTER|true
02:21:18.0 (31888155)|HEAP_ALLOCATE|[72]|Bytes:3
02:21:18.0 (31922077)|HEAP_ALLOCATE|[77]|Bytes:152
02:21:18.0 (31933668)|HEAP_ALLOCATE|[342]|Bytes:408
02:21:18.0 (31946485)|HEAP_ALLOCATE|[355]|Bytes:408
02:21:18.0 (31957623)|HEAP_ALLOCATE|[467]|Bytes:48
02:21:18.0 (31982112)|HEAP_ALLOCATE|[139]|Bytes:6
02:21:18.0 (31992781)|HEAP_ALLOCATE|[EXTERNAL]|Bytes:108
02:21:18.0 (31996318)|HEAP_ALLOCATE|[EXTERNAL]|Bytes:5
02:21:18.0 (31998325)|HEAP_ALLOCATE|[EXTERNAL]|Bytes:3
02:21:18.0 (32005288)|METHOD_ENTRY|[1]|01p6A000003fQgy|JSON2ApexConverter.JSON2ApexConverter()
02:21:18.0 (32009243)|STATEMENT_EXECUTE|[1]
02:21:18.0 (32013485)|STATEMENT_EXECUTE|[1]
02:21:18.0 (32016963)|METHOD_EXIT|[1]|JSON2ApexConverter
02:21:18.0 (34944052)|HEAP_ALLOCATE|[EXTERNAL]|Bytes:16
02:21:18.0 (34953206)|VARIABLE_SCOPE_BEGIN|[1]|this|JSON2ApexConverter|true|false
02:21:18.0 (35003568)|VARIABLE_ASSIGNMENT|[1]|this|{}|0x2d734504
02:21:18.0 (35014740)|HEAP_ALLOCATE|[2]|Bytes:6
02:21:18.0 (35053779)|STATEMENT_EXECUTE|[1]
02:21:18.0 (35055375)|STATEMENT_EXECUTE|[2]
02:21:18.0 (35057986)|HEAP_ALLOCATE|[2]|Bytes:72
02:21:18.0 (35076404)|VARIABLE_ASSIGNMENT|[2]|this.jsonString|"{ \"name\":\"John\", \"ag (52 more) ..."|0x2d734504
02:21:18.0 (35078367)|STATEMENT_EXECUTE|[3]
02:21:18.0 (35079431)|STATEMENT_EXECUTE|[4]
02:21:18.0 (41628859)|SYSTEM_MODE_ENTER|true
02:21:18.0 (42288082)|VF_SERIALIZE_VIEWSTATE_BEGIN|0666A000001Dsje
02:21:18.0 (44181040)|VF_SERIALIZE_VIEWSTATE_END
02:21:18.45 (45927730)|CUMULATIVE_LIMIT_USAGE
02:21:18.45 (45927730)|LIMIT_USAGE_FOR_NS|(default)|
  Number of SOQL queries: 0 out of 100
  Number of query rows: 0 out of 50000
  Number of SOSL queries: 0 out of 20
  Number of DML statements: 0 out of 150
  Number of DML rows: 0 out of 10000
  Maximum CPU time: 0 out of 10000
  Maximum heap size: 0 out of 6000000
  Number of callouts: 0 out of 100
  Number of Email Invocations: 0 out of 10
  Number of future calls: 0 out of 50
  Number of queueable jobs added to the queue: 0 out of 50
  Number of Mobile Apex push calls: 0 out of 10

02:21:18.45 (45927730)|CUMULATIVE_LIMIT_USAGE_END

02:21:18.0 (45959045)|CODE_UNIT_FINISHED|VF: /apex/JSON2Apex
02:21:18.0 (46660867)|EXECUTION_FINISHED
