39.0 APEX_CODE,FINEST;APEX_PROFILING,INFO;CALLOUT,INFO;DB,FINEST;SYSTEM,DEBUG;VALIDATION,INFO;VISUALFORCE,INFO;WAVE,INFO;WORKFLOW,NONE
02:21:23.0 (231956)|USER_INFO|[EXTERNAL]|0056A000000UMYo|suneelcando@gmail.com|Pacific Standard Time|GMT-07:00
02:21:23.0 (255295)|EXECUTION_STARTED
02:21:23.0 (258105)|CODE_UNIT_STARTED|[EXTERNAL]|0666A000001Dsje|VF: /apex/JSON2Apex
02:21:23.0 (642736)|VF_DESERIALIZE_VIEWSTATE_BEGIN|0666A000001Dsje
02:21:23.0 (5087672)|HEAP_ALLOCATE|[72]|Bytes:3
02:21:23.0 (5121985)|HEAP_ALLOCATE|[77]|Bytes:152
02:21:23.0 (5133922)|HEAP_ALLOCATE|[342]|Bytes:408
02:21:23.0 (5146903)|HEAP_ALLOCATE|[355]|Bytes:408
02:21:23.0 (5158806)|HEAP_ALLOCATE|[467]|Bytes:48
02:21:23.0 (5181724)|HEAP_ALLOCATE|[139]|Bytes:6
02:21:23.0 (6720299)|VF_DESERIALIZE_VIEWSTATE_END
02:21:23.0 (7414029)|HEAP_ALLOCATE|[EXTERNAL]|Bytes:108
02:21:23.0 (7420289)|HEAP_ALLOCATE|[EXTERNAL]|Bytes:5
02:21:23.0 (7422798)|HEAP_ALLOCATE|[EXTERNAL]|Bytes:3
02:21:23.0 (7429621)|METHOD_ENTRY|[1]|01p6A000003fQgy|JSON2ApexConverter.JSON2ApexConverter()
02:21:23.0 (7432802)|STATEMENT_EXECUTE|[1]
02:21:23.0 (7436844)|STATEMENT_EXECUTE|[1]
02:21:23.0 (7441151)|METHOD_EXIT|[1]|JSON2ApexConverter
02:21:23.0 (7449214)|HEAP_ALLOCATE|[EXTERNAL]|Bytes:16
02:21:23.0 (7455204)|VARIABLE_SCOPE_BEGIN|[5]|this|JSON2ApexConverter|true|false
02:21:23.0 (7507955)|VARIABLE_ASSIGNMENT|[5]|this|{"jsonString":"{ \"name\":\"John\", \"ag (52 more) ..."}|0x2f467109
02:21:23.0 (7515786)|STATEMENT_EXECUTE|[5]
02:21:23.0 (7516867)|STATEMENT_EXECUTE|[6]
02:21:23.0 (7522720)|HEAP_ALLOCATE|[6]|Bytes:8
02:21:23.0 (7551633)|HEAP_ALLOCATE|[50]|Bytes:5
02:21:23.0 (7569578)|HEAP_ALLOCATE|[56]|Bytes:5
02:21:23.0 (7574649)|HEAP_ALLOCATE|[64]|Bytes:7
02:21:23.0 (7641921)|HEAP_ALLOCATE|[6]|Bytes:27
02:21:23.0 (7647539)|SYSTEM_METHOD_ENTRY|[1]|Type.Type()
02:21:23.0 (7649515)|STATEMENT_EXECUTE|[1]
02:21:23.0 (7654565)|SYSTEM_METHOD_EXIT|[1]|Type
02:21:23.0 (7658069)|HEAP_ALLOCATE|[6]|Bytes:8
02:21:23.0 (7672171)|HEAP_ALLOCATE|[6]|Bytes:8
02:21:23.0 (7675270)|VARIABLE_SCOPE_BEGIN|[4]|this|System.Type|true|false
02:21:23.0 (7689230)|VARIABLE_ASSIGNMENT|[4]|this|{}|0x4afcf313
02:21:23.0 (7691335)|VARIABLE_SCOPE_BEGIN|[4]|apextype|java:common.apex.runtime.ApexObjectType|true|false
02:21:23.0 (7794645)|VARIABLE_ASSIGNMENT|[4]|apextype|"Glossary"|0x1fe87dbe
02:21:23.0 (7841701)|HEAP_ALLOCATE|[6]|Bytes:8
02:21:23.0 (7868213)|HEAP_ALLOCATE|[6]|Bytes:24
02:21:23.0 (7872207)|SYSTEM_METHOD_ENTRY|[1]|JSON.JSON()
02:21:23.0 (7873646)|STATEMENT_EXECUTE|[1]
02:21:23.0 (7876375)|SYSTEM_METHOD_EXIT|[1]|JSON
02:21:23.0 (7891249)|METHOD_ENTRY|[6]||System.JSON.deserialize(String, System.Type)
02:21:23.0 (7991074)|STATEMENT_EXECUTE|[1]
02:21:23.0 (7993043)|STATEMENT_EXECUTE|[5]
02:21:23.0 (15331463)|STATEMENT_EXECUTE|[1]
02:21:23.0 (15385641)|METHOD_EXIT|[6]||System.JSON.deserialize(String, System.Type)
02:21:23.0 (15419719)|VARIABLE_ASSIGNMENT|[EXTERNAL]|this|{"jsonString":"{ \"name\":\"John\", \"ag (52 more) ..."}|0x2f467109
02:21:23.0 (15433039)|VARIABLE_ASSIGNMENT|[EXTERNAL]|value|{"age":"30","billing":"0x1db0bf6f","name":"John"}|0x63baa827
02:21:23.0 (15438937)|VARIABLE_ASSIGNMENT|[3]|this.apexObj|0x63baa827|0x2f467109
02:21:23.0 (15443694)|STATEMENT_EXECUTE|[7]
02:21:23.0 (15446715)|HEAP_ALLOCATE|[7]|Bytes:8
02:21:23.0 (15474466)|VARIABLE_ASSIGNMENT|[EXTERNAL]|this|{"apexObj":"0x63baa827","jsonString":"{ \"name\":\"John\", \"ag (52 more) ..."}|0x2f467109
02:21:23.0 (15540851)|HEAP_ALLOCATE|[7]|Bytes:69
02:21:23.0 (15554893)|HEAP_ALLOCATE|[7]|Bytes:77
02:21:23.0 (15568581)|USER_DEBUG|[7]|DEBUG|apexObj:Glossary:[age=30, billing=XYZ:[agh=YX:[flat=5H], city=SF], name=John]
02:21:23.0 (15573209)|STATEMENT_EXECUTE|[8]
02:21:23.0 (15594749)|VARIABLE_ASSIGNMENT|[EXTERNAL]|this|{"apexObj":"0x63baa827","jsonString":"{ \"name\":\"John\", \"ag (52 more) ..."}|0x2f467109
02:21:23.0 (15613664)|VARIABLE_ASSIGNMENT|[EXTERNAL]|this|{"age":"30","billing":"0x1db0bf6f","name":"John"}|0x63baa827
02:21:23.0 (15633145)|HEAP_ALLOCATE|[8]|Bytes:31
02:21:23.0 (15640159)|HEAP_ALLOCATE|[8]|Bytes:39
02:21:23.0 (15645780)|USER_DEBUG|[8]|DEBUG|apexObj:XYZ:[agh=YX:[flat=5H], city=SF]
02:21:23.0 (15649118)|STATEMENT_EXECUTE|[9]
02:21:23.0 (15666268)|VARIABLE_ASSIGNMENT|[EXTERNAL]|this|{"apexObj":"0x63baa827","jsonString":"{ \"name\":\"John\", \"ag (52 more) ..."}|0x2f467109
02:21:23.0 (15674591)|METHOD_ENTRY|[9]||System.JSON.serialize(Object)
02:21:23.0 (15731020)|METHOD_EXIT|[9]||System.JSON.serialize(Object)
02:21:23.0 (15754540)|VARIABLE_ASSIGNMENT|[EXTERNAL]|this|{"apexObj":"0x63baa827","jsonString":"{ \"name\":\"John\", \"ag (52 more) ..."}|0x2f467109
02:21:23.0 (15760070)|VARIABLE_ASSIGNMENT|[EXTERNAL]|value|"{\"name\":\"John\",\"bill (50 more) ..."
02:21:23.0 (15766893)|VARIABLE_ASSIGNMENT|[4]|this.str|"{\"name\":\"John\",\"bill (50 more) ..."|0x2f467109
02:21:23.0 (15770689)|STATEMENT_EXECUTE|[10]
02:21:23.0 (194807693)|SYSTEM_MODE_ENTER|true
02:21:23.0 (195471934)|VF_SERIALIZE_VIEWSTATE_BEGIN|0666A000001Dsje
02:21:23.0 (196659279)|VF_SERIALIZE_VIEWSTATE_END
02:21:23.198 (198154571)|CUMULATIVE_LIMIT_USAGE
02:21:23.198 (198154571)|LIMIT_USAGE_FOR_NS|(default)|
  Number of SOQL queries: 0 out of 100
  Number of query rows: 0 out of 50000
  Number of SOSL queries: 0 out of 20
  Number of DML statements: 0 out of 150
  Number of DML rows: 0 out of 10000
  Maximum CPU time: 0 out of 10000
  Maximum heap size: 0 out of 6000000
  Number of callouts: 0 out of 100
  Number of Email Invocations: 0 out of 10
  Number of future calls: 0 out of 50
  Number of queueable jobs added to the queue: 0 out of 50
  Number of Mobile Apex push calls: 0 out of 10

02:21:23.198 (198154571)|CUMULATIVE_LIMIT_USAGE_END

02:21:23.0 (198186035)|CODE_UNIT_FINISHED|VF: /apex/JSON2Apex
02:21:23.0 (198923001)|EXECUTION_FINISHED
