39.0 APEX_CODE,FINEST;APEX_PROFILING,INFO;CALLOUT,INFO;DB,FINEST;SYSTEM,DEBUG;VALIDATION,INFO;VISUALFORCE,INFO;WAVE,INFO;WORKFLOW,NONE
23:38:15.0 (299294)|USER_INFO|[EXTERNAL]|0056A000000UMYo|suneelcando@gmail.com|Pacific Standard Time|GMT-07:00
23:38:15.0 (323532)|EXECUTION_STARTED
23:38:15.0 (327562)|CODE_UNIT_STARTED|[EXTERNAL]|0666A000001DsPC|VF: /apex/IndentationChecker
23:38:15.0 (18861826)|SYSTEM_MODE_ENTER|true
23:38:15.0 (19311893)|HEAP_ALLOCATE|[72]|Bytes:3
23:38:15.0 (19364184)|HEAP_ALLOCATE|[77]|Bytes:152
23:38:15.0 (19376264)|HEAP_ALLOCATE|[342]|Bytes:408
23:38:15.0 (19390348)|HEAP_ALLOCATE|[355]|Bytes:408
23:38:15.0 (19402607)|HEAP_ALLOCATE|[467]|Bytes:48
23:38:15.0 (19456195)|HEAP_ALLOCATE|[139]|Bytes:6
23:38:15.0 (19468940)|HEAP_ALLOCATE|[EXTERNAL]|Bytes:112
23:38:15.0 (19480910)|HEAP_ALLOCATE|[EXTERNAL]|Bytes:11
23:38:15.0 (19499245)|METHOD_ENTRY|[1]|01p6A000003fOZX|IndentationCheckerController.IndentationCheckerController()
23:38:15.0 (19503177)|STATEMENT_EXECUTE|[1]
23:38:15.0 (19507003)|STATEMENT_EXECUTE|[1]
23:38:15.0 (19521838)|METHOD_EXIT|[1]|IndentationCheckerController
23:38:15.0 (19559939)|HEAP_ALLOCATE|[EXTERNAL]|Bytes:16
23:38:15.0 (19565804)|VARIABLE_SCOPE_BEGIN|[5]|this|IndentationCheckerController|true|false
23:38:15.0 (19686933)|VARIABLE_ASSIGNMENT|[5]|this|{}|0x34dd46ca
23:38:15.0 (19693025)|STATEMENT_EXECUTE|[1]
23:38:15.0 (19694128)|STATEMENT_EXECUTE|[2]
23:38:15.0 (19695164)|STATEMENT_EXECUTE|[3]
23:38:15.0 (19696050)|STATEMENT_EXECUTE|[4]
23:38:15.0 (19702783)|HEAP_ALLOCATE|[6]|Bytes:6
23:38:15.0 (19740880)|STATEMENT_EXECUTE|[5]
23:38:15.0 (19742496)|STATEMENT_EXECUTE|[6]
23:38:15.0 (19744711)|HEAP_ALLOCATE|[6]|Bytes:23
23:38:15.0 (19825777)|VARIABLE_ASSIGNMENT|[EXTERNAL]|this|{}|0x34dd46ca
23:38:15.0 (19838131)|VARIABLE_ASSIGNMENT|[EXTERNAL]|value|"asdf  a     \t\t\ts;dfa (3 more) ..."
23:38:15.0 (19855626)|VARIABLE_ASSIGNMENT|[2]|this.inputString|"asdf  a     \t\t\ts;dfa (3 more) ..."|0x34dd46ca
23:38:15.0 (19877087)|STATEMENT_EXECUTE|[7]
23:38:15.0 (19901987)|VARIABLE_ASSIGNMENT|[EXTERNAL]|this|{"inputString":"asdf  a     \t\t\ts;dfa (3 more) ..."}|0x34dd46ca
23:38:15.0 (19911024)|HEAP_ALLOCATE|[7]|Bytes:3
23:38:15.0 (19913710)|HEAP_ALLOCATE|[7]|Bytes:1
23:38:15.0 (19947501)|HEAP_ALLOCATE|[7]|Bytes:15
23:38:15.0 (19966980)|VARIABLE_ASSIGNMENT|[EXTERNAL]|this|{"inputString":"asdf  a     \t\t\ts;dfa (3 more) ..."}|0x34dd46ca
23:38:15.0 (19970394)|VARIABLE_ASSIGNMENT|[EXTERNAL]|value|"asdf a s;dfa{sd"
23:38:15.0 (19975345)|VARIABLE_ASSIGNMENT|[2]|this.inputString|"asdf a s;dfa{sd"|0x34dd46ca
23:38:15.0 (19979036)|STATEMENT_EXECUTE|[8]
23:38:15.0 (19984316)|HEAP_ALLOCATE|[8]|Bytes:4
23:38:15.0 (20076071)|HEAP_ALLOCATE|[EXTERNAL]|Bytes:4
23:38:15.0 (20085376)|VARIABLE_ASSIGNMENT|[8]|this.chars|[]|0x34dd46ca
23:38:15.0 (20087183)|STATEMENT_EXECUTE|[9]
23:38:15.0 (20109762)|VARIABLE_ASSIGNMENT|[EXTERNAL]|this|{"chars":"0x7c020f64","inputString":"asdf a s;dfa{sd"}|0x34dd46ca
23:38:15.0 (20138142)|HEAP_ALLOCATE|[9]|Bytes:1
23:38:15.0 (20141174)|HEAP_ALLOCATE|[9]|Bytes:1
23:38:15.0 (20142358)|HEAP_ALLOCATE|[9]|Bytes:1
23:38:15.0 (20143461)|HEAP_ALLOCATE|[9]|Bytes:1
23:38:15.0 (20144642)|HEAP_ALLOCATE|[9]|Bytes:1
23:38:15.0 (20145731)|HEAP_ALLOCATE|[9]|Bytes:1
23:38:15.0 (20146809)|HEAP_ALLOCATE|[9]|Bytes:1
23:38:15.0 (20147888)|HEAP_ALLOCATE|[9]|Bytes:1
23:38:15.0 (20149200)|HEAP_ALLOCATE|[9]|Bytes:1
23:38:15.0 (20150282)|HEAP_ALLOCATE|[9]|Bytes:1
23:38:15.0 (20151348)|HEAP_ALLOCATE|[9]|Bytes:1
23:38:15.0 (20152525)|HEAP_ALLOCATE|[9]|Bytes:1
23:38:15.0 (20153805)|HEAP_ALLOCATE|[9]|Bytes:1
23:38:15.0 (20154881)|HEAP_ALLOCATE|[9]|Bytes:1
23:38:15.0 (20155959)|HEAP_ALLOCATE|[9]|Bytes:1
23:38:15.0 (20158239)|HEAP_ALLOCATE|[9]|Bytes:64
23:38:15.0 (20173331)|HEAP_ALLOCATE|[EXTERNAL]|Bytes:64
23:38:15.0 (20179616)|VARIABLE_ASSIGNMENT|[9]|this.chars|"List of size 15 too large to display"|0x34dd46ca
23:38:15.0 (20181423)|STATEMENT_EXECUTE|[10]
23:38:15.0 (20214040)|VARIABLE_ASSIGNMENT|[EXTERNAL]|this|{"chars":"0x5729a7e3","inputString":"asdf a s;dfa{sd"}|0x34dd46ca
23:38:15.0 (20217727)|VARIABLE_ASSIGNMENT|[EXTERNAL]|value|""
23:38:15.0 (20222563)|VARIABLE_ASSIGNMENT|[3]|this.outputString|""|0x34dd46ca
23:38:15.0 (25462494)|SYSTEM_MODE_ENTER|true
23:38:15.0 (25790464)|SYSTEM_MODE_ENTER|true
23:38:15.0 (26447929)|VF_SERIALIZE_VIEWSTATE_BEGIN|0666A000001DsPC
23:38:15.0 (28429824)|VF_SERIALIZE_VIEWSTATE_END
23:38:15.30 (30213138)|CUMULATIVE_LIMIT_USAGE
23:38:15.30 (30213138)|LIMIT_USAGE_FOR_NS|(default)|
  Number of SOQL queries: 0 out of 100
  Number of query rows: 0 out of 50000
  Number of SOSL queries: 0 out of 20
  Number of DML statements: 0 out of 150
  Number of DML rows: 0 out of 10000
  Maximum CPU time: 0 out of 10000
  Maximum heap size: 0 out of 6000000
  Number of callouts: 0 out of 100
  Number of Email Invocations: 0 out of 10
  Number of future calls: 0 out of 50
  Number of queueable jobs added to the queue: 0 out of 50
  Number of Mobile Apex push calls: 0 out of 10

23:38:15.30 (30213138)|CUMULATIVE_LIMIT_USAGE_END

23:38:15.0 (30244368)|CODE_UNIT_FINISHED|VF: /apex/IndentationChecker
23:38:15.0 (30968008)|EXECUTION_FINISHED
