39.0 APEX_CODE,FINEST;APEX_PROFILING,INFO;CALLOUT,INFO;DB,FINEST;SYSTEM,DEBUG;VALIDATION,INFO;VISUALFORCE,INFO;WAVE,INFO;WORKFLOW,NONE
22:59:18.0 (51888)|USER_INFO|[EXTERNAL]|0056A000000UMYo|suneelcando@gmail.com|Pacific Standard Time|GMT-07:00
22:59:18.0 (78252)|EXECUTION_STARTED
22:59:18.0 (81638)|CODE_UNIT_STARTED|[EXTERNAL]|0666A000001DsPC|VF: /apex/IndentationChecker
22:59:18.0 (16842816)|SYSTEM_MODE_ENTER|true
22:59:18.0 (17129417)|HEAP_ALLOCATE|[72]|Bytes:3
22:59:18.0 (17159975)|HEAP_ALLOCATE|[77]|Bytes:152
22:59:18.0 (17171636)|HEAP_ALLOCATE|[342]|Bytes:408
22:59:18.0 (17182157)|HEAP_ALLOCATE|[355]|Bytes:408
22:59:18.0 (17191279)|HEAP_ALLOCATE|[467]|Bytes:48
22:59:18.0 (17215582)|HEAP_ALLOCATE|[139]|Bytes:6
22:59:18.0 (17226089)|HEAP_ALLOCATE|[EXTERNAL]|Bytes:112
22:59:18.0 (17228795)|HEAP_ALLOCATE|[EXTERNAL]|Bytes:11
22:59:18.0 (17235396)|METHOD_ENTRY|[1]|01p6A000003fOZX|IndentationCheckerController.IndentationCheckerController()
22:59:18.0 (17238294)|STATEMENT_EXECUTE|[1]
22:59:18.0 (17241736)|STATEMENT_EXECUTE|[1]
22:59:18.0 (17244741)|METHOD_EXIT|[1]|IndentationCheckerController
22:59:18.0 (17276880)|HEAP_ALLOCATE|[EXTERNAL]|Bytes:16
22:59:18.0 (17281996)|VARIABLE_SCOPE_BEGIN|[5]|this|IndentationCheckerController|true|false
22:59:18.0 (17328531)|VARIABLE_ASSIGNMENT|[5]|this|{}|0x52ca7063
22:59:18.0 (17333684)|STATEMENT_EXECUTE|[1]
22:59:18.0 (17334779)|STATEMENT_EXECUTE|[2]
22:59:18.0 (17335946)|STATEMENT_EXECUTE|[3]
22:59:18.0 (17336764)|STATEMENT_EXECUTE|[4]
22:59:18.0 (17342354)|HEAP_ALLOCATE|[6]|Bytes:6
22:59:18.0 (17377286)|STATEMENT_EXECUTE|[5]
22:59:18.0 (17378833)|STATEMENT_EXECUTE|[6]
22:59:18.0 (17380874)|HEAP_ALLOCATE|[6]|Bytes:15
22:59:18.0 (17436221)|VARIABLE_ASSIGNMENT|[EXTERNAL]|this|{}|0x52ca7063
22:59:18.0 (17444239)|VARIABLE_ASSIGNMENT|[EXTERNAL]|value|"asdf  as;dfa{sd"
22:59:18.0 (17452886)|VARIABLE_ASSIGNMENT|[2]|this.inputString|"asdf  as;dfa{sd"|0x52ca7063
22:59:18.0 (17458853)|STATEMENT_EXECUTE|[7]
22:59:18.0 (17479758)|VARIABLE_ASSIGNMENT|[EXTERNAL]|this|{"inputString":"asdf  as;dfa{sd"}|0x52ca7063
22:59:18.0 (17507914)|HEAP_ALLOCATE|[7]|Bytes:15
22:59:18.0 (17524695)|VARIABLE_ASSIGNMENT|[EXTERNAL]|this|{"inputString":"asdf  as;dfa{sd"}|0x52ca7063
22:59:18.0 (17528041)|VARIABLE_ASSIGNMENT|[EXTERNAL]|value|"asdf  as;dfa{sd"
22:59:18.0 (17531824)|VARIABLE_ASSIGNMENT|[2]|this.inputString|"asdf  as;dfa{sd"|0x52ca7063
22:59:18.0 (17535382)|STATEMENT_EXECUTE|[8]
22:59:18.0 (17541044)|HEAP_ALLOCATE|[8]|Bytes:4
22:59:18.0 (17584082)|HEAP_ALLOCATE|[EXTERNAL]|Bytes:4
22:59:18.0 (17590996)|VARIABLE_ASSIGNMENT|[8]|this.chars|[]|0x52ca7063
22:59:18.0 (17593810)|STATEMENT_EXECUTE|[9]
22:59:18.0 (17613964)|VARIABLE_ASSIGNMENT|[EXTERNAL]|this|{"chars":"0x720a4cc1","inputString":"asdf  as;dfa{sd"}|0x52ca7063
22:59:18.0 (17637564)|HEAP_ALLOCATE|[9]|Bytes:1
22:59:18.0 (17640229)|HEAP_ALLOCATE|[9]|Bytes:1
22:59:18.0 (17641538)|HEAP_ALLOCATE|[9]|Bytes:1
22:59:18.0 (17642633)|HEAP_ALLOCATE|[9]|Bytes:1
22:59:18.0 (17643719)|HEAP_ALLOCATE|[9]|Bytes:1
22:59:18.0 (17644800)|HEAP_ALLOCATE|[9]|Bytes:1
22:59:18.0 (17650624)|HEAP_ALLOCATE|[9]|Bytes:1
22:59:18.0 (17651916)|HEAP_ALLOCATE|[9]|Bytes:1
22:59:18.0 (17653016)|HEAP_ALLOCATE|[9]|Bytes:1
22:59:18.0 (17654105)|HEAP_ALLOCATE|[9]|Bytes:1
22:59:18.0 (17655198)|HEAP_ALLOCATE|[9]|Bytes:1
22:59:18.0 (17656614)|HEAP_ALLOCATE|[9]|Bytes:1
22:59:18.0 (17657735)|HEAP_ALLOCATE|[9]|Bytes:1
22:59:18.0 (17658820)|HEAP_ALLOCATE|[9]|Bytes:1
22:59:18.0 (17659903)|HEAP_ALLOCATE|[9]|Bytes:1
22:59:18.0 (17662844)|HEAP_ALLOCATE|[9]|Bytes:64
22:59:18.0 (17677516)|HEAP_ALLOCATE|[EXTERNAL]|Bytes:64
22:59:18.0 (17683146)|VARIABLE_ASSIGNMENT|[9]|this.chars|"List of size 15 too large to display"|0x52ca7063
22:59:18.0 (17684933)|STATEMENT_EXECUTE|[10]
22:59:18.0 (17713985)|VARIABLE_ASSIGNMENT|[EXTERNAL]|this|{"chars":"0x6d1cabf9","inputString":"asdf  as;dfa{sd"}|0x52ca7063
22:59:18.0 (17718000)|VARIABLE_ASSIGNMENT|[EXTERNAL]|value|""
22:59:18.0 (17722263)|VARIABLE_ASSIGNMENT|[3]|this.outputString|""|0x52ca7063
22:59:18.0 (21624963)|SYSTEM_MODE_ENTER|true
22:59:18.0 (21941946)|SYSTEM_MODE_ENTER|true
22:59:18.0 (22566034)|VF_SERIALIZE_VIEWSTATE_BEGIN|0666A000001DsPC
22:59:18.0 (24477492)|VF_SERIALIZE_VIEWSTATE_END
22:59:18.26 (26185690)|CUMULATIVE_LIMIT_USAGE
22:59:18.26 (26185690)|LIMIT_USAGE_FOR_NS|(default)|
  Number of SOQL queries: 0 out of 100
  Number of query rows: 0 out of 50000
  Number of SOSL queries: 0 out of 20
  Number of DML statements: 0 out of 150
  Number of DML rows: 0 out of 10000
  Maximum CPU time: 0 out of 10000
  Maximum heap size: 0 out of 6000000
  Number of callouts: 0 out of 100
  Number of Email Invocations: 0 out of 10
  Number of future calls: 0 out of 50
  Number of queueable jobs added to the queue: 0 out of 50
  Number of Mobile Apex push calls: 0 out of 10

22:59:18.26 (26185690)|CUMULATIVE_LIMIT_USAGE_END

22:59:18.0 (26210704)|CODE_UNIT_FINISHED|VF: /apex/IndentationChecker
22:59:18.0 (26900582)|EXECUTION_FINISHED
