39.0 APEX_CODE,FINEST;APEX_PROFILING,INFO;CALLOUT,INFO;DB,FINEST;SYSTEM,DEBUG;VALIDATION,INFO;VISUALFORCE,INFO;WAVE,INFO;WORKFLOW,NONE
02:20:09.0 (261411)|USER_INFO|[EXTERNAL]|0056A000000UMYo|suneelcando@gmail.com|Pacific Standard Time|GMT-07:00
02:20:09.0 (290075)|EXECUTION_STARTED
02:20:09.0 (293305)|CODE_UNIT_STARTED|[EXTERNAL]|0666A000001Dsje|VF: /apex/JSON2Apex
02:20:09.0 (92110679)|SYSTEM_MODE_ENTER|true
02:20:09.0 (92444075)|HEAP_ALLOCATE|[72]|Bytes:3
02:20:09.0 (92479476)|HEAP_ALLOCATE|[77]|Bytes:152
02:20:09.0 (92491451)|HEAP_ALLOCATE|[342]|Bytes:408
02:20:09.0 (92504959)|HEAP_ALLOCATE|[355]|Bytes:408
02:20:09.0 (92515835)|HEAP_ALLOCATE|[467]|Bytes:48
02:20:09.0 (92541390)|HEAP_ALLOCATE|[139]|Bytes:6
02:20:09.0 (92551390)|HEAP_ALLOCATE|[EXTERNAL]|Bytes:108
02:20:09.0 (92555137)|HEAP_ALLOCATE|[EXTERNAL]|Bytes:5
02:20:09.0 (92556916)|HEAP_ALLOCATE|[EXTERNAL]|Bytes:3
02:20:09.0 (92563672)|METHOD_ENTRY|[1]|01p6A000003fQgy|JSON2ApexConverter.JSON2ApexConverter()
02:20:09.0 (92567172)|STATEMENT_EXECUTE|[1]
02:20:09.0 (92570664)|STATEMENT_EXECUTE|[1]
02:20:09.0 (92573912)|METHOD_EXIT|[1]|JSON2ApexConverter
02:20:09.0 (98735252)|HEAP_ALLOCATE|[EXTERNAL]|Bytes:16
02:20:09.0 (98744611)|VARIABLE_SCOPE_BEGIN|[1]|this|JSON2ApexConverter|true|false
02:20:09.0 (98801282)|VARIABLE_ASSIGNMENT|[1]|this|{}|0x1b0614d2
02:20:09.0 (98814128)|HEAP_ALLOCATE|[2]|Bytes:6
02:20:09.0 (98856128)|STATEMENT_EXECUTE|[1]
02:20:09.0 (98857623)|STATEMENT_EXECUTE|[2]
02:20:09.0 (98860236)|HEAP_ALLOCATE|[2]|Bytes:71
02:20:09.0 (98879271)|VARIABLE_ASSIGNMENT|[2]|this.jsonString|"{ \"name\":\"John\", \"ag (51 more) ..."|0x1b0614d2
02:20:09.0 (98881372)|STATEMENT_EXECUTE|[3]
02:20:09.0 (98882483)|STATEMENT_EXECUTE|[4]
02:20:09.0 (109405516)|SYSTEM_MODE_ENTER|true
02:20:09.0 (110063684)|VF_SERIALIZE_VIEWSTATE_BEGIN|0666A000001Dsje
02:20:09.0 (112182477)|VF_SERIALIZE_VIEWSTATE_END
02:20:09.114 (114089356)|CUMULATIVE_LIMIT_USAGE
02:20:09.114 (114089356)|LIMIT_USAGE_FOR_NS|(default)|
  Number of SOQL queries: 0 out of 100
  Number of query rows: 0 out of 50000
  Number of SOSL queries: 0 out of 20
  Number of DML statements: 0 out of 150
  Number of DML rows: 0 out of 10000
  Maximum CPU time: 0 out of 10000
  Maximum heap size: 0 out of 6000000
  Number of callouts: 0 out of 100
  Number of Email Invocations: 0 out of 10
  Number of future calls: 0 out of 50
  Number of queueable jobs added to the queue: 0 out of 50
  Number of Mobile Apex push calls: 0 out of 10

02:20:09.114 (114089356)|CUMULATIVE_LIMIT_USAGE_END

02:20:09.0 (114125455)|CODE_UNIT_FINISHED|VF: /apex/JSON2Apex
02:20:09.0 (114830547)|EXECUTION_FINISHED
