39.0 APEX_CODE,FINEST;APEX_PROFILING,INFO;CALLOUT,INFO;DB,FINEST;SYSTEM,DEBUG;VALIDATION,INFO;VISUALFORCE,INFO;WAVE,INFO;WORKFLOW,NONE
02:15:03.0 (266391)|USER_INFO|[EXTERNAL]|0056A000000UMYo|suneelcando@gmail.com|Pacific Standard Time|GMT-07:00
02:15:03.0 (291908)|EXECUTION_STARTED
02:15:03.0 (295446)|CODE_UNIT_STARTED|[EXTERNAL]|0666A000001Dsje|VF: /apex/JSON2Apex
02:15:03.0 (29583227)|SYSTEM_MODE_ENTER|true
02:15:03.0 (29914242)|HEAP_ALLOCATE|[72]|Bytes:3
02:15:03.0 (29950283)|HEAP_ALLOCATE|[77]|Bytes:152
02:15:03.0 (29962784)|HEAP_ALLOCATE|[342]|Bytes:408
02:15:03.0 (29976106)|HEAP_ALLOCATE|[355]|Bytes:408
02:15:03.0 (29987799)|HEAP_ALLOCATE|[467]|Bytes:48
02:15:03.0 (30012778)|HEAP_ALLOCATE|[139]|Bytes:6
02:15:03.0 (30024724)|HEAP_ALLOCATE|[EXTERNAL]|Bytes:108
02:15:03.0 (30028140)|HEAP_ALLOCATE|[EXTERNAL]|Bytes:5
02:15:03.0 (30030185)|HEAP_ALLOCATE|[EXTERNAL]|Bytes:3
02:15:03.0 (30037853)|METHOD_ENTRY|[1]|01p6A000003fQgy|JSON2ApexConverter.JSON2ApexConverter()
02:15:03.0 (30041186)|STATEMENT_EXECUTE|[1]
02:15:03.0 (30045380)|STATEMENT_EXECUTE|[1]
02:15:03.0 (30048841)|METHOD_EXIT|[1]|JSON2ApexConverter
02:15:03.0 (33130451)|HEAP_ALLOCATE|[EXTERNAL]|Bytes:16
02:15:03.0 (33140131)|VARIABLE_SCOPE_BEGIN|[1]|this|JSON2ApexConverter|true|false
02:15:03.0 (33191568)|VARIABLE_ASSIGNMENT|[1]|this|{}|0x6d611d7e
02:15:03.0 (33204751)|HEAP_ALLOCATE|[2]|Bytes:6
02:15:03.0 (33251094)|STATEMENT_EXECUTE|[1]
02:15:03.0 (33252716)|STATEMENT_EXECUTE|[2]
02:15:03.0 (33255368)|HEAP_ALLOCATE|[2]|Bytes:52
02:15:03.0 (33273572)|VARIABLE_ASSIGNMENT|[2]|this.jsonString|"{ \"name\":\"John\", \"ag (32 more) ..."|0x6d611d7e
02:15:03.0 (33275779)|STATEMENT_EXECUTE|[3]
02:15:03.0 (33276764)|STATEMENT_EXECUTE|[4]
02:15:03.0 (42860550)|SYSTEM_MODE_ENTER|true
02:15:03.0 (43541717)|VF_SERIALIZE_VIEWSTATE_BEGIN|0666A000001Dsje
02:15:03.0 (45615185)|VF_SERIALIZE_VIEWSTATE_END
02:15:03.47 (47452656)|CUMULATIVE_LIMIT_USAGE
02:15:03.47 (47452656)|LIMIT_USAGE_FOR_NS|(default)|
  Number of SOQL queries: 0 out of 100
  Number of query rows: 0 out of 50000
  Number of SOSL queries: 0 out of 20
  Number of DML statements: 0 out of 150
  Number of DML rows: 0 out of 10000
  Maximum CPU time: 0 out of 10000
  Maximum heap size: 0 out of 6000000
  Number of callouts: 0 out of 100
  Number of Email Invocations: 0 out of 10
  Number of future calls: 0 out of 50
  Number of queueable jobs added to the queue: 0 out of 50
  Number of Mobile Apex push calls: 0 out of 10

02:15:03.47 (47452656)|CUMULATIVE_LIMIT_USAGE_END

02:15:03.0 (47486372)|CODE_UNIT_FINISHED|VF: /apex/JSON2Apex
02:15:03.0 (48183402)|EXECUTION_FINISHED
