39.0 APEX_CODE,FINEST;APEX_PROFILING,INFO;CALLOUT,INFO;DB,FINEST;SYSTEM,DEBUG;VALIDATION,INFO;VISUALFORCE,INFO;WAVE,INFO;WORKFLOW,NONE
22:56:35.0 (281048)|USER_INFO|[EXTERNAL]|0056A000000UMYo|suneelcando@gmail.com|Pacific Standard Time|GMT-07:00
22:56:35.0 (309368)|EXECUTION_STARTED
22:56:35.0 (313512)|CODE_UNIT_STARTED|[EXTERNAL]|0666A000001DsPC|VF: /apex/IndentationChecker
22:56:35.0 (18954952)|SYSTEM_MODE_ENTER|true
22:56:35.0 (19271312)|HEAP_ALLOCATE|[72]|Bytes:3
22:56:35.0 (19303956)|HEAP_ALLOCATE|[77]|Bytes:152
22:56:35.0 (19316166)|HEAP_ALLOCATE|[342]|Bytes:408
22:56:35.0 (19328981)|HEAP_ALLOCATE|[355]|Bytes:408
22:56:35.0 (19352053)|HEAP_ALLOCATE|[467]|Bytes:48
22:56:35.0 (19384626)|HEAP_ALLOCATE|[139]|Bytes:6
22:56:35.0 (19402956)|HEAP_ALLOCATE|[EXTERNAL]|Bytes:112
22:56:35.0 (19408180)|HEAP_ALLOCATE|[EXTERNAL]|Bytes:11
22:56:35.0 (19417530)|METHOD_ENTRY|[1]|01p6A000003fOZX|IndentationCheckerController.IndentationCheckerController()
22:56:35.0 (19423004)|STATEMENT_EXECUTE|[1]
22:56:35.0 (19428152)|STATEMENT_EXECUTE|[1]
22:56:35.0 (19433199)|METHOD_EXIT|[1]|IndentationCheckerController
22:56:35.0 (19474872)|HEAP_ALLOCATE|[EXTERNAL]|Bytes:16
22:56:35.0 (19481345)|VARIABLE_SCOPE_BEGIN|[5]|this|IndentationCheckerController|true|false
22:56:35.0 (19531975)|VARIABLE_ASSIGNMENT|[5]|this|{}|0x7a899939
22:56:35.0 (19538040)|STATEMENT_EXECUTE|[1]
22:56:35.0 (19539267)|STATEMENT_EXECUTE|[2]
22:56:35.0 (19540685)|STATEMENT_EXECUTE|[3]
22:56:35.0 (19541544)|STATEMENT_EXECUTE|[4]
22:56:35.0 (19548066)|HEAP_ALLOCATE|[6]|Bytes:6
22:56:35.0 (19584642)|STATEMENT_EXECUTE|[5]
22:56:35.0 (19586653)|STATEMENT_EXECUTE|[6]
22:56:35.0 (19589007)|HEAP_ALLOCATE|[6]|Bytes:13
22:56:35.0 (19656393)|VARIABLE_ASSIGNMENT|[EXTERNAL]|this|{}|0x7a899939
22:56:35.0 (19664175)|VARIABLE_ASSIGNMENT|[EXTERNAL]|value|"asdfas;dfa{sd"
22:56:35.0 (19673329)|VARIABLE_ASSIGNMENT|[2]|this.inputString|"asdfas;dfa{sd"|0x7a899939
22:56:35.0 (19680079)|STATEMENT_EXECUTE|[7]
22:56:35.0 (19685749)|HEAP_ALLOCATE|[7]|Bytes:4
22:56:35.0 (19735064)|HEAP_ALLOCATE|[EXTERNAL]|Bytes:4
22:56:35.0 (19742946)|VARIABLE_ASSIGNMENT|[7]|this.chars|[]|0x7a899939
22:56:35.0 (19744739)|STATEMENT_EXECUTE|[8]
22:56:35.0 (19772244)|VARIABLE_ASSIGNMENT|[EXTERNAL]|this|{"chars":"0x4b2dce41","inputString":"asdfas;dfa{sd"}|0x7a899939
22:56:35.0 (19815936)|HEAP_ALLOCATE|[8]|Bytes:1
22:56:35.0 (19818818)|HEAP_ALLOCATE|[8]|Bytes:1
22:56:35.0 (19819992)|HEAP_ALLOCATE|[8]|Bytes:1
22:56:35.0 (19821285)|HEAP_ALLOCATE|[8]|Bytes:1
22:56:35.0 (19822367)|HEAP_ALLOCATE|[8]|Bytes:1
22:56:35.0 (19823460)|HEAP_ALLOCATE|[8]|Bytes:1
22:56:35.0 (19824550)|HEAP_ALLOCATE|[8]|Bytes:1
22:56:35.0 (19826516)|HEAP_ALLOCATE|[8]|Bytes:1
22:56:35.0 (19827678)|HEAP_ALLOCATE|[8]|Bytes:1
22:56:35.0 (19828783)|HEAP_ALLOCATE|[8]|Bytes:1
22:56:35.0 (19830067)|HEAP_ALLOCATE|[8]|Bytes:1
22:56:35.0 (19831345)|HEAP_ALLOCATE|[8]|Bytes:1
22:56:35.0 (19832443)|HEAP_ALLOCATE|[8]|Bytes:1
22:56:35.0 (19833859)|HEAP_ALLOCATE|[8]|Bytes:56
22:56:35.0 (19851751)|HEAP_ALLOCATE|[EXTERNAL]|Bytes:56
22:56:35.0 (19858911)|VARIABLE_ASSIGNMENT|[8]|this.chars|"List of size 13 too large to display"|0x7a899939
22:56:35.0 (19860969)|STATEMENT_EXECUTE|[9]
22:56:35.0 (19894209)|VARIABLE_ASSIGNMENT|[EXTERNAL]|this|{"chars":"0xd005cb1","inputString":"asdfas;dfa{sd"}|0x7a899939
22:56:35.0 (19898084)|VARIABLE_ASSIGNMENT|[EXTERNAL]|value|""
22:56:35.0 (19902776)|VARIABLE_ASSIGNMENT|[3]|this.outputString|""|0x7a899939
22:56:35.0 (26387734)|SYSTEM_MODE_ENTER|true
22:56:35.0 (26737117)|SYSTEM_MODE_ENTER|true
22:56:35.0 (27408136)|VF_SERIALIZE_VIEWSTATE_BEGIN|0666A000001DsPC
22:56:35.0 (29383523)|VF_SERIALIZE_VIEWSTATE_END
22:56:35.31 (31117872)|CUMULATIVE_LIMIT_USAGE
22:56:35.31 (31117872)|LIMIT_USAGE_FOR_NS|(default)|
  Number of SOQL queries: 0 out of 100
  Number of query rows: 0 out of 50000
  Number of SOSL queries: 0 out of 20
  Number of DML statements: 0 out of 150
  Number of DML rows: 0 out of 10000
  Maximum CPU time: 0 out of 10000
  Maximum heap size: 0 out of 6000000
  Number of callouts: 0 out of 100
  Number of Email Invocations: 0 out of 10
  Number of future calls: 0 out of 50
  Number of queueable jobs added to the queue: 0 out of 50
  Number of Mobile Apex push calls: 0 out of 10

22:56:35.31 (31117872)|CUMULATIVE_LIMIT_USAGE_END

22:56:35.0 (31146558)|CODE_UNIT_FINISHED|VF: /apex/IndentationChecker
22:56:35.0 (31840444)|EXECUTION_FINISHED
