39.0 APEX_CODE,FINEST;APEX_PROFILING,INFO;CALLOUT,INFO;DB,FINEST;SYSTEM,DEBUG;VALIDATION,INFO;VISUALFORCE,INFO;WAVE,INFO;WORKFLOW,NONE
02:13:43.0 (244383)|USER_INFO|[EXTERNAL]|0056A000000UMYo|suneelcando@gmail.com|Pacific Standard Time|GMT-07:00
02:13:43.0 (269632)|EXECUTION_STARTED
02:13:43.0 (274256)|CODE_UNIT_STARTED|[EXTERNAL]|0666A000001Dsje|VF: /apex/JSON2Apex
02:13:43.0 (407820)|VF_DESERIALIZE_VIEWSTATE_BEGIN|0666A000001Dsje
02:13:43.0 (5408832)|HEAP_ALLOCATE|[72]|Bytes:3
02:13:43.0 (5467050)|HEAP_ALLOCATE|[77]|Bytes:152
02:13:43.0 (5480679)|HEAP_ALLOCATE|[342]|Bytes:408
02:13:43.0 (5493032)|HEAP_ALLOCATE|[355]|Bytes:408
02:13:43.0 (5504361)|HEAP_ALLOCATE|[467]|Bytes:48
02:13:43.0 (5561030)|HEAP_ALLOCATE|[139]|Bytes:6
02:13:43.0 (7180627)|VF_DESERIALIZE_VIEWSTATE_END
02:13:43.0 (7938655)|HEAP_ALLOCATE|[EXTERNAL]|Bytes:108
02:13:43.0 (7963022)|HEAP_ALLOCATE|[EXTERNAL]|Bytes:5
02:13:43.0 (7965153)|HEAP_ALLOCATE|[EXTERNAL]|Bytes:3
02:13:43.0 (7982845)|METHOD_ENTRY|[1]|01p6A000003fQgy|JSON2ApexConverter.JSON2ApexConverter()
02:13:43.0 (7986506)|STATEMENT_EXECUTE|[1]
02:13:43.0 (7990356)|STATEMENT_EXECUTE|[1]
02:13:43.0 (8006732)|METHOD_EXIT|[1]|JSON2ApexConverter
02:13:43.0 (8016215)|HEAP_ALLOCATE|[EXTERNAL]|Bytes:16
02:13:43.0 (8022421)|VARIABLE_SCOPE_BEGIN|[5]|this|JSON2ApexConverter|true|false
02:13:43.0 (8212545)|VARIABLE_ASSIGNMENT|[5]|this|{"jsonString":"{ \"name\":\"John\", \"ag (32 more) ..."}|0x2398f231
02:13:43.0 (8220455)|STATEMENT_EXECUTE|[5]
02:13:43.0 (8221572)|STATEMENT_EXECUTE|[6]
02:13:43.0 (8227526)|HEAP_ALLOCATE|[6]|Bytes:8
02:13:43.0 (8260324)|HEAP_ALLOCATE|[50]|Bytes:5
02:13:43.0 (8282072)|HEAP_ALLOCATE|[56]|Bytes:5
02:13:43.0 (8288053)|HEAP_ALLOCATE|[64]|Bytes:7
02:13:43.0 (8369102)|HEAP_ALLOCATE|[6]|Bytes:27
02:13:43.0 (8375508)|SYSTEM_METHOD_ENTRY|[1]|Type.Type()
02:13:43.0 (8377594)|STATEMENT_EXECUTE|[1]
02:13:43.0 (8382825)|SYSTEM_METHOD_EXIT|[1]|Type
02:13:43.0 (8386994)|HEAP_ALLOCATE|[6]|Bytes:8
02:13:43.0 (8405347)|HEAP_ALLOCATE|[6]|Bytes:8
02:13:43.0 (8408625)|VARIABLE_SCOPE_BEGIN|[4]|this|System.Type|true|false
02:13:43.0 (8423045)|VARIABLE_ASSIGNMENT|[4]|this|{}|0x41275281
02:13:43.0 (8425759)|VARIABLE_SCOPE_BEGIN|[4]|apextype|java:common.apex.runtime.ApexObjectType|true|false
02:13:43.0 (8537140)|VARIABLE_ASSIGNMENT|[4]|apextype|"Glossary"|0x76b2cec4
02:13:43.0 (8602737)|HEAP_ALLOCATE|[6]|Bytes:8
02:13:43.0 (8630905)|HEAP_ALLOCATE|[6]|Bytes:24
02:13:43.0 (8636323)|SYSTEM_METHOD_ENTRY|[1]|JSON.JSON()
02:13:43.0 (8637775)|STATEMENT_EXECUTE|[1]
02:13:43.0 (8640999)|SYSTEM_METHOD_EXIT|[1]|JSON
02:13:43.0 (8667408)|METHOD_ENTRY|[6]||System.JSON.deserialize(String, System.Type)
02:13:43.0 (8804021)|STATEMENT_EXECUTE|[1]
02:13:43.0 (8805887)|STATEMENT_EXECUTE|[5]
02:13:43.0 (8997527)|METHOD_EXIT|[6]||System.JSON.deserialize(String, System.Type)
02:13:43.0 (9029532)|VARIABLE_ASSIGNMENT|[EXTERNAL]|this|{"jsonString":"{ \"name\":\"John\", \"ag (32 more) ..."}|0x2398f231
02:13:43.0 (9045918)|VARIABLE_ASSIGNMENT|[EXTERNAL]|value|{"age":"30","name":"John"}|0x22c0f19
02:13:43.0 (9052568)|VARIABLE_ASSIGNMENT|[3]|this.apexObj|0x22c0f19|0x2398f231
02:13:43.0 (9057250)|STATEMENT_EXECUTE|[7]
02:13:43.0 (9059815)|HEAP_ALLOCATE|[7]|Bytes:8
02:13:43.0 (9087116)|VARIABLE_ASSIGNMENT|[EXTERNAL]|this|{"apexObj":"0x22c0f19","jsonString":"{ \"name\":\"John\", \"ag (32 more) ..."}|0x2398f231
02:13:43.0 (9142268)|HEAP_ALLOCATE|[7]|Bytes:38
02:13:43.0 (9157725)|HEAP_ALLOCATE|[7]|Bytes:46
02:13:43.0 (9188317)|USER_DEBUG|[7]|DEBUG|apexObj:Glossary:[abc=null, age=30, name=John]
02:13:43.0 (9193409)|STATEMENT_EXECUTE|[8]
02:13:43.0 (9216324)|VARIABLE_ASSIGNMENT|[EXTERNAL]|this|{"apexObj":"0x22c0f19","jsonString":"{ \"name\":\"John\", \"ag (32 more) ..."}|0x2398f231
02:13:43.0 (9235715)|VARIABLE_ASSIGNMENT|[EXTERNAL]|this|{"age":"30","name":"John"}|0x22c0f19
02:13:43.0 (9253204)|HEAP_ALLOCATE|[8]|Bytes:12
02:13:43.0 (9260356)|USER_DEBUG|[8]|DEBUG|apexObj:null
02:13:43.0 (9263248)|STATEMENT_EXECUTE|[9]
02:13:43.0 (9280747)|VARIABLE_ASSIGNMENT|[EXTERNAL]|this|{"apexObj":"0x22c0f19","jsonString":"{ \"name\":\"John\", \"ag (32 more) ..."}|0x2398f231
02:13:43.0 (9290444)|METHOD_ENTRY|[9]||System.JSON.serialize(Object)
02:13:43.0 (9344245)|METHOD_EXIT|[9]||System.JSON.serialize(Object)
02:13:43.0 (9365908)|VARIABLE_ASSIGNMENT|[EXTERNAL]|this|{"apexObj":"0x22c0f19","jsonString":"{ \"name\":\"John\", \"ag (32 more) ..."}|0x2398f231
02:13:43.0 (9371421)|VARIABLE_ASSIGNMENT|[EXTERNAL]|value|"{\"name\":\"John\",\"age\" (17 more) ..."
02:13:43.0 (9378106)|VARIABLE_ASSIGNMENT|[4]|this.str|"{\"name\":\"John\",\"age\" (17 more) ..."|0x2398f231
02:13:43.0 (9382256)|STATEMENT_EXECUTE|[10]
02:13:43.0 (21259770)|SYSTEM_MODE_ENTER|true
02:13:43.0 (21885316)|VF_SERIALIZE_VIEWSTATE_BEGIN|0666A000001Dsje
02:13:43.0 (22894934)|VF_SERIALIZE_VIEWSTATE_END
02:13:43.24 (24357347)|CUMULATIVE_LIMIT_USAGE
02:13:43.24 (24357347)|LIMIT_USAGE_FOR_NS|(default)|
  Number of SOQL queries: 0 out of 100
  Number of query rows: 0 out of 50000
  Number of SOSL queries: 0 out of 20
  Number of DML statements: 0 out of 150
  Number of DML rows: 0 out of 10000
  Maximum CPU time: 0 out of 10000
  Maximum heap size: 0 out of 6000000
  Number of callouts: 0 out of 100
  Number of Email Invocations: 0 out of 10
  Number of future calls: 0 out of 50
  Number of queueable jobs added to the queue: 0 out of 50
  Number of Mobile Apex push calls: 0 out of 10

02:13:43.24 (24357347)|CUMULATIVE_LIMIT_USAGE_END

02:13:43.0 (24386934)|CODE_UNIT_FINISHED|VF: /apex/JSON2Apex
02:13:43.0 (25069232)|EXECUTION_FINISHED
