39.0 APEX_CODE,FINEST;APEX_PROFILING,INFO;CALLOUT,INFO;DB,FINEST;SYSTEM,DEBUG;VALIDATION,INFO;VISUALFORCE,INFO;WAVE,INFO;WORKFLOW,NONE
02:21:22.0 (51925)|USER_INFO|[EXTERNAL]|0056A000000UMYo|suneelcando@gmail.com|Pacific Standard Time|GMT-07:00
02:21:22.0 (76292)|EXECUTION_STARTED
02:21:22.0 (80324)|CODE_UNIT_STARTED|[EXTERNAL]|0666A000001Dsje|VF: /apex/JSON2Apex
02:21:22.0 (4554365)|SYSTEM_MODE_ENTER|true
02:21:22.0 (4853141)|HEAP_ALLOCATE|[72]|Bytes:3
02:21:22.0 (4900449)|HEAP_ALLOCATE|[77]|Bytes:152
02:21:22.0 (4914408)|HEAP_ALLOCATE|[342]|Bytes:408
02:21:22.0 (4932556)|HEAP_ALLOCATE|[355]|Bytes:408
02:21:22.0 (4947704)|HEAP_ALLOCATE|[467]|Bytes:48
02:21:22.0 (4973570)|HEAP_ALLOCATE|[139]|Bytes:6
02:21:22.0 (4984959)|HEAP_ALLOCATE|[EXTERNAL]|Bytes:108
02:21:22.0 (4988104)|HEAP_ALLOCATE|[EXTERNAL]|Bytes:5
02:21:22.0 (4989963)|HEAP_ALLOCATE|[EXTERNAL]|Bytes:3
02:21:22.0 (4997458)|METHOD_ENTRY|[1]|01p6A000003fQgy|JSON2ApexConverter.JSON2ApexConverter()
02:21:22.0 (5000956)|STATEMENT_EXECUTE|[1]
02:21:22.0 (5005923)|STATEMENT_EXECUTE|[1]
02:21:22.0 (5009402)|METHOD_EXIT|[1]|JSON2ApexConverter
02:21:22.0 (6093533)|HEAP_ALLOCATE|[EXTERNAL]|Bytes:16
02:21:22.0 (6102043)|VARIABLE_SCOPE_BEGIN|[1]|this|JSON2ApexConverter|true|false
02:21:22.0 (6156090)|VARIABLE_ASSIGNMENT|[1]|this|{}|0xbfa950c
02:21:22.0 (6167295)|HEAP_ALLOCATE|[2]|Bytes:6
02:21:22.0 (6205017)|STATEMENT_EXECUTE|[1]
02:21:22.0 (6206694)|STATEMENT_EXECUTE|[2]
02:21:22.0 (6209305)|HEAP_ALLOCATE|[2]|Bytes:72
02:21:22.0 (6227401)|VARIABLE_ASSIGNMENT|[2]|this.jsonString|"{ \"name\":\"John\", \"ag (52 more) ..."|0xbfa950c
02:21:22.0 (6230215)|STATEMENT_EXECUTE|[3]
02:21:22.0 (6231269)|STATEMENT_EXECUTE|[4]
02:21:22.0 (12839155)|SYSTEM_MODE_ENTER|true
02:21:22.0 (13502806)|VF_SERIALIZE_VIEWSTATE_BEGIN|0666A000001Dsje
02:21:22.0 (15463091)|VF_SERIALIZE_VIEWSTATE_END
02:21:22.17 (17223052)|CUMULATIVE_LIMIT_USAGE
02:21:22.17 (17223052)|LIMIT_USAGE_FOR_NS|(default)|
  Number of SOQL queries: 0 out of 100
  Number of query rows: 0 out of 50000
  Number of SOSL queries: 0 out of 20
  Number of DML statements: 0 out of 150
  Number of DML rows: 0 out of 10000
  Maximum CPU time: 0 out of 10000
  Maximum heap size: 0 out of 6000000
  Number of callouts: 0 out of 100
  Number of Email Invocations: 0 out of 10
  Number of future calls: 0 out of 50
  Number of queueable jobs added to the queue: 0 out of 50
  Number of Mobile Apex push calls: 0 out of 10

02:21:22.17 (17223052)|CUMULATIVE_LIMIT_USAGE_END

02:21:22.0 (17250797)|CODE_UNIT_FINISHED|VF: /apex/JSON2Apex
02:21:22.0 (17979152)|EXECUTION_FINISHED
