39.0 APEX_CODE,FINEST;APEX_PROFILING,INFO;CALLOUT,INFO;DB,FINEST;SYSTEM,DEBUG;VALIDATION,INFO;VISUALFORCE,INFO;WAVE,INFO;WORKFLOW,NONE
02:06:59.0 (267560)|USER_INFO|[EXTERNAL]|0056A000000UMYo|suneelcando@gmail.com|Pacific Standard Time|GMT-07:00
02:06:59.0 (294223)|EXECUTION_STARTED
02:06:59.0 (298893)|CODE_UNIT_STARTED|[EXTERNAL]|0666A000001Dsje|VF: /apex/JSON2Apex
02:06:59.0 (749825)|VF_DESERIALIZE_VIEWSTATE_BEGIN|0666A000001Dsje
02:06:59.0 (5537984)|HEAP_ALLOCATE|[72]|Bytes:3
02:06:59.0 (5597261)|HEAP_ALLOCATE|[77]|Bytes:152
02:06:59.0 (5610182)|HEAP_ALLOCATE|[342]|Bytes:408
02:06:59.0 (5623365)|HEAP_ALLOCATE|[355]|Bytes:408
02:06:59.0 (5635042)|HEAP_ALLOCATE|[467]|Bytes:48
02:06:59.0 (5680372)|HEAP_ALLOCATE|[139]|Bytes:6
02:06:59.0 (7216627)|VF_DESERIALIZE_VIEWSTATE_END
02:06:59.0 (8115149)|HEAP_ALLOCATE|[EXTERNAL]|Bytes:108
02:06:59.0 (8134920)|HEAP_ALLOCATE|[EXTERNAL]|Bytes:5
02:06:59.0 (8137179)|HEAP_ALLOCATE|[EXTERNAL]|Bytes:1
02:06:59.0 (8153289)|METHOD_ENTRY|[1]|01p6A000003fQgy|JSON2ApexConverter.JSON2ApexConverter()
02:06:59.0 (8156903)|STATEMENT_EXECUTE|[1]
02:06:59.0 (8160767)|STATEMENT_EXECUTE|[1]
02:06:59.0 (8176411)|METHOD_EXIT|[1]|JSON2ApexConverter
02:06:59.0 (8186089)|HEAP_ALLOCATE|[EXTERNAL]|Bytes:16
02:06:59.0 (8192201)|VARIABLE_SCOPE_BEGIN|[5]|this|JSON2ApexConverter|true|false
02:06:59.0 (8393860)|VARIABLE_ASSIGNMENT|[5]|this|{"jsonString":"{ \"name\":\"John\", \"ag (32 more) ..."}|0x4edbcb3d
02:06:59.0 (8402188)|STATEMENT_EXECUTE|[5]
02:06:59.0 (8403571)|STATEMENT_EXECUTE|[6]
02:06:59.0 (8409397)|HEAP_ALLOCATE|[6]|Bytes:8
02:06:59.0 (8442585)|HEAP_ALLOCATE|[50]|Bytes:5
02:06:59.0 (8461404)|HEAP_ALLOCATE|[56]|Bytes:5
02:06:59.0 (8466356)|HEAP_ALLOCATE|[64]|Bytes:7
02:06:59.0 (8538236)|HEAP_ALLOCATE|[6]|Bytes:27
02:06:59.0 (8544145)|SYSTEM_METHOD_ENTRY|[1]|Type.Type()
02:06:59.0 (8546076)|STATEMENT_EXECUTE|[1]
02:06:59.0 (8551643)|SYSTEM_METHOD_EXIT|[1]|Type
02:06:59.0 (8555090)|HEAP_ALLOCATE|[6]|Bytes:8
02:06:59.0 (8569723)|HEAP_ALLOCATE|[6]|Bytes:8
02:06:59.0 (8572896)|VARIABLE_SCOPE_BEGIN|[4]|this|System.Type|true|false
02:06:59.0 (8587165)|VARIABLE_ASSIGNMENT|[4]|this|{}|0x2535fbc
02:06:59.0 (8589484)|VARIABLE_SCOPE_BEGIN|[4]|apextype|java:common.apex.runtime.ApexObjectType|true|false
02:06:59.0 (8764263)|VARIABLE_ASSIGNMENT|[4]|apextype|"Glossary"|0x3ae8ba0
02:06:59.0 (8828862)|HEAP_ALLOCATE|[6]|Bytes:8
02:06:59.0 (8855805)|HEAP_ALLOCATE|[6]|Bytes:24
02:06:59.0 (8860766)|SYSTEM_METHOD_ENTRY|[1]|JSON.JSON()
02:06:59.0 (8862500)|STATEMENT_EXECUTE|[1]
02:06:59.0 (8866034)|SYSTEM_METHOD_EXIT|[1]|JSON
02:06:59.0 (8895491)|METHOD_ENTRY|[6]||System.JSON.deserialize(String, System.Type)
02:06:59.0 (9022602)|STATEMENT_EXECUTE|[1]
02:06:59.0 (9025193)|STATEMENT_EXECUTE|[4]
02:06:59.0 (9132825)|METHOD_EXIT|[6]||System.JSON.deserialize(String, System.Type)
02:06:59.0 (9167750)|VARIABLE_ASSIGNMENT|[EXTERNAL]|this|{"jsonString":"{ \"name\":\"John\", \"ag (32 more) ..."}|0x4edbcb3d
02:06:59.0 (9180274)|VARIABLE_ASSIGNMENT|[EXTERNAL]|value|{"age":"30","name":"John"}|0x1ee120f0
02:06:59.0 (9186421)|VARIABLE_ASSIGNMENT|[3]|this.apexObj|0x1ee120f0|0x4edbcb3d
02:06:59.0 (9191774)|STATEMENT_EXECUTE|[7]
02:06:59.0 (9194696)|HEAP_ALLOCATE|[7]|Bytes:8
02:06:59.0 (9221509)|VARIABLE_ASSIGNMENT|[EXTERNAL]|this|{"apexObj":"0x1ee120f0","jsonString":"{ \"name\":\"John\", \"ag (32 more) ..."}|0x4edbcb3d
02:06:59.0 (9272547)|HEAP_ALLOCATE|[7]|Bytes:28
02:06:59.0 (9287109)|HEAP_ALLOCATE|[7]|Bytes:36
02:06:59.0 (9322037)|USER_DEBUG|[7]|DEBUG|apexObj:Glossary:[age=30, name=John]
02:06:59.0 (9327571)|STATEMENT_EXECUTE|[8]
02:06:59.0 (9350367)|VARIABLE_ASSIGNMENT|[EXTERNAL]|this|{"apexObj":"0x1ee120f0","jsonString":"{ \"name\":\"John\", \"ag (32 more) ..."}|0x4edbcb3d
02:06:59.0 (9366079)|METHOD_ENTRY|[8]||System.JSON.serialize(Object)
02:06:59.0 (9413183)|METHOD_EXIT|[8]||System.JSON.serialize(Object)
02:06:59.0 (9435587)|VARIABLE_ASSIGNMENT|[EXTERNAL]|this|{"apexObj":"0x1ee120f0","jsonString":"{ \"name\":\"John\", \"ag (32 more) ..."}|0x4edbcb3d
02:06:59.0 (9442349)|VARIABLE_ASSIGNMENT|[EXTERNAL]|value|"{\"name\":\"John\",\"age\" (6 more) ..."
02:06:59.0 (9449122)|VARIABLE_ASSIGNMENT|[4]|this.str|"{\"name\":\"John\",\"age\" (6 more) ..."|0x4edbcb3d
02:06:59.0 (9453258)|STATEMENT_EXECUTE|[9]
02:06:59.0 (41124151)|SYSTEM_MODE_ENTER|true
02:06:59.0 (42733533)|VF_SERIALIZE_VIEWSTATE_BEGIN|0666A000001Dsje
02:06:59.0 (44064637)|VF_SERIALIZE_VIEWSTATE_END
02:06:59.45 (45920734)|CUMULATIVE_LIMIT_USAGE
02:06:59.45 (45920734)|LIMIT_USAGE_FOR_NS|(default)|
  Number of SOQL queries: 0 out of 100
  Number of query rows: 0 out of 50000
  Number of SOSL queries: 0 out of 20
  Number of DML statements: 0 out of 150
  Number of DML rows: 0 out of 10000
  Maximum CPU time: 0 out of 10000
  Maximum heap size: 0 out of 6000000
  Number of callouts: 0 out of 100
  Number of Email Invocations: 0 out of 10
  Number of future calls: 0 out of 50
  Number of queueable jobs added to the queue: 0 out of 50
  Number of Mobile Apex push calls: 0 out of 10

02:06:59.45 (45920734)|CUMULATIVE_LIMIT_USAGE_END

02:06:59.0 (45952052)|CODE_UNIT_FINISHED|VF: /apex/JSON2Apex
02:06:59.0 (46844213)|EXECUTION_FINISHED
