39.0 APEX_CODE,FINEST;APEX_PROFILING,INFO;CALLOUT,INFO;DB,FINEST;SYSTEM,DEBUG;VALIDATION,INFO;VISUALFORCE,INFO;WAVE,INFO;WORKFLOW,NONE
23:38:18.0 (227073)|USER_INFO|[EXTERNAL]|0056A000000UMYo|suneelcando@gmail.com|Pacific Standard Time|GMT-07:00
23:38:18.0 (256316)|EXECUTION_STARTED
23:38:18.0 (260029)|CODE_UNIT_STARTED|[EXTERNAL]|0666A000001DsPC|VF: /apex/IndentationChecker
23:38:18.0 (678911)|VF_DESERIALIZE_VIEWSTATE_BEGIN|0666A000001DsPC
23:38:18.0 (5221706)|HEAP_ALLOCATE|[72]|Bytes:3
23:38:18.0 (5262323)|HEAP_ALLOCATE|[77]|Bytes:152
23:38:18.0 (5274554)|HEAP_ALLOCATE|[342]|Bytes:408
23:38:18.0 (5287964)|HEAP_ALLOCATE|[355]|Bytes:408
23:38:18.0 (5299090)|HEAP_ALLOCATE|[467]|Bytes:48
23:38:18.0 (5322640)|HEAP_ALLOCATE|[139]|Bytes:6
23:38:18.0 (6361906)|VF_DESERIALIZE_VIEWSTATE_END
23:38:18.0 (7013856)|SYSTEM_MODE_ENTER|true
23:38:18.0 (7041715)|HEAP_ALLOCATE|[EXTERNAL]|Bytes:112
23:38:18.0 (7047866)|HEAP_ALLOCATE|[EXTERNAL]|Bytes:11
23:38:18.0 (7055220)|METHOD_ENTRY|[1]|01p6A000003fOZX|IndentationCheckerController.IndentationCheckerController()
23:38:18.0 (7058664)|STATEMENT_EXECUTE|[1]
23:38:18.0 (7062669)|STATEMENT_EXECUTE|[1]
23:38:18.0 (7066625)|METHOD_EXIT|[1]|IndentationCheckerController
23:38:18.0 (7130249)|SYSTEM_MODE_ENTER|true
23:38:18.0 (7183869)|SYSTEM_MODE_ENTER|true
23:38:18.0 (7206226)|HEAP_ALLOCATE|[EXTERNAL]|Bytes:15
23:38:18.0 (7213219)|HEAP_ALLOCATE|[EXTERNAL]|Bytes:16
23:38:18.0 (7234145)|VARIABLE_ASSIGNMENT|[EXTERNAL]|this.inputString|"asdf a s;dfa{sd"|0x6d088533
23:38:18.0 (7262412)|SYSTEM_MODE_ENTER|true
23:38:18.0 (7272797)|HEAP_ALLOCATE|[EXTERNAL]|Bytes:16
23:38:18.0 (7278613)|VARIABLE_ASSIGNMENT|[EXTERNAL]|this.outputString|""|0x6d088533
23:38:18.0 (7543851)|HEAP_ALLOCATE|[EXTERNAL]|Bytes:16
23:38:18.0 (7552629)|VARIABLE_SCOPE_BEGIN|[13]|this|IndentationCheckerController|true|false
23:38:18.0 (7586987)|VARIABLE_ASSIGNMENT|[13]|this|{"chars":"0x3664189f","inputString":"asdf a s;dfa{sd","outputString":""}|0x6d088533
23:38:18.0 (7594936)|STATEMENT_EXECUTE|[13]
23:38:18.0 (7596151)|STATEMENT_EXECUTE|[14]
23:38:18.0 (7597206)|STATEMENT_EXECUTE|[14]
23:38:18.0 (7599200)|STATEMENT_EXECUTE|[15]
23:38:18.0 (7604994)|VARIABLE_SCOPE_BEGIN|[15]|i|Integer|false|false
23:38:18.0 (7608489)|HEAP_ALLOCATE|[15]|Bytes:4
23:38:18.0 (7614367)|VARIABLE_ASSIGNMENT|[15]|i|0
23:38:18.0 (7653819)|STATEMENT_EXECUTE|[15]
23:38:18.0 (7655174)|STATEMENT_EXECUTE|[16]
23:38:18.0 (7683170)|VARIABLE_ASSIGNMENT|[EXTERNAL]|this|{"chars":"0x3664189f","inputString":"asdf a s;dfa{sd","outputString":""}|0x6d088533
23:38:18.0 (7696273)|HEAP_ALLOCATE|[16]|Bytes:1
23:38:18.0 (7712292)|HEAP_ALLOCATE|[16]|Bytes:1
23:38:18.0 (7731661)|VARIABLE_ASSIGNMENT|[EXTERNAL]|this|{"chars":"0x3664189f","inputString":"asdf a s;dfa{sd","outputString":""}|0x6d088533
23:38:18.0 (7735687)|VARIABLE_ASSIGNMENT|[EXTERNAL]|value|"a"
23:38:18.0 (7741976)|VARIABLE_ASSIGNMENT|[3]|this.outputString|"a"|0x6d088533
23:38:18.0 (7748125)|HEAP_ALLOCATE|[17]|Bytes:1
23:38:18.0 (7751246)|HEAP_ALLOCATE|[17]|Bytes:1
23:38:18.0 (7782041)|HEAP_ALLOCATE|[50]|Bytes:5
23:38:18.0 (7797072)|HEAP_ALLOCATE|[56]|Bytes:5
23:38:18.0 (7801960)|HEAP_ALLOCATE|[64]|Bytes:7
23:38:18.0 (7835522)|HEAP_ALLOCATE|[17]|Bytes:1
23:38:18.0 (7838660)|HEAP_ALLOCATE|[17]|Bytes:1
23:38:18.0 (7845930)|STATEMENT_EXECUTE|[17]
23:38:18.0 (7847746)|HEAP_ALLOCATE|[15]|Bytes:4
23:38:18.0 (7852044)|VARIABLE_ASSIGNMENT|[15]|i|1
23:38:18.0 (7860409)|STATEMENT_EXECUTE|[15]
23:38:18.0 (7861335)|STATEMENT_EXECUTE|[16]
23:38:18.0 (7875146)|VARIABLE_ASSIGNMENT|[EXTERNAL]|this|{"chars":"0x3664189f","inputString":"asdf a s;dfa{sd","outputString":"a"}|0x6d088533
23:38:18.0 (7881800)|HEAP_ALLOCATE|[16]|Bytes:1
23:38:18.0 (7885508)|HEAP_ALLOCATE|[16]|Bytes:2
23:38:18.0 (7895444)|VARIABLE_ASSIGNMENT|[EXTERNAL]|this|{"chars":"0x3664189f","inputString":"asdf a s;dfa{sd","outputString":"a"}|0x6d088533
23:38:18.0 (7898333)|VARIABLE_ASSIGNMENT|[EXTERNAL]|value|"as"
23:38:18.0 (7902317)|VARIABLE_ASSIGNMENT|[3]|this.outputString|"as"|0x6d088533
23:38:18.0 (7906562)|HEAP_ALLOCATE|[17]|Bytes:1
23:38:18.0 (7912533)|HEAP_ALLOCATE|[17]|Bytes:1
23:38:18.0 (7916961)|STATEMENT_EXECUTE|[17]
23:38:18.0 (7918238)|HEAP_ALLOCATE|[15]|Bytes:4
23:38:18.0 (7921109)|VARIABLE_ASSIGNMENT|[15]|i|2
23:38:18.0 (7926892)|STATEMENT_EXECUTE|[15]
23:38:18.0 (7927796)|STATEMENT_EXECUTE|[16]
23:38:18.0 (7937672)|VARIABLE_ASSIGNMENT|[EXTERNAL]|this|{"chars":"0x3664189f","inputString":"asdf a s;dfa{sd","outputString":"as"}|0x6d088533
23:38:18.0 (7942236)|HEAP_ALLOCATE|[16]|Bytes:1
23:38:18.0 (7945023)|HEAP_ALLOCATE|[16]|Bytes:3
23:38:18.0 (7954203)|VARIABLE_ASSIGNMENT|[EXTERNAL]|this|{"chars":"0x3664189f","inputString":"asdf a s;dfa{sd","outputString":"as"}|0x6d088533
23:38:18.0 (7957136)|VARIABLE_ASSIGNMENT|[EXTERNAL]|value|"asd"
23:38:18.0 (7960643)|VARIABLE_ASSIGNMENT|[3]|this.outputString|"asd"|0x6d088533
23:38:18.0 (7964172)|HEAP_ALLOCATE|[17]|Bytes:1
23:38:18.0 (7968857)|HEAP_ALLOCATE|[17]|Bytes:1
23:38:18.0 (7972582)|STATEMENT_EXECUTE|[17]
23:38:18.0 (7973747)|HEAP_ALLOCATE|[15]|Bytes:4
23:38:18.0 (7976389)|VARIABLE_ASSIGNMENT|[15]|i|3
23:38:18.0 (7981742)|STATEMENT_EXECUTE|[15]
23:38:18.0 (7982635)|STATEMENT_EXECUTE|[16]
23:38:18.0 (7992156)|VARIABLE_ASSIGNMENT|[EXTERNAL]|this|{"chars":"0x3664189f","inputString":"asdf a s;dfa{sd","outputString":"asd"}|0x6d088533
23:38:18.0 (7996723)|HEAP_ALLOCATE|[16]|Bytes:1
23:38:18.0 (7999385)|HEAP_ALLOCATE|[16]|Bytes:4
23:38:18.0 (8008587)|VARIABLE_ASSIGNMENT|[EXTERNAL]|this|{"chars":"0x3664189f","inputString":"asdf a s;dfa{sd","outputString":"asd"}|0x6d088533
23:38:18.0 (8012633)|VARIABLE_ASSIGNMENT|[EXTERNAL]|value|"asdf"
23:38:18.0 (8015947)|VARIABLE_ASSIGNMENT|[3]|this.outputString|"asdf"|0x6d088533
23:38:18.0 (8019846)|HEAP_ALLOCATE|[17]|Bytes:1
23:38:18.0 (8024420)|HEAP_ALLOCATE|[17]|Bytes:1
23:38:18.0 (8028645)|STATEMENT_EXECUTE|[17]
23:38:18.0 (8029904)|HEAP_ALLOCATE|[15]|Bytes:4
23:38:18.0 (8032655)|VARIABLE_ASSIGNMENT|[15]|i|4
23:38:18.0 (8037657)|STATEMENT_EXECUTE|[15]
23:38:18.0 (8038539)|STATEMENT_EXECUTE|[16]
23:38:18.0 (8048022)|VARIABLE_ASSIGNMENT|[EXTERNAL]|this|{"chars":"0x3664189f","inputString":"asdf a s;dfa{sd","outputString":"asdf"}|0x6d088533
23:38:18.0 (8052495)|HEAP_ALLOCATE|[16]|Bytes:1
23:38:18.0 (8055133)|HEAP_ALLOCATE|[16]|Bytes:5
23:38:18.0 (8064277)|VARIABLE_ASSIGNMENT|[EXTERNAL]|this|{"chars":"0x3664189f","inputString":"asdf a s;dfa{sd","outputString":"asdf"}|0x6d088533
23:38:18.0 (8066700)|VARIABLE_ASSIGNMENT|[EXTERNAL]|value|"asdf "
23:38:18.0 (8069946)|VARIABLE_ASSIGNMENT|[3]|this.outputString|"asdf "|0x6d088533
23:38:18.0 (8073245)|HEAP_ALLOCATE|[17]|Bytes:1
23:38:18.0 (8078363)|HEAP_ALLOCATE|[17]|Bytes:1
23:38:18.0 (8082152)|STATEMENT_EXECUTE|[17]
23:38:18.0 (8083686)|HEAP_ALLOCATE|[15]|Bytes:4
23:38:18.0 (8086446)|VARIABLE_ASSIGNMENT|[15]|i|5
23:38:18.0 (8091388)|STATEMENT_EXECUTE|[15]
23:38:18.0 (8092253)|STATEMENT_EXECUTE|[16]
23:38:18.0 (8101744)|VARIABLE_ASSIGNMENT|[EXTERNAL]|this|{"chars":"0x3664189f","inputString":"asdf a s;dfa{sd","outputString":"asdf "}|0x6d088533
23:38:18.0 (8106019)|HEAP_ALLOCATE|[16]|Bytes:1
23:38:18.0 (8108594)|HEAP_ALLOCATE|[16]|Bytes:6
23:38:18.0 (8117719)|VARIABLE_ASSIGNMENT|[EXTERNAL]|this|{"chars":"0x3664189f","inputString":"asdf a s;dfa{sd","outputString":"asdf "}|0x6d088533
23:38:18.0 (8120158)|VARIABLE_ASSIGNMENT|[EXTERNAL]|value|"asdf a"
23:38:18.0 (8123374)|VARIABLE_ASSIGNMENT|[3]|this.outputString|"asdf a"|0x6d088533
23:38:18.0 (8126606)|HEAP_ALLOCATE|[17]|Bytes:1
23:38:18.0 (8131312)|HEAP_ALLOCATE|[17]|Bytes:1
23:38:18.0 (8134974)|STATEMENT_EXECUTE|[17]
23:38:18.0 (8136129)|HEAP_ALLOCATE|[15]|Bytes:4
23:38:18.0 (8138941)|VARIABLE_ASSIGNMENT|[15]|i|6
23:38:18.0 (8143925)|STATEMENT_EXECUTE|[15]
23:38:18.0 (8145080)|STATEMENT_EXECUTE|[16]
23:38:18.0 (8154800)|VARIABLE_ASSIGNMENT|[EXTERNAL]|this|{"chars":"0x3664189f","inputString":"asdf a s;dfa{sd","outputString":"asdf a"}|0x6d088533
23:38:18.0 (8158803)|HEAP_ALLOCATE|[16]|Bytes:1
23:38:18.0 (8161394)|HEAP_ALLOCATE|[16]|Bytes:7
23:38:18.0 (8172923)|VARIABLE_ASSIGNMENT|[EXTERNAL]|this|{"chars":"0x3664189f","inputString":"asdf a s;dfa{sd","outputString":"asdf a"}|0x6d088533
23:38:18.0 (8176210)|VARIABLE_ASSIGNMENT|[EXTERNAL]|value|"asdf a "
23:38:18.0 (8179488)|VARIABLE_ASSIGNMENT|[3]|this.outputString|"asdf a "|0x6d088533
23:38:18.0 (8183232)|HEAP_ALLOCATE|[17]|Bytes:1
23:38:18.0 (8188331)|HEAP_ALLOCATE|[17]|Bytes:1
23:38:18.0 (8192614)|STATEMENT_EXECUTE|[17]
23:38:18.0 (8193753)|HEAP_ALLOCATE|[15]|Bytes:4
23:38:18.0 (8196337)|VARIABLE_ASSIGNMENT|[15]|i|7
23:38:18.0 (8201424)|STATEMENT_EXECUTE|[15]
23:38:18.0 (8202292)|STATEMENT_EXECUTE|[16]
23:38:18.0 (8211644)|VARIABLE_ASSIGNMENT|[EXTERNAL]|this|{"chars":"0x3664189f","inputString":"asdf a s;dfa{sd","outputString":"asdf a "}|0x6d088533
23:38:18.0 (8216052)|HEAP_ALLOCATE|[16]|Bytes:1
23:38:18.0 (8218858)|HEAP_ALLOCATE|[16]|Bytes:8
23:38:18.0 (8227962)|VARIABLE_ASSIGNMENT|[EXTERNAL]|this|{"chars":"0x3664189f","inputString":"asdf a s;dfa{sd","outputString":"asdf a "}|0x6d088533
23:38:18.0 (8230960)|VARIABLE_ASSIGNMENT|[EXTERNAL]|value|"asdf a s"
23:38:18.0 (8234137)|VARIABLE_ASSIGNMENT|[3]|this.outputString|"asdf a s"|0x6d088533
23:38:18.0 (8241896)|HEAP_ALLOCATE|[17]|Bytes:1
23:38:18.0 (8247046)|HEAP_ALLOCATE|[17]|Bytes:1
23:38:18.0 (8250794)|STATEMENT_EXECUTE|[17]
23:38:18.0 (8251958)|HEAP_ALLOCATE|[15]|Bytes:4
23:38:18.0 (8254637)|VARIABLE_ASSIGNMENT|[15]|i|8
23:38:18.0 (8260049)|STATEMENT_EXECUTE|[15]
23:38:18.0 (8260928)|STATEMENT_EXECUTE|[16]
23:38:18.0 (8270859)|VARIABLE_ASSIGNMENT|[EXTERNAL]|this|{"chars":"0x3664189f","inputString":"asdf a s;dfa{sd","outputString":"asdf a s"}|0x6d088533
23:38:18.0 (8274940)|HEAP_ALLOCATE|[16]|Bytes:1
23:38:18.0 (8277513)|HEAP_ALLOCATE|[16]|Bytes:9
23:38:18.0 (8286610)|VARIABLE_ASSIGNMENT|[EXTERNAL]|this|{"chars":"0x3664189f","inputString":"asdf a s;dfa{sd","outputString":"asdf a s"}|0x6d088533
23:38:18.0 (8289469)|VARIABLE_ASSIGNMENT|[EXTERNAL]|value|"asdf a s;"
23:38:18.0 (8292742)|VARIABLE_ASSIGNMENT|[3]|this.outputString|"asdf a s;"|0x6d088533
23:38:18.0 (8296266)|HEAP_ALLOCATE|[17]|Bytes:1
23:38:18.0 (8301760)|STATEMENT_EXECUTE|[17]
23:38:18.0 (8302682)|STATEMENT_EXECUTE|[18]
23:38:18.0 (8315110)|METHOD_ENTRY|[18]|01p6A000003fOZX|IndentationCheckerController.addEnter()
23:38:18.0 (8327364)|VARIABLE_SCOPE_BEGIN|[27]|this|IndentationCheckerController|true|false
23:38:18.0 (8337214)|VARIABLE_ASSIGNMENT|[27]|this|{"chars":"0x3664189f","inputString":"asdf a s;dfa{sd","outputString":"asdf a s;"}|0x6d088533
23:38:18.0 (8340418)|STATEMENT_EXECUTE|[27]
23:38:18.0 (8341344)|STATEMENT_EXECUTE|[28]
23:38:18.0 (8354893)|VARIABLE_ASSIGNMENT|[EXTERNAL]|this|{"chars":"0x3664189f","inputString":"asdf a s;dfa{sd","outputString":"asdf a s;"}|0x6d088533
23:38:18.0 (8359793)|HEAP_ALLOCATE|[28]|Bytes:1
23:38:18.0 (8363639)|HEAP_ALLOCATE|[28]|Bytes:10
23:38:18.0 (8366708)|METHOD_EXIT|[18]|01p6A000003fOZX|IndentationCheckerController.addEnter()
23:38:18.0 (8377394)|VARIABLE_ASSIGNMENT|[EXTERNAL]|this|{"chars":"0x3664189f","inputString":"asdf a s;dfa{sd","outputString":"asdf a s;"}|0x6d088533
23:38:18.0 (8382271)|VARIABLE_ASSIGNMENT|[EXTERNAL]|value|"asdf a s;\n"
23:38:18.0 (8385813)|VARIABLE_ASSIGNMENT|[3]|this.outputString|"asdf a s;\n"|0x6d088533
23:38:18.0 (8389018)|HEAP_ALLOCATE|[15]|Bytes:4
23:38:18.0 (8391673)|VARIABLE_ASSIGNMENT|[15]|i|9
23:38:18.0 (8398089)|STATEMENT_EXECUTE|[15]
23:38:18.0 (8399134)|STATEMENT_EXECUTE|[16]
23:38:18.0 (8409015)|VARIABLE_ASSIGNMENT|[EXTERNAL]|this|{"chars":"0x3664189f","inputString":"asdf a s;dfa{sd","outputString":"asdf a s;\n"}|0x6d088533
23:38:18.0 (8413537)|HEAP_ALLOCATE|[16]|Bytes:1
23:38:18.0 (8416328)|HEAP_ALLOCATE|[16]|Bytes:11
23:38:18.0 (8425995)|VARIABLE_ASSIGNMENT|[EXTERNAL]|this|{"chars":"0x3664189f","inputString":"asdf a s;dfa{sd","outputString":"asdf a s;\n"}|0x6d088533
23:38:18.0 (8429128)|VARIABLE_ASSIGNMENT|[EXTERNAL]|value|"asdf a s;\nd"
23:38:18.0 (8432663)|VARIABLE_ASSIGNMENT|[3]|this.outputString|"asdf a s;\nd"|0x6d088533
23:38:18.0 (8436291)|HEAP_ALLOCATE|[17]|Bytes:1
23:38:18.0 (8441414)|HEAP_ALLOCATE|[17]|Bytes:1
23:38:18.0 (8445132)|STATEMENT_EXECUTE|[17]
23:38:18.0 (8446287)|HEAP_ALLOCATE|[15]|Bytes:4
23:38:18.0 (8449083)|VARIABLE_ASSIGNMENT|[15]|i|10
23:38:18.0 (8454528)|STATEMENT_EXECUTE|[15]
23:38:18.0 (8455626)|STATEMENT_EXECUTE|[16]
23:38:18.0 (8465458)|VARIABLE_ASSIGNMENT|[EXTERNAL]|this|{"chars":"0x3664189f","inputString":"asdf a s;dfa{sd","outputString":"asdf a s;\nd"}|0x6d088533
23:38:18.0 (8469925)|HEAP_ALLOCATE|[16]|Bytes:1
23:38:18.0 (8472709)|HEAP_ALLOCATE|[16]|Bytes:12
23:38:18.0 (8481980)|VARIABLE_ASSIGNMENT|[EXTERNAL]|this|{"chars":"0x3664189f","inputString":"asdf a s;dfa{sd","outputString":"asdf a s;\nd"}|0x6d088533
23:38:18.0 (8484568)|VARIABLE_ASSIGNMENT|[EXTERNAL]|value|"asdf a s;\ndf"
23:38:18.0 (8488114)|VARIABLE_ASSIGNMENT|[3]|this.outputString|"asdf a s;\ndf"|0x6d088533
23:38:18.0 (8491620)|HEAP_ALLOCATE|[17]|Bytes:1
23:38:18.0 (8496424)|HEAP_ALLOCATE|[17]|Bytes:1
23:38:18.0 (8499953)|STATEMENT_EXECUTE|[17]
23:38:18.0 (8501582)|HEAP_ALLOCATE|[15]|Bytes:4
23:38:18.0 (8504279)|VARIABLE_ASSIGNMENT|[15]|i|11
23:38:18.0 (8509480)|STATEMENT_EXECUTE|[15]
23:38:18.0 (8510376)|STATEMENT_EXECUTE|[16]
23:38:18.0 (8519991)|VARIABLE_ASSIGNMENT|[EXTERNAL]|this|{"chars":"0x3664189f","inputString":"asdf a s;dfa{sd","outputString":"asdf a s;\ndf"}|0x6d088533
23:38:18.0 (8524459)|HEAP_ALLOCATE|[16]|Bytes:1
23:38:18.0 (8527158)|HEAP_ALLOCATE|[16]|Bytes:13
23:38:18.0 (8536563)|VARIABLE_ASSIGNMENT|[EXTERNAL]|this|{"chars":"0x3664189f","inputString":"asdf a s;dfa{sd","outputString":"asdf a s;\ndf"}|0x6d088533
23:38:18.0 (8539542)|VARIABLE_ASSIGNMENT|[EXTERNAL]|value|"asdf a s;\ndfa"
23:38:18.0 (8542797)|VARIABLE_ASSIGNMENT|[3]|this.outputString|"asdf a s;\ndfa"|0x6d088533
23:38:18.0 (8546073)|HEAP_ALLOCATE|[17]|Bytes:1
23:38:18.0 (8551252)|HEAP_ALLOCATE|[17]|Bytes:1
23:38:18.0 (8554899)|STATEMENT_EXECUTE|[17]
23:38:18.0 (8556066)|HEAP_ALLOCATE|[15]|Bytes:4
23:38:18.0 (8558728)|VARIABLE_ASSIGNMENT|[15]|i|12
23:38:18.0 (8563945)|STATEMENT_EXECUTE|[15]
23:38:18.0 (8565105)|STATEMENT_EXECUTE|[16]
23:38:18.0 (8574917)|VARIABLE_ASSIGNMENT|[EXTERNAL]|this|{"chars":"0x3664189f","inputString":"asdf a s;dfa{sd","outputString":"asdf a s;\ndfa"}|0x6d088533
23:38:18.0 (8579328)|HEAP_ALLOCATE|[16]|Bytes:1
23:38:18.0 (8581957)|HEAP_ALLOCATE|[16]|Bytes:14
23:38:18.0 (8591174)|VARIABLE_ASSIGNMENT|[EXTERNAL]|this|{"chars":"0x3664189f","inputString":"asdf a s;dfa{sd","outputString":"asdf a s;\ndfa"}|0x6d088533
23:38:18.0 (8594111)|VARIABLE_ASSIGNMENT|[EXTERNAL]|value|"asdf a s;\ndfa{"
23:38:18.0 (8597429)|VARIABLE_ASSIGNMENT|[3]|this.outputString|"asdf a s;\ndfa{"|0x6d088533
23:38:18.0 (8601081)|HEAP_ALLOCATE|[17]|Bytes:1
23:38:18.0 (8605542)|HEAP_ALLOCATE|[17]|Bytes:1
23:38:18.0 (8609678)|STATEMENT_EXECUTE|[17]
23:38:18.0 (8610595)|STATEMENT_EXECUTE|[18]
23:38:18.0 (8613328)|METHOD_ENTRY|[18]|01p6A000003fOZX|IndentationCheckerController.addEnter()
23:38:18.0 (8615182)|VARIABLE_SCOPE_BEGIN|[27]|this|IndentationCheckerController|true|false
23:38:18.0 (8623978)|VARIABLE_ASSIGNMENT|[27]|this|{"chars":"0x3664189f","inputString":"asdf a s;dfa{sd","outputString":"asdf a s;\ndfa{"}|0x6d088533
23:38:18.0 (8626659)|STATEMENT_EXECUTE|[27]
23:38:18.0 (8627547)|STATEMENT_EXECUTE|[28]
23:38:18.0 (8636470)|VARIABLE_ASSIGNMENT|[EXTERNAL]|this|{"chars":"0x3664189f","inputString":"asdf a s;dfa{sd","outputString":"asdf a s;\ndfa{"}|0x6d088533
23:38:18.0 (8641104)|HEAP_ALLOCATE|[28]|Bytes:15
23:38:18.0 (8643496)|METHOD_EXIT|[18]|01p6A000003fOZX|IndentationCheckerController.addEnter()
23:38:18.0 (8652757)|VARIABLE_ASSIGNMENT|[EXTERNAL]|this|{"chars":"0x3664189f","inputString":"asdf a s;dfa{sd","outputString":"asdf a s;\ndfa{"}|0x6d088533
23:38:18.0 (8655936)|VARIABLE_ASSIGNMENT|[EXTERNAL]|value|"asdf a s;\ndfa{\n"
23:38:18.0 (8659944)|VARIABLE_ASSIGNMENT|[3]|this.outputString|"asdf a s;\ndfa{\n"|0x6d088533
23:38:18.0 (8662968)|HEAP_ALLOCATE|[15]|Bytes:4
23:38:18.0 (8665701)|VARIABLE_ASSIGNMENT|[15]|i|13
23:38:18.0 (8671574)|STATEMENT_EXECUTE|[15]
23:38:18.0 (8672461)|STATEMENT_EXECUTE|[16]
23:38:18.0 (8681926)|VARIABLE_ASSIGNMENT|[EXTERNAL]|this|{"chars":"0x3664189f","inputString":"asdf a s;dfa{sd","outputString":"asdf a s;\ndfa{\n"}|0x6d088533
23:38:18.0 (8686593)|HEAP_ALLOCATE|[16]|Bytes:1
23:38:18.0 (8689596)|HEAP_ALLOCATE|[16]|Bytes:16
23:38:18.0 (8699073)|VARIABLE_ASSIGNMENT|[EXTERNAL]|this|{"chars":"0x3664189f","inputString":"asdf a s;dfa{sd","outputString":"asdf a s;\ndfa{\n"}|0x6d088533
23:38:18.0 (8702154)|VARIABLE_ASSIGNMENT|[EXTERNAL]|value|"asdf a s;\ndfa{\ns"
23:38:18.0 (8705536)|VARIABLE_ASSIGNMENT|[3]|this.outputString|"asdf a s;\ndfa{\ns"|0x6d088533
23:38:18.0 (8708922)|HEAP_ALLOCATE|[17]|Bytes:1
23:38:18.0 (8714114)|HEAP_ALLOCATE|[17]|Bytes:1
23:38:18.0 (8717850)|STATEMENT_EXECUTE|[17]
23:38:18.0 (8718982)|HEAP_ALLOCATE|[15]|Bytes:4
23:38:18.0 (8721638)|VARIABLE_ASSIGNMENT|[15]|i|14
23:38:18.0 (8726751)|STATEMENT_EXECUTE|[15]
23:38:18.0 (8727727)|STATEMENT_EXECUTE|[16]
23:38:18.0 (8737596)|VARIABLE_ASSIGNMENT|[EXTERNAL]|this|{"chars":"0x3664189f","inputString":"asdf a s;dfa{sd","outputString":"asdf a s;\ndfa{\ns"}|0x6d088533
23:38:18.0 (8742036)|HEAP_ALLOCATE|[16]|Bytes:1
23:38:18.0 (8744667)|HEAP_ALLOCATE|[16]|Bytes:17
23:38:18.0 (8753941)|VARIABLE_ASSIGNMENT|[EXTERNAL]|this|{"chars":"0x3664189f","inputString":"asdf a s;dfa{sd","outputString":"asdf a s;\ndfa{\ns"}|0x6d088533
23:38:18.0 (8757199)|VARIABLE_ASSIGNMENT|[EXTERNAL]|value|"asdf a s;\ndfa{\nsd"
23:38:18.0 (8760640)|VARIABLE_ASSIGNMENT|[3]|this.outputString|"asdf a s;\ndfa{\nsd"|0x6d088533
23:38:18.0 (8764320)|HEAP_ALLOCATE|[17]|Bytes:1
23:38:18.0 (8769118)|HEAP_ALLOCATE|[17]|Bytes:1
23:38:18.0 (8772612)|STATEMENT_EXECUTE|[17]
23:38:18.0 (8773737)|HEAP_ALLOCATE|[15]|Bytes:4
23:38:18.0 (8776196)|VARIABLE_ASSIGNMENT|[15]|i|15
23:38:18.0 (8781707)|STATEMENT_EXECUTE|[25]
23:38:18.0 (10613716)|SYSTEM_MODE_ENTER|true
23:38:18.0 (11305229)|SYSTEM_MODE_ENTER|true
23:38:18.0 (11505789)|VF_SERIALIZE_VIEWSTATE_BEGIN|0666A000001DsPC
23:38:18.0 (12585358)|VF_SERIALIZE_VIEWSTATE_END
23:38:18.14 (14139685)|CUMULATIVE_LIMIT_USAGE
23:38:18.14 (14139685)|LIMIT_USAGE_FOR_NS|(default)|
  Number of SOQL queries: 0 out of 100
  Number of query rows: 0 out of 50000
  Number of SOSL queries: 0 out of 20
  Number of DML statements: 0 out of 150
  Number of DML rows: 0 out of 10000
  Maximum CPU time: 0 out of 10000
  Maximum heap size: 0 out of 6000000
  Number of callouts: 0 out of 100
  Number of Email Invocations: 0 out of 10
  Number of future calls: 0 out of 50
  Number of queueable jobs added to the queue: 0 out of 50
  Number of Mobile Apex push calls: 0 out of 10

23:38:18.14 (14139685)|CUMULATIVE_LIMIT_USAGE_END

23:38:18.0 (14165997)|CODE_UNIT_FINISHED|VF: /apex/IndentationChecker
23:38:18.0 (14880916)|EXECUTION_FINISHED
