39.0 APEX_CODE,FINEST;APEX_PROFILING,INFO;CALLOUT,INFO;DB,FINEST;SYSTEM,DEBUG;VALIDATION,INFO;VISUALFORCE,INFO;WAVE,INFO;WORKFLOW,NONE
02:20:10.0 (61836)|USER_INFO|[EXTERNAL]|0056A000000UMYo|suneelcando@gmail.com|Pacific Standard Time|GMT-07:00
02:20:10.0 (89648)|EXECUTION_STARTED
02:20:10.0 (93422)|CODE_UNIT_STARTED|[EXTERNAL]|0666A000001Dsje|VF: /apex/JSON2Apex
02:20:10.0 (236145)|VF_DESERIALIZE_VIEWSTATE_BEGIN|0666A000001Dsje
02:20:10.0 (8302476)|HEAP_ALLOCATE|[72]|Bytes:3
02:20:10.0 (8337815)|HEAP_ALLOCATE|[77]|Bytes:152
02:20:10.0 (8349756)|HEAP_ALLOCATE|[342]|Bytes:408
02:20:10.0 (8362949)|HEAP_ALLOCATE|[355]|Bytes:408
02:20:10.0 (8374086)|HEAP_ALLOCATE|[467]|Bytes:48
02:20:10.0 (8396618)|HEAP_ALLOCATE|[139]|Bytes:6
02:20:10.0 (11367471)|VF_DESERIALIZE_VIEWSTATE_END
02:20:10.0 (12666997)|HEAP_ALLOCATE|[EXTERNAL]|Bytes:108
02:20:10.0 (12674216)|HEAP_ALLOCATE|[EXTERNAL]|Bytes:5
02:20:10.0 (12676590)|HEAP_ALLOCATE|[EXTERNAL]|Bytes:3
02:20:10.0 (12773176)|METHOD_ENTRY|[1]|01p6A000003fQgy|JSON2ApexConverter.JSON2ApexConverter()
02:20:10.0 (12776843)|STATEMENT_EXECUTE|[1]
02:20:10.0 (12781465)|STATEMENT_EXECUTE|[1]
02:20:10.0 (12805072)|METHOD_EXIT|[1]|JSON2ApexConverter
02:20:10.0 (12814987)|HEAP_ALLOCATE|[EXTERNAL]|Bytes:16
02:20:10.0 (12821208)|VARIABLE_SCOPE_BEGIN|[5]|this|JSON2ApexConverter|true|false
02:20:10.0 (12882428)|VARIABLE_ASSIGNMENT|[5]|this|{"jsonString":"{ \"name\":\"John\", \"ag (51 more) ..."}|0x551ce5e6
02:20:10.0 (12890205)|STATEMENT_EXECUTE|[5]
02:20:10.0 (12891418)|STATEMENT_EXECUTE|[6]
02:20:10.0 (12896957)|HEAP_ALLOCATE|[6]|Bytes:8
02:20:10.0 (12931662)|HEAP_ALLOCATE|[50]|Bytes:5
02:20:10.0 (12952495)|HEAP_ALLOCATE|[56]|Bytes:5
02:20:10.0 (12957604)|HEAP_ALLOCATE|[64]|Bytes:7
02:20:10.0 (13037644)|HEAP_ALLOCATE|[6]|Bytes:27
02:20:10.0 (13044007)|SYSTEM_METHOD_ENTRY|[1]|Type.Type()
02:20:10.0 (13046048)|STATEMENT_EXECUTE|[1]
02:20:10.0 (13051078)|SYSTEM_METHOD_EXIT|[1]|Type
02:20:10.0 (13054825)|HEAP_ALLOCATE|[6]|Bytes:8
02:20:10.0 (13072523)|HEAP_ALLOCATE|[6]|Bytes:8
02:20:10.0 (13075519)|VARIABLE_SCOPE_BEGIN|[4]|this|System.Type|true|false
02:20:10.0 (13090003)|VARIABLE_ASSIGNMENT|[4]|this|{}|0x45a16602
02:20:10.0 (13092578)|VARIABLE_SCOPE_BEGIN|[4]|apextype|java:common.apex.runtime.ApexObjectType|true|false
02:20:10.0 (13210760)|VARIABLE_ASSIGNMENT|[4]|apextype|"Glossary"|0x37de3536
02:20:10.0 (13354345)|HEAP_ALLOCATE|[6]|Bytes:8
02:20:10.0 (13384968)|HEAP_ALLOCATE|[6]|Bytes:24
02:20:10.0 (13390218)|SYSTEM_METHOD_ENTRY|[1]|JSON.JSON()
02:20:10.0 (13391963)|STATEMENT_EXECUTE|[1]
02:20:10.0 (13395239)|SYSTEM_METHOD_EXIT|[1]|JSON
02:20:10.0 (13407648)|METHOD_ENTRY|[6]||System.JSON.deserialize(String, System.Type)
02:20:10.0 (13519331)|STATEMENT_EXECUTE|[1]
02:20:10.0 (13521279)|STATEMENT_EXECUTE|[5]
02:20:10.0 (26167811)|STATEMENT_EXECUTE|[1]
02:20:10.0 (26710712)|METHOD_EXIT|[6]||System.JSON.deserialize(String, System.Type)
02:20:10.0 (26802643)|FATAL_ERROR|System.JSONException: Unexpected end-of-input: expected close marker for OBJECT (from [line:1, column:143]

Class.System.JSON.deserialize: line 15, column 1
Class.JSON2ApexConverter.getJSON: line 6, column 1
