39.0 APEX_CODE,FINEST;APEX_PROFILING,INFO;CALLOUT,INFO;DB,FINEST;SYSTEM,DEBUG;VALIDATION,INFO;VISUALFORCE,INFO;WAVE,INFO;WORKFLOW,NONE
23:39:20.0 (268237)|USER_INFO|[EXTERNAL]|0056A000000UMYo|suneelcando@gmail.com|Pacific Standard Time|GMT-07:00
23:39:20.0 (294179)|EXECUTION_STARTED
23:39:20.0 (297190)|CODE_UNIT_STARTED|[EXTERNAL]|0666A000001DsPC|VF: /apex/IndentationChecker
23:39:20.0 (17268827)|SYSTEM_MODE_ENTER|true
23:39:20.0 (17575541)|HEAP_ALLOCATE|[72]|Bytes:3
23:39:20.0 (17610040)|HEAP_ALLOCATE|[77]|Bytes:152
23:39:20.0 (17621215)|HEAP_ALLOCATE|[342]|Bytes:408
23:39:20.0 (17634932)|HEAP_ALLOCATE|[355]|Bytes:408
23:39:20.0 (17646874)|HEAP_ALLOCATE|[467]|Bytes:48
23:39:20.0 (17670213)|HEAP_ALLOCATE|[139]|Bytes:6
23:39:20.0 (17681231)|HEAP_ALLOCATE|[EXTERNAL]|Bytes:112
23:39:20.0 (17684401)|HEAP_ALLOCATE|[EXTERNAL]|Bytes:11
23:39:20.0 (17690813)|METHOD_ENTRY|[1]|01p6A000003fOZX|IndentationCheckerController.IndentationCheckerController()
23:39:20.0 (17693485)|STATEMENT_EXECUTE|[1]
23:39:20.0 (17696807)|STATEMENT_EXECUTE|[1]
23:39:20.0 (17700194)|METHOD_EXIT|[1]|IndentationCheckerController
23:39:20.0 (17734064)|HEAP_ALLOCATE|[EXTERNAL]|Bytes:16
23:39:20.0 (17740224)|VARIABLE_SCOPE_BEGIN|[5]|this|IndentationCheckerController|true|false
23:39:20.0 (17789675)|VARIABLE_ASSIGNMENT|[5]|this|{}|0x6ae40391
23:39:20.0 (17795732)|STATEMENT_EXECUTE|[1]
23:39:20.0 (17796883)|STATEMENT_EXECUTE|[2]
23:39:20.0 (17798105)|STATEMENT_EXECUTE|[3]
23:39:20.0 (17798932)|STATEMENT_EXECUTE|[4]
23:39:20.0 (17804516)|HEAP_ALLOCATE|[6]|Bytes:6
23:39:20.0 (17836815)|STATEMENT_EXECUTE|[5]
23:39:20.0 (17838338)|STATEMENT_EXECUTE|[6]
23:39:20.0 (17840390)|HEAP_ALLOCATE|[6]|Bytes:26
23:39:20.0 (17893754)|VARIABLE_ASSIGNMENT|[EXTERNAL]|this|{}|0x6ae40391
23:39:20.0 (17904375)|VARIABLE_ASSIGNMENT|[EXTERNAL]|value|"asdf  a     \t\tc \t\ts; (6 more) ..."
23:39:20.0 (17915858)|VARIABLE_ASSIGNMENT|[2]|this.inputString|"asdf  a     \t\tc \t\ts; (6 more) ..."|0x6ae40391
23:39:20.0 (17922354)|STATEMENT_EXECUTE|[7]
23:39:20.0 (17943371)|VARIABLE_ASSIGNMENT|[EXTERNAL]|this|{"inputString":"asdf  a     \t\tc \t\ts; (6 more) ..."}|0x6ae40391
23:39:20.0 (17951526)|HEAP_ALLOCATE|[7]|Bytes:3
23:39:20.0 (17954117)|HEAP_ALLOCATE|[7]|Bytes:1
23:39:20.0 (17982549)|HEAP_ALLOCATE|[7]|Bytes:17
23:39:20.0 (18000110)|VARIABLE_ASSIGNMENT|[EXTERNAL]|this|{"inputString":"asdf  a     \t\tc \t\ts; (6 more) ..."}|0x6ae40391
23:39:20.0 (18004780)|VARIABLE_ASSIGNMENT|[EXTERNAL]|value|"asdf a c s;dfa{sd"
23:39:20.0 (18009123)|VARIABLE_ASSIGNMENT|[2]|this.inputString|"asdf a c s;dfa{sd"|0x6ae40391
23:39:20.0 (18012611)|STATEMENT_EXECUTE|[8]
23:39:20.0 (18017999)|HEAP_ALLOCATE|[8]|Bytes:4
23:39:20.0 (18065467)|HEAP_ALLOCATE|[EXTERNAL]|Bytes:4
23:39:20.0 (18073674)|VARIABLE_ASSIGNMENT|[8]|this.chars|[]|0x6ae40391
23:39:20.0 (18075548)|STATEMENT_EXECUTE|[9]
23:39:20.0 (18095543)|VARIABLE_ASSIGNMENT|[EXTERNAL]|this|{"chars":"0x1e62369a","inputString":"asdf a c s;dfa{sd"}|0x6ae40391
23:39:20.0 (18117863)|HEAP_ALLOCATE|[9]|Bytes:1
23:39:20.0 (18120098)|HEAP_ALLOCATE|[9]|Bytes:1
23:39:20.0 (18121263)|HEAP_ALLOCATE|[9]|Bytes:1
23:39:20.0 (18122444)|HEAP_ALLOCATE|[9]|Bytes:1
23:39:20.0 (18123533)|HEAP_ALLOCATE|[9]|Bytes:1
23:39:20.0 (18124590)|HEAP_ALLOCATE|[9]|Bytes:1
23:39:20.0 (18125654)|HEAP_ALLOCATE|[9]|Bytes:1
23:39:20.0 (18126801)|HEAP_ALLOCATE|[9]|Bytes:1
23:39:20.0 (18127862)|HEAP_ALLOCATE|[9]|Bytes:1
23:39:20.0 (18128917)|HEAP_ALLOCATE|[9]|Bytes:1
23:39:20.0 (18129995)|HEAP_ALLOCATE|[9]|Bytes:1
23:39:20.0 (18131186)|HEAP_ALLOCATE|[9]|Bytes:1
23:39:20.0 (18132283)|HEAP_ALLOCATE|[9]|Bytes:1
23:39:20.0 (18133386)|HEAP_ALLOCATE|[9]|Bytes:1
23:39:20.0 (18134625)|HEAP_ALLOCATE|[9]|Bytes:1
23:39:20.0 (18135820)|HEAP_ALLOCATE|[9]|Bytes:1
23:39:20.0 (18136951)|HEAP_ALLOCATE|[9]|Bytes:1
23:39:20.0 (18138831)|HEAP_ALLOCATE|[9]|Bytes:72
23:39:20.0 (18152339)|HEAP_ALLOCATE|[EXTERNAL]|Bytes:72
23:39:20.0 (18158055)|VARIABLE_ASSIGNMENT|[9]|this.chars|"List of size 17 too large to display"|0x6ae40391
23:39:20.0 (18159835)|STATEMENT_EXECUTE|[10]
23:39:20.0 (18188751)|VARIABLE_ASSIGNMENT|[EXTERNAL]|this|{"chars":"0x33ec5b76","inputString":"asdf a c s;dfa{sd"}|0x6ae40391
23:39:20.0 (18192426)|VARIABLE_ASSIGNMENT|[EXTERNAL]|value|""
23:39:20.0 (18196848)|VARIABLE_ASSIGNMENT|[3]|this.outputString|""|0x6ae40391
23:39:20.0 (23178497)|SYSTEM_MODE_ENTER|true
23:39:20.0 (23571977)|SYSTEM_MODE_ENTER|true
23:39:20.0 (24242147)|VF_SERIALIZE_VIEWSTATE_BEGIN|0666A000001DsPC
23:39:20.0 (26173681)|VF_SERIALIZE_VIEWSTATE_END
23:39:20.27 (27911864)|CUMULATIVE_LIMIT_USAGE
23:39:20.27 (27911864)|LIMIT_USAGE_FOR_NS|(default)|
  Number of SOQL queries: 0 out of 100
  Number of query rows: 0 out of 50000
  Number of SOSL queries: 0 out of 20
  Number of DML statements: 0 out of 150
  Number of DML rows: 0 out of 10000
  Maximum CPU time: 0 out of 10000
  Maximum heap size: 0 out of 6000000
  Number of callouts: 0 out of 100
  Number of Email Invocations: 0 out of 10
  Number of future calls: 0 out of 50
  Number of queueable jobs added to the queue: 0 out of 50
  Number of Mobile Apex push calls: 0 out of 10

23:39:20.27 (27911864)|CUMULATIVE_LIMIT_USAGE_END

23:39:20.0 (27940569)|CODE_UNIT_FINISHED|VF: /apex/IndentationChecker
23:39:20.0 (28644515)|EXECUTION_FINISHED
