39.0 APEX_CODE,FINEST;APEX_PROFILING,INFO;CALLOUT,INFO;DB,FINEST;SYSTEM,DEBUG;VALIDATION,INFO;VISUALFORCE,INFO;WAVE,INFO;WORKFLOW,NONE
23:39:22.0 (250906)|USER_INFO|[EXTERNAL]|0056A000000UMYo|suneelcando@gmail.com|Pacific Standard Time|GMT-07:00
23:39:22.0 (273078)|EXECUTION_STARTED
23:39:22.0 (276366)|CODE_UNIT_STARTED|[EXTERNAL]|0666A000001DsPC|VF: /apex/IndentationChecker
23:39:22.0 (771141)|VF_DESERIALIZE_VIEWSTATE_BEGIN|0666A000001DsPC
23:39:22.0 (5484793)|HEAP_ALLOCATE|[72]|Bytes:3
23:39:22.0 (5522047)|HEAP_ALLOCATE|[77]|Bytes:152
23:39:22.0 (5533313)|HEAP_ALLOCATE|[342]|Bytes:408
23:39:22.0 (5545268)|HEAP_ALLOCATE|[355]|Bytes:408
23:39:22.0 (5556601)|HEAP_ALLOCATE|[467]|Bytes:48
23:39:22.0 (5579672)|HEAP_ALLOCATE|[139]|Bytes:6
23:39:22.0 (6642650)|VF_DESERIALIZE_VIEWSTATE_END
23:39:22.0 (7322593)|SYSTEM_MODE_ENTER|true
23:39:22.0 (7352334)|HEAP_ALLOCATE|[EXTERNAL]|Bytes:112
23:39:22.0 (7357784)|HEAP_ALLOCATE|[EXTERNAL]|Bytes:11
23:39:22.0 (7364921)|METHOD_ENTRY|[1]|01p6A000003fOZX|IndentationCheckerController.IndentationCheckerController()
23:39:22.0 (7368498)|STATEMENT_EXECUTE|[1]
23:39:22.0 (7372777)|STATEMENT_EXECUTE|[1]
23:39:22.0 (7376099)|METHOD_EXIT|[1]|IndentationCheckerController
23:39:22.0 (7441466)|SYSTEM_MODE_ENTER|true
23:39:22.0 (7492306)|SYSTEM_MODE_ENTER|true
23:39:22.0 (7514218)|HEAP_ALLOCATE|[EXTERNAL]|Bytes:17
23:39:22.0 (7521660)|HEAP_ALLOCATE|[EXTERNAL]|Bytes:16
23:39:22.0 (7559755)|VARIABLE_ASSIGNMENT|[EXTERNAL]|this.inputString|"asdf a c s;dfa{sd"|0x25a05f04
23:39:22.0 (7584560)|SYSTEM_MODE_ENTER|true
23:39:22.0 (7595506)|HEAP_ALLOCATE|[EXTERNAL]|Bytes:16
23:39:22.0 (7600756)|VARIABLE_ASSIGNMENT|[EXTERNAL]|this.outputString|""|0x25a05f04
23:39:22.0 (7874867)|HEAP_ALLOCATE|[EXTERNAL]|Bytes:16
23:39:22.0 (7883094)|VARIABLE_SCOPE_BEGIN|[13]|this|IndentationCheckerController|true|false
23:39:22.0 (7918412)|VARIABLE_ASSIGNMENT|[13]|this|{"chars":"0x72a1d521","inputString":"asdf a c s;dfa{sd","outputString":""}|0x25a05f04
23:39:22.0 (7926809)|STATEMENT_EXECUTE|[13]
23:39:22.0 (7928117)|STATEMENT_EXECUTE|[14]
23:39:22.0 (7929015)|STATEMENT_EXECUTE|[14]
23:39:22.0 (7931189)|STATEMENT_EXECUTE|[15]
23:39:22.0 (7936756)|VARIABLE_SCOPE_BEGIN|[15]|i|Integer|false|false
23:39:22.0 (7940028)|HEAP_ALLOCATE|[15]|Bytes:4
23:39:22.0 (7945536)|VARIABLE_ASSIGNMENT|[15]|i|0
23:39:22.0 (7984103)|STATEMENT_EXECUTE|[15]
23:39:22.0 (7985597)|STATEMENT_EXECUTE|[16]
23:39:22.0 (8011751)|VARIABLE_ASSIGNMENT|[EXTERNAL]|this|{"chars":"0x72a1d521","inputString":"asdf a c s;dfa{sd","outputString":""}|0x25a05f04
23:39:22.0 (8025147)|HEAP_ALLOCATE|[16]|Bytes:1
23:39:22.0 (8039777)|HEAP_ALLOCATE|[16]|Bytes:1
23:39:22.0 (8058840)|VARIABLE_ASSIGNMENT|[EXTERNAL]|this|{"chars":"0x72a1d521","inputString":"asdf a c s;dfa{sd","outputString":""}|0x25a05f04
23:39:22.0 (8063011)|VARIABLE_ASSIGNMENT|[EXTERNAL]|value|"a"
23:39:22.0 (8069657)|VARIABLE_ASSIGNMENT|[3]|this.outputString|"a"|0x25a05f04
23:39:22.0 (8075723)|HEAP_ALLOCATE|[17]|Bytes:1
23:39:22.0 (8078924)|HEAP_ALLOCATE|[17]|Bytes:1
23:39:22.0 (8112293)|HEAP_ALLOCATE|[50]|Bytes:5
23:39:22.0 (8126961)|HEAP_ALLOCATE|[56]|Bytes:5
23:39:22.0 (8131626)|HEAP_ALLOCATE|[64]|Bytes:7
23:39:22.0 (8167652)|HEAP_ALLOCATE|[17]|Bytes:1
23:39:22.0 (8170701)|HEAP_ALLOCATE|[17]|Bytes:1
23:39:22.0 (8178492)|STATEMENT_EXECUTE|[17]
23:39:22.0 (8180747)|HEAP_ALLOCATE|[15]|Bytes:4
23:39:22.0 (8185313)|VARIABLE_ASSIGNMENT|[15]|i|1
23:39:22.0 (8193837)|STATEMENT_EXECUTE|[15]
23:39:22.0 (8194809)|STATEMENT_EXECUTE|[16]
23:39:22.0 (8208666)|VARIABLE_ASSIGNMENT|[EXTERNAL]|this|{"chars":"0x72a1d521","inputString":"asdf a c s;dfa{sd","outputString":"a"}|0x25a05f04
23:39:22.0 (8215299)|HEAP_ALLOCATE|[16]|Bytes:1
23:39:22.0 (8218958)|HEAP_ALLOCATE|[16]|Bytes:2
23:39:22.0 (8229540)|VARIABLE_ASSIGNMENT|[EXTERNAL]|this|{"chars":"0x72a1d521","inputString":"asdf a c s;dfa{sd","outputString":"a"}|0x25a05f04
23:39:22.0 (8232570)|VARIABLE_ASSIGNMENT|[EXTERNAL]|value|"as"
23:39:22.0 (8237354)|VARIABLE_ASSIGNMENT|[3]|this.outputString|"as"|0x25a05f04
23:39:22.0 (8241696)|HEAP_ALLOCATE|[17]|Bytes:1
23:39:22.0 (8247790)|HEAP_ALLOCATE|[17]|Bytes:1
23:39:22.0 (8252016)|STATEMENT_EXECUTE|[17]
23:39:22.0 (8253274)|HEAP_ALLOCATE|[15]|Bytes:4
23:39:22.0 (8256231)|VARIABLE_ASSIGNMENT|[15]|i|2
23:39:22.0 (8262154)|STATEMENT_EXECUTE|[15]
23:39:22.0 (8263094)|STATEMENT_EXECUTE|[16]
23:39:22.0 (8272983)|VARIABLE_ASSIGNMENT|[EXTERNAL]|this|{"chars":"0x72a1d521","inputString":"asdf a c s;dfa{sd","outputString":"as"}|0x25a05f04
23:39:22.0 (8277503)|HEAP_ALLOCATE|[16]|Bytes:1
23:39:22.0 (8280368)|HEAP_ALLOCATE|[16]|Bytes:3
23:39:22.0 (8289840)|VARIABLE_ASSIGNMENT|[EXTERNAL]|this|{"chars":"0x72a1d521","inputString":"asdf a c s;dfa{sd","outputString":"as"}|0x25a05f04
23:39:22.0 (8293371)|VARIABLE_ASSIGNMENT|[EXTERNAL]|value|"asd"
23:39:22.0 (8297273)|VARIABLE_ASSIGNMENT|[3]|this.outputString|"asd"|0x25a05f04
23:39:22.0 (8301383)|HEAP_ALLOCATE|[17]|Bytes:1
23:39:22.0 (8306414)|HEAP_ALLOCATE|[17]|Bytes:1
23:39:22.0 (8310218)|STATEMENT_EXECUTE|[17]
23:39:22.0 (8311495)|HEAP_ALLOCATE|[15]|Bytes:4
23:39:22.0 (8314323)|VARIABLE_ASSIGNMENT|[15]|i|3
23:39:22.0 (8319654)|STATEMENT_EXECUTE|[15]
23:39:22.0 (8320575)|STATEMENT_EXECUTE|[16]
23:39:22.0 (8330263)|VARIABLE_ASSIGNMENT|[EXTERNAL]|this|{"chars":"0x72a1d521","inputString":"asdf a c s;dfa{sd","outputString":"asd"}|0x25a05f04
23:39:22.0 (8334712)|HEAP_ALLOCATE|[16]|Bytes:1
23:39:22.0 (8337804)|HEAP_ALLOCATE|[16]|Bytes:4
23:39:22.0 (8346996)|VARIABLE_ASSIGNMENT|[EXTERNAL]|this|{"chars":"0x72a1d521","inputString":"asdf a c s;dfa{sd","outputString":"asd"}|0x25a05f04
23:39:22.0 (8349625)|VARIABLE_ASSIGNMENT|[EXTERNAL]|value|"asdf"
23:39:22.0 (8353387)|VARIABLE_ASSIGNMENT|[3]|this.outputString|"asdf"|0x25a05f04
23:39:22.0 (8357583)|HEAP_ALLOCATE|[17]|Bytes:1
23:39:22.0 (8362394)|HEAP_ALLOCATE|[17]|Bytes:1
23:39:22.0 (8365966)|STATEMENT_EXECUTE|[17]
23:39:22.0 (8367222)|HEAP_ALLOCATE|[15]|Bytes:4
23:39:22.0 (8370096)|VARIABLE_ASSIGNMENT|[15]|i|4
23:39:22.0 (8375127)|STATEMENT_EXECUTE|[15]
23:39:22.0 (8376345)|STATEMENT_EXECUTE|[16]
23:39:22.0 (8385927)|VARIABLE_ASSIGNMENT|[EXTERNAL]|this|{"chars":"0x72a1d521","inputString":"asdf a c s;dfa{sd","outputString":"asdf"}|0x25a05f04
23:39:22.0 (8390443)|HEAP_ALLOCATE|[16]|Bytes:1
23:39:22.0 (8393237)|HEAP_ALLOCATE|[16]|Bytes:5
23:39:22.0 (8402315)|VARIABLE_ASSIGNMENT|[EXTERNAL]|this|{"chars":"0x72a1d521","inputString":"asdf a c s;dfa{sd","outputString":"asdf"}|0x25a05f04
23:39:22.0 (8405110)|VARIABLE_ASSIGNMENT|[EXTERNAL]|value|"asdf "
23:39:22.0 (8408688)|VARIABLE_ASSIGNMENT|[3]|this.outputString|"asdf "|0x25a05f04
23:39:22.0 (8412263)|HEAP_ALLOCATE|[17]|Bytes:1
23:39:22.0 (8418004)|HEAP_ALLOCATE|[17]|Bytes:1
23:39:22.0 (8425598)|STATEMENT_EXECUTE|[17]
23:39:22.0 (8427410)|HEAP_ALLOCATE|[15]|Bytes:4
23:39:22.0 (8430351)|VARIABLE_ASSIGNMENT|[15]|i|5
23:39:22.0 (8435748)|STATEMENT_EXECUTE|[15]
23:39:22.0 (8436733)|STATEMENT_EXECUTE|[16]
23:39:22.0 (8447067)|VARIABLE_ASSIGNMENT|[EXTERNAL]|this|{"chars":"0x72a1d521","inputString":"asdf a c s;dfa{sd","outputString":"asdf "}|0x25a05f04
23:39:22.0 (8451331)|HEAP_ALLOCATE|[16]|Bytes:1
23:39:22.0 (8454781)|HEAP_ALLOCATE|[16]|Bytes:6
23:39:22.0 (8464031)|VARIABLE_ASSIGNMENT|[EXTERNAL]|this|{"chars":"0x72a1d521","inputString":"asdf a c s;dfa{sd","outputString":"asdf "}|0x25a05f04
23:39:22.0 (8466843)|VARIABLE_ASSIGNMENT|[EXTERNAL]|value|"asdf a"
23:39:22.0 (8470163)|VARIABLE_ASSIGNMENT|[3]|this.outputString|"asdf a"|0x25a05f04
23:39:22.0 (8473806)|HEAP_ALLOCATE|[17]|Bytes:1
23:39:22.0 (8478569)|HEAP_ALLOCATE|[17]|Bytes:1
23:39:22.0 (8482552)|STATEMENT_EXECUTE|[17]
23:39:22.0 (8483770)|HEAP_ALLOCATE|[15]|Bytes:4
23:39:22.0 (8486440)|VARIABLE_ASSIGNMENT|[15]|i|6
23:39:22.0 (8491386)|STATEMENT_EXECUTE|[15]
23:39:22.0 (8492600)|STATEMENT_EXECUTE|[16]
23:39:22.0 (8502167)|VARIABLE_ASSIGNMENT|[EXTERNAL]|this|{"chars":"0x72a1d521","inputString":"asdf a c s;dfa{sd","outputString":"asdf a"}|0x25a05f04
23:39:22.0 (8506590)|HEAP_ALLOCATE|[16]|Bytes:1
23:39:22.0 (8509532)|HEAP_ALLOCATE|[16]|Bytes:7
23:39:22.0 (8518522)|VARIABLE_ASSIGNMENT|[EXTERNAL]|this|{"chars":"0x72a1d521","inputString":"asdf a c s;dfa{sd","outputString":"asdf a"}|0x25a05f04
23:39:22.0 (8521333)|VARIABLE_ASSIGNMENT|[EXTERNAL]|value|"asdf a "
23:39:22.0 (8524595)|VARIABLE_ASSIGNMENT|[3]|this.outputString|"asdf a "|0x25a05f04
23:39:22.0 (8528276)|HEAP_ALLOCATE|[17]|Bytes:1
23:39:22.0 (8533300)|HEAP_ALLOCATE|[17]|Bytes:1
23:39:22.0 (8537097)|STATEMENT_EXECUTE|[17]
23:39:22.0 (8538290)|HEAP_ALLOCATE|[15]|Bytes:4
23:39:22.0 (8540877)|VARIABLE_ASSIGNMENT|[15]|i|7
23:39:22.0 (8545859)|STATEMENT_EXECUTE|[15]
23:39:22.0 (8546875)|STATEMENT_EXECUTE|[16]
23:39:22.0 (8556669)|VARIABLE_ASSIGNMENT|[EXTERNAL]|this|{"chars":"0x72a1d521","inputString":"asdf a c s;dfa{sd","outputString":"asdf a "}|0x25a05f04
23:39:22.0 (8561573)|HEAP_ALLOCATE|[16]|Bytes:1
23:39:22.0 (8564276)|HEAP_ALLOCATE|[16]|Bytes:8
23:39:22.0 (8573098)|VARIABLE_ASSIGNMENT|[EXTERNAL]|this|{"chars":"0x72a1d521","inputString":"asdf a c s;dfa{sd","outputString":"asdf a "}|0x25a05f04
23:39:22.0 (8576009)|VARIABLE_ASSIGNMENT|[EXTERNAL]|value|"asdf a c"
23:39:22.0 (8579267)|VARIABLE_ASSIGNMENT|[3]|this.outputString|"asdf a c"|0x25a05f04
23:39:22.0 (8583012)|HEAP_ALLOCATE|[17]|Bytes:1
23:39:22.0 (8587785)|HEAP_ALLOCATE|[17]|Bytes:1
23:39:22.0 (8591353)|STATEMENT_EXECUTE|[17]
23:39:22.0 (8592645)|HEAP_ALLOCATE|[15]|Bytes:4
23:39:22.0 (8595157)|VARIABLE_ASSIGNMENT|[15]|i|8
23:39:22.0 (8600394)|STATEMENT_EXECUTE|[15]
23:39:22.0 (8601368)|STATEMENT_EXECUTE|[16]
23:39:22.0 (8611178)|VARIABLE_ASSIGNMENT|[EXTERNAL]|this|{"chars":"0x72a1d521","inputString":"asdf a c s;dfa{sd","outputString":"asdf a c"}|0x25a05f04
23:39:22.0 (8615666)|HEAP_ALLOCATE|[16]|Bytes:1
23:39:22.0 (8618145)|HEAP_ALLOCATE|[16]|Bytes:9
23:39:22.0 (8627715)|VARIABLE_ASSIGNMENT|[EXTERNAL]|this|{"chars":"0x72a1d521","inputString":"asdf a c s;dfa{sd","outputString":"asdf a c"}|0x25a05f04
23:39:22.0 (8630209)|VARIABLE_ASSIGNMENT|[EXTERNAL]|value|"asdf a c "
23:39:22.0 (8633641)|VARIABLE_ASSIGNMENT|[3]|this.outputString|"asdf a c "|0x25a05f04
23:39:22.0 (8637032)|HEAP_ALLOCATE|[17]|Bytes:1
23:39:22.0 (8641960)|HEAP_ALLOCATE|[17]|Bytes:1
23:39:22.0 (8645690)|STATEMENT_EXECUTE|[17]
23:39:22.0 (8646863)|HEAP_ALLOCATE|[15]|Bytes:4
23:39:22.0 (8649471)|VARIABLE_ASSIGNMENT|[15]|i|9
23:39:22.0 (8654719)|STATEMENT_EXECUTE|[15]
23:39:22.0 (8655672)|STATEMENT_EXECUTE|[16]
23:39:22.0 (8664939)|VARIABLE_ASSIGNMENT|[EXTERNAL]|this|{"chars":"0x72a1d521","inputString":"asdf a c s;dfa{sd","outputString":"asdf a c "}|0x25a05f04
23:39:22.0 (8669425)|HEAP_ALLOCATE|[16]|Bytes:1
23:39:22.0 (8672235)|HEAP_ALLOCATE|[16]|Bytes:10
23:39:22.0 (8681409)|VARIABLE_ASSIGNMENT|[EXTERNAL]|this|{"chars":"0x72a1d521","inputString":"asdf a c s;dfa{sd","outputString":"asdf a c "}|0x25a05f04
23:39:22.0 (8689632)|VARIABLE_ASSIGNMENT|[EXTERNAL]|value|"asdf a c s"
23:39:22.0 (8693253)|VARIABLE_ASSIGNMENT|[3]|this.outputString|"asdf a c s"|0x25a05f04
23:39:22.0 (8697122)|HEAP_ALLOCATE|[17]|Bytes:1
23:39:22.0 (8702438)|HEAP_ALLOCATE|[17]|Bytes:1
23:39:22.0 (8706389)|STATEMENT_EXECUTE|[17]
23:39:22.0 (8707729)|HEAP_ALLOCATE|[15]|Bytes:4
23:39:22.0 (8710481)|VARIABLE_ASSIGNMENT|[15]|i|10
23:39:22.0 (8715899)|STATEMENT_EXECUTE|[15]
23:39:22.0 (8717044)|STATEMENT_EXECUTE|[16]
23:39:22.0 (8727100)|VARIABLE_ASSIGNMENT|[EXTERNAL]|this|{"chars":"0x72a1d521","inputString":"asdf a c s;dfa{sd","outputString":"asdf a c s"}|0x25a05f04
23:39:22.0 (8731917)|HEAP_ALLOCATE|[16]|Bytes:1
23:39:22.0 (8734515)|HEAP_ALLOCATE|[16]|Bytes:11
23:39:22.0 (8744184)|VARIABLE_ASSIGNMENT|[EXTERNAL]|this|{"chars":"0x72a1d521","inputString":"asdf a c s;dfa{sd","outputString":"asdf a c s"}|0x25a05f04
23:39:22.0 (8746966)|VARIABLE_ASSIGNMENT|[EXTERNAL]|value|"asdf a c s;"
23:39:22.0 (8750277)|VARIABLE_ASSIGNMENT|[3]|this.outputString|"asdf a c s;"|0x25a05f04
23:39:22.0 (8754636)|HEAP_ALLOCATE|[17]|Bytes:1
23:39:22.0 (8759536)|STATEMENT_EXECUTE|[17]
23:39:22.0 (8760490)|STATEMENT_EXECUTE|[18]
23:39:22.0 (8772563)|METHOD_ENTRY|[18]|01p6A000003fOZX|IndentationCheckerController.addEnter()
23:39:22.0 (8784156)|VARIABLE_SCOPE_BEGIN|[27]|this|IndentationCheckerController|true|false
23:39:22.0 (8794549)|VARIABLE_ASSIGNMENT|[27]|this|{"chars":"0x72a1d521","inputString":"asdf a c s;dfa{sd","outputString":"asdf a c s;"}|0x25a05f04
23:39:22.0 (8797719)|STATEMENT_EXECUTE|[27]
23:39:22.0 (8798668)|STATEMENT_EXECUTE|[28]
23:39:22.0 (8812829)|VARIABLE_ASSIGNMENT|[EXTERNAL]|this|{"chars":"0x72a1d521","inputString":"asdf a c s;dfa{sd","outputString":"asdf a c s;"}|0x25a05f04
23:39:22.0 (8817974)|HEAP_ALLOCATE|[28]|Bytes:1
23:39:22.0 (8822430)|HEAP_ALLOCATE|[28]|Bytes:12
23:39:22.0 (8825032)|METHOD_EXIT|[18]|01p6A000003fOZX|IndentationCheckerController.addEnter()
23:39:22.0 (8835594)|VARIABLE_ASSIGNMENT|[EXTERNAL]|this|{"chars":"0x72a1d521","inputString":"asdf a c s;dfa{sd","outputString":"asdf a c s;"}|0x25a05f04
23:39:22.0 (8840551)|VARIABLE_ASSIGNMENT|[EXTERNAL]|value|"asdf a c s;\n"
23:39:22.0 (8845235)|VARIABLE_ASSIGNMENT|[3]|this.outputString|"asdf a c s;\n"|0x25a05f04
23:39:22.0 (8848963)|HEAP_ALLOCATE|[15]|Bytes:4
23:39:22.0 (8852062)|VARIABLE_ASSIGNMENT|[15]|i|11
23:39:22.0 (8858011)|STATEMENT_EXECUTE|[15]
23:39:22.0 (8859114)|STATEMENT_EXECUTE|[16]
23:39:22.0 (8868934)|VARIABLE_ASSIGNMENT|[EXTERNAL]|this|{"chars":"0x72a1d521","inputString":"asdf a c s;dfa{sd","outputString":"asdf a c s;\n"}|0x25a05f04
23:39:22.0 (8873779)|HEAP_ALLOCATE|[16]|Bytes:1
23:39:22.0 (8876703)|HEAP_ALLOCATE|[16]|Bytes:13
23:39:22.0 (8886272)|VARIABLE_ASSIGNMENT|[EXTERNAL]|this|{"chars":"0x72a1d521","inputString":"asdf a c s;dfa{sd","outputString":"asdf a c s;\n"}|0x25a05f04
23:39:22.0 (8889898)|VARIABLE_ASSIGNMENT|[EXTERNAL]|value|"asdf a c s;\nd"
23:39:22.0 (8893215)|VARIABLE_ASSIGNMENT|[3]|this.outputString|"asdf a c s;\nd"|0x25a05f04
23:39:22.0 (8896956)|HEAP_ALLOCATE|[17]|Bytes:1
23:39:22.0 (8903062)|HEAP_ALLOCATE|[17]|Bytes:1
23:39:22.0 (8907125)|STATEMENT_EXECUTE|[17]
23:39:22.0 (8908425)|HEAP_ALLOCATE|[15]|Bytes:4
23:39:22.0 (8911212)|VARIABLE_ASSIGNMENT|[15]|i|12
23:39:22.0 (8916910)|STATEMENT_EXECUTE|[15]
23:39:22.0 (8917864)|STATEMENT_EXECUTE|[16]
23:39:22.0 (8927696)|VARIABLE_ASSIGNMENT|[EXTERNAL]|this|{"chars":"0x72a1d521","inputString":"asdf a c s;dfa{sd","outputString":"asdf a c s;\nd"}|0x25a05f04
23:39:22.0 (8931766)|HEAP_ALLOCATE|[16]|Bytes:1
23:39:22.0 (8934624)|HEAP_ALLOCATE|[16]|Bytes:14
23:39:22.0 (8943890)|VARIABLE_ASSIGNMENT|[EXTERNAL]|this|{"chars":"0x72a1d521","inputString":"asdf a c s;dfa{sd","outputString":"asdf a c s;\nd"}|0x25a05f04
23:39:22.0 (8947189)|VARIABLE_ASSIGNMENT|[EXTERNAL]|value|"asdf a c s;\ndf"
23:39:22.0 (8950891)|VARIABLE_ASSIGNMENT|[3]|this.outputString|"asdf a c s;\ndf"|0x25a05f04
23:39:22.0 (8954530)|HEAP_ALLOCATE|[17]|Bytes:1
23:39:22.0 (8959050)|HEAP_ALLOCATE|[17]|Bytes:1
23:39:22.0 (8962443)|STATEMENT_EXECUTE|[17]
23:39:22.0 (8963644)|HEAP_ALLOCATE|[15]|Bytes:4
23:39:22.0 (8966485)|VARIABLE_ASSIGNMENT|[15]|i|13
23:39:22.0 (8971641)|STATEMENT_EXECUTE|[15]
23:39:22.0 (8972628)|STATEMENT_EXECUTE|[16]
23:39:22.0 (8982794)|VARIABLE_ASSIGNMENT|[EXTERNAL]|this|{"chars":"0x72a1d521","inputString":"asdf a c s;dfa{sd","outputString":"asdf a c s;\ndf"}|0x25a05f04
23:39:22.0 (8987125)|HEAP_ALLOCATE|[16]|Bytes:1
23:39:22.0 (8989717)|HEAP_ALLOCATE|[16]|Bytes:15
23:39:22.0 (8999191)|VARIABLE_ASSIGNMENT|[EXTERNAL]|this|{"chars":"0x72a1d521","inputString":"asdf a c s;dfa{sd","outputString":"asdf a c s;\ndf"}|0x25a05f04
23:39:22.0 (9002230)|VARIABLE_ASSIGNMENT|[EXTERNAL]|value|"asdf a c s;\ndfa"
23:39:22.0 (9006734)|VARIABLE_ASSIGNMENT|[3]|this.outputString|"asdf a c s;\ndfa"|0x25a05f04
23:39:22.0 (9010189)|HEAP_ALLOCATE|[17]|Bytes:1
23:39:22.0 (9014730)|HEAP_ALLOCATE|[17]|Bytes:1
23:39:22.0 (9018627)|STATEMENT_EXECUTE|[17]
23:39:22.0 (9019885)|HEAP_ALLOCATE|[15]|Bytes:4
23:39:22.0 (9022768)|VARIABLE_ASSIGNMENT|[15]|i|14
23:39:22.0 (9027665)|STATEMENT_EXECUTE|[15]
23:39:22.0 (9028695)|STATEMENT_EXECUTE|[16]
23:39:22.0 (9038429)|VARIABLE_ASSIGNMENT|[EXTERNAL]|this|{"chars":"0x72a1d521","inputString":"asdf a c s;dfa{sd","outputString":"asdf a c s;\ndfa"}|0x25a05f04
23:39:22.0 (9043263)|HEAP_ALLOCATE|[16]|Bytes:1
23:39:22.0 (9045918)|HEAP_ALLOCATE|[16]|Bytes:16
23:39:22.0 (9055588)|VARIABLE_ASSIGNMENT|[EXTERNAL]|this|{"chars":"0x72a1d521","inputString":"asdf a c s;dfa{sd","outputString":"asdf a c s;\ndfa"}|0x25a05f04
23:39:22.0 (9058639)|VARIABLE_ASSIGNMENT|[EXTERNAL]|value|"asdf a c s;\ndfa{"
23:39:22.0 (9062334)|VARIABLE_ASSIGNMENT|[3]|this.outputString|"asdf a c s;\ndfa{"|0x25a05f04
23:39:22.0 (9065867)|HEAP_ALLOCATE|[17]|Bytes:1
23:39:22.0 (9070651)|HEAP_ALLOCATE|[17]|Bytes:1
23:39:22.0 (9075181)|STATEMENT_EXECUTE|[17]
23:39:22.0 (9076110)|STATEMENT_EXECUTE|[18]
23:39:22.0 (9079017)|METHOD_ENTRY|[18]|01p6A000003fOZX|IndentationCheckerController.addEnter()
23:39:22.0 (9081139)|VARIABLE_SCOPE_BEGIN|[27]|this|IndentationCheckerController|true|false
23:39:22.0 (9090126)|VARIABLE_ASSIGNMENT|[27]|this|{"chars":"0x72a1d521","inputString":"asdf a c s;dfa{sd","outputString":"asdf a c s;\ndfa{"}|0x25a05f04
23:39:22.0 (9092944)|STATEMENT_EXECUTE|[27]
23:39:22.0 (9093819)|STATEMENT_EXECUTE|[28]
23:39:22.0 (9102513)|VARIABLE_ASSIGNMENT|[EXTERNAL]|this|{"chars":"0x72a1d521","inputString":"asdf a c s;dfa{sd","outputString":"asdf a c s;\ndfa{"}|0x25a05f04
23:39:22.0 (9107820)|HEAP_ALLOCATE|[28]|Bytes:17
23:39:22.0 (9110268)|METHOD_EXIT|[18]|01p6A000003fOZX|IndentationCheckerController.addEnter()
23:39:22.0 (9120370)|VARIABLE_ASSIGNMENT|[EXTERNAL]|this|{"chars":"0x72a1d521","inputString":"asdf a c s;dfa{sd","outputString":"asdf a c s;\ndfa{"}|0x25a05f04
23:39:22.0 (9123498)|VARIABLE_ASSIGNMENT|[EXTERNAL]|value|"asdf a c s;\ndfa{\n"
23:39:22.0 (9127385)|VARIABLE_ASSIGNMENT|[3]|this.outputString|"asdf a c s;\ndfa{\n"|0x25a05f04
23:39:22.0 (9130724)|HEAP_ALLOCATE|[15]|Bytes:4
23:39:22.0 (9133500)|VARIABLE_ASSIGNMENT|[15]|i|15
23:39:22.0 (9139165)|STATEMENT_EXECUTE|[15]
23:39:22.0 (9140180)|STATEMENT_EXECUTE|[16]
23:39:22.0 (9150140)|VARIABLE_ASSIGNMENT|[EXTERNAL]|this|{"chars":"0x72a1d521","inputString":"asdf a c s;dfa{sd","outputString":"asdf a c s;\ndfa{\n"}|0x25a05f04
23:39:22.0 (9154306)|HEAP_ALLOCATE|[16]|Bytes:1
23:39:22.0 (9157674)|HEAP_ALLOCATE|[16]|Bytes:18
23:39:22.0 (9166933)|VARIABLE_ASSIGNMENT|[EXTERNAL]|this|{"chars":"0x72a1d521","inputString":"asdf a c s;dfa{sd","outputString":"asdf a c s;\ndfa{\n"}|0x25a05f04
23:39:22.0 (9170696)|VARIABLE_ASSIGNMENT|[EXTERNAL]|value|"asdf a c s;\ndfa{\ns"
23:39:22.0 (9174502)|VARIABLE_ASSIGNMENT|[3]|this.outputString|"asdf a c s;\ndfa{\ns"|0x25a05f04
23:39:22.0 (9178450)|HEAP_ALLOCATE|[17]|Bytes:1
23:39:22.0 (9183540)|HEAP_ALLOCATE|[17]|Bytes:1
23:39:22.0 (9187381)|STATEMENT_EXECUTE|[17]
23:39:22.0 (9188982)|HEAP_ALLOCATE|[15]|Bytes:4
23:39:22.0 (9191766)|VARIABLE_ASSIGNMENT|[15]|i|16
23:39:22.0 (9196850)|STATEMENT_EXECUTE|[15]
23:39:22.0 (9197779)|STATEMENT_EXECUTE|[16]
23:39:22.0 (9207988)|VARIABLE_ASSIGNMENT|[EXTERNAL]|this|{"chars":"0x72a1d521","inputString":"asdf a c s;dfa{sd","outputString":"asdf a c s;\ndfa{\ns"}|0x25a05f04
23:39:22.0 (9212501)|HEAP_ALLOCATE|[16]|Bytes:1
23:39:22.0 (9214986)|HEAP_ALLOCATE|[16]|Bytes:19
23:39:22.0 (9224761)|VARIABLE_ASSIGNMENT|[EXTERNAL]|this|{"chars":"0x72a1d521","inputString":"asdf a c s;dfa{sd","outputString":"asdf a c s;\ndfa{\ns"}|0x25a05f04
23:39:22.0 (9228141)|VARIABLE_ASSIGNMENT|[EXTERNAL]|value|"asdf a c s;\ndfa{\nsd"
23:39:22.0 (9231937)|VARIABLE_ASSIGNMENT|[3]|this.outputString|"asdf a c s;\ndfa{\nsd"|0x25a05f04
23:39:22.0 (9235813)|HEAP_ALLOCATE|[17]|Bytes:1
23:39:22.0 (9240412)|HEAP_ALLOCATE|[17]|Bytes:1
23:39:22.0 (9244269)|STATEMENT_EXECUTE|[17]
23:39:22.0 (9245464)|HEAP_ALLOCATE|[15]|Bytes:4
23:39:22.0 (9248139)|VARIABLE_ASSIGNMENT|[15]|i|17
23:39:22.0 (9253657)|STATEMENT_EXECUTE|[25]
23:39:22.0 (11142857)|SYSTEM_MODE_ENTER|true
23:39:22.0 (11861906)|SYSTEM_MODE_ENTER|true
23:39:22.0 (12068343)|VF_SERIALIZE_VIEWSTATE_BEGIN|0666A000001DsPC
23:39:22.0 (13215612)|VF_SERIALIZE_VIEWSTATE_END
23:39:22.14 (14736203)|CUMULATIVE_LIMIT_USAGE
23:39:22.14 (14736203)|LIMIT_USAGE_FOR_NS|(default)|
  Number of SOQL queries: 0 out of 100
  Number of query rows: 0 out of 50000
  Number of SOSL queries: 0 out of 20
  Number of DML statements: 0 out of 150
  Number of DML rows: 0 out of 10000
  Maximum CPU time: 0 out of 10000
  Maximum heap size: 0 out of 6000000
  Number of callouts: 0 out of 100
  Number of Email Invocations: 0 out of 10
  Number of future calls: 0 out of 50
  Number of queueable jobs added to the queue: 0 out of 50
  Number of Mobile Apex push calls: 0 out of 10

23:39:22.14 (14736203)|CUMULATIVE_LIMIT_USAGE_END

23:39:22.0 (14768796)|CODE_UNIT_FINISHED|VF: /apex/IndentationChecker
23:39:22.0 (15494024)|EXECUTION_FINISHED
