39.0 APEX_CODE,FINEST;APEX_PROFILING,INFO;CALLOUT,INFO;DB,FINEST;SYSTEM,DEBUG;VALIDATION,INFO;VISUALFORCE,INFO;WAVE,INFO;WORKFLOW,NONE
22:57:24.0 (52180)|USER_INFO|[EXTERNAL]|0056A000000UMYo|suneelcando@gmail.com|Pacific Standard Time|GMT-07:00
22:57:24.0 (76909)|EXECUTION_STARTED
22:57:24.0 (80579)|CODE_UNIT_STARTED|[EXTERNAL]|0666A000001DsPC|VF: /apex/IndentationChecker
22:57:24.0 (202916)|VF_DESERIALIZE_VIEWSTATE_BEGIN|0666A000001DsPC
22:57:24.0 (24818288)|HEAP_ALLOCATE|[72]|Bytes:3
22:57:24.0 (24873203)|HEAP_ALLOCATE|[77]|Bytes:152
22:57:24.0 (24884890)|HEAP_ALLOCATE|[342]|Bytes:408
22:57:24.0 (24897392)|HEAP_ALLOCATE|[355]|Bytes:408
22:57:24.0 (24909591)|HEAP_ALLOCATE|[467]|Bytes:48
22:57:24.0 (24933718)|HEAP_ALLOCATE|[139]|Bytes:6
22:57:24.0 (26081553)|VF_DESERIALIZE_VIEWSTATE_END
22:57:24.0 (26782413)|SYSTEM_MODE_ENTER|true
22:57:24.0 (26811219)|HEAP_ALLOCATE|[EXTERNAL]|Bytes:112
22:57:24.0 (26836038)|HEAP_ALLOCATE|[EXTERNAL]|Bytes:11
22:57:24.0 (26851769)|METHOD_ENTRY|[1]|01p6A000003fOZX|IndentationCheckerController.IndentationCheckerController()
22:57:24.0 (26855731)|STATEMENT_EXECUTE|[1]
22:57:24.0 (26860355)|STATEMENT_EXECUTE|[1]
22:57:24.0 (26872693)|METHOD_EXIT|[1]|IndentationCheckerController
22:57:24.0 (26935254)|SYSTEM_MODE_ENTER|true
22:57:24.0 (26982179)|SYSTEM_MODE_ENTER|true
22:57:24.0 (27001102)|HEAP_ALLOCATE|[EXTERNAL]|Bytes:13
22:57:24.0 (27009303)|HEAP_ALLOCATE|[EXTERNAL]|Bytes:16
22:57:24.0 (27037370)|VARIABLE_ASSIGNMENT|[EXTERNAL]|this.inputString|"asdfas;dfa{sd"|0x293dc5d2
22:57:24.0 (27059263)|SYSTEM_MODE_ENTER|true
22:57:24.0 (27069118)|HEAP_ALLOCATE|[EXTERNAL]|Bytes:16
22:57:24.0 (27074067)|VARIABLE_ASSIGNMENT|[EXTERNAL]|this.outputString|""|0x293dc5d2
22:57:24.0 (27367234)|HEAP_ALLOCATE|[EXTERNAL]|Bytes:16
22:57:24.0 (27376130)|VARIABLE_SCOPE_BEGIN|[12]|this|IndentationCheckerController|true|false
22:57:24.0 (27412457)|VARIABLE_ASSIGNMENT|[12]|this|{"chars":"0x4cdf22da","inputString":"asdfas;dfa{sd","outputString":""}|0x293dc5d2
22:57:24.0 (27420337)|STATEMENT_EXECUTE|[12]
22:57:24.0 (27421673)|STATEMENT_EXECUTE|[13]
22:57:24.0 (27422491)|STATEMENT_EXECUTE|[13]
22:57:24.0 (27424283)|STATEMENT_EXECUTE|[14]
22:57:24.0 (27428758)|VARIABLE_SCOPE_BEGIN|[14]|i|Integer|false|false
22:57:24.0 (27432068)|HEAP_ALLOCATE|[14]|Bytes:4
22:57:24.0 (27437422)|VARIABLE_ASSIGNMENT|[14]|i|0
22:57:24.0 (27474854)|STATEMENT_EXECUTE|[14]
22:57:24.0 (27476233)|STATEMENT_EXECUTE|[15]
22:57:24.0 (27501601)|VARIABLE_ASSIGNMENT|[EXTERNAL]|this|{"chars":"0x4cdf22da","inputString":"asdfas;dfa{sd","outputString":""}|0x293dc5d2
22:57:24.0 (27514919)|HEAP_ALLOCATE|[15]|Bytes:1
22:57:24.0 (27529708)|HEAP_ALLOCATE|[15]|Bytes:1
22:57:24.0 (27548564)|VARIABLE_ASSIGNMENT|[EXTERNAL]|this|{"chars":"0x4cdf22da","inputString":"asdfas;dfa{sd","outputString":""}|0x293dc5d2
22:57:24.0 (27552197)|VARIABLE_ASSIGNMENT|[EXTERNAL]|value|"a"
22:57:24.0 (27558860)|VARIABLE_ASSIGNMENT|[3]|this.outputString|"a"|0x293dc5d2
22:57:24.0 (27565000)|HEAP_ALLOCATE|[16]|Bytes:1
22:57:24.0 (27567934)|HEAP_ALLOCATE|[16]|Bytes:1
22:57:24.0 (27597677)|HEAP_ALLOCATE|[50]|Bytes:5
22:57:24.0 (27611328)|HEAP_ALLOCATE|[56]|Bytes:5
22:57:24.0 (27615802)|HEAP_ALLOCATE|[64]|Bytes:7
22:57:24.0 (27649394)|HEAP_ALLOCATE|[16]|Bytes:1
22:57:24.0 (27652119)|HEAP_ALLOCATE|[16]|Bytes:1
22:57:24.0 (27659103)|STATEMENT_EXECUTE|[16]
22:57:24.0 (27661432)|HEAP_ALLOCATE|[14]|Bytes:4
22:57:24.0 (27665371)|VARIABLE_ASSIGNMENT|[14]|i|1
22:57:24.0 (27673974)|STATEMENT_EXECUTE|[14]
22:57:24.0 (27675201)|STATEMENT_EXECUTE|[15]
22:57:24.0 (27689181)|VARIABLE_ASSIGNMENT|[EXTERNAL]|this|{"chars":"0x4cdf22da","inputString":"asdfas;dfa{sd","outputString":"a"}|0x293dc5d2
22:57:24.0 (27696247)|HEAP_ALLOCATE|[15]|Bytes:1
22:57:24.0 (27699886)|HEAP_ALLOCATE|[15]|Bytes:2
22:57:24.0 (27709918)|VARIABLE_ASSIGNMENT|[EXTERNAL]|this|{"chars":"0x4cdf22da","inputString":"asdfas;dfa{sd","outputString":"a"}|0x293dc5d2
22:57:24.0 (27712924)|VARIABLE_ASSIGNMENT|[EXTERNAL]|value|"as"
22:57:24.0 (27717079)|VARIABLE_ASSIGNMENT|[3]|this.outputString|"as"|0x293dc5d2
22:57:24.0 (27721442)|HEAP_ALLOCATE|[16]|Bytes:1
22:57:24.0 (27727174)|HEAP_ALLOCATE|[16]|Bytes:1
22:57:24.0 (27731413)|STATEMENT_EXECUTE|[16]
22:57:24.0 (27732773)|HEAP_ALLOCATE|[14]|Bytes:4
22:57:24.0 (27735629)|VARIABLE_ASSIGNMENT|[14]|i|2
22:57:24.0 (27741387)|STATEMENT_EXECUTE|[14]
22:57:24.0 (27742385)|STATEMENT_EXECUTE|[15]
22:57:24.0 (27752532)|VARIABLE_ASSIGNMENT|[EXTERNAL]|this|{"chars":"0x4cdf22da","inputString":"asdfas;dfa{sd","outputString":"as"}|0x293dc5d2
22:57:24.0 (27757543)|HEAP_ALLOCATE|[15]|Bytes:1
22:57:24.0 (27760351)|HEAP_ALLOCATE|[15]|Bytes:3
22:57:24.0 (27769294)|VARIABLE_ASSIGNMENT|[EXTERNAL]|this|{"chars":"0x4cdf22da","inputString":"asdfas;dfa{sd","outputString":"as"}|0x293dc5d2
22:57:24.0 (27772212)|VARIABLE_ASSIGNMENT|[EXTERNAL]|value|"asd"
22:57:24.0 (27778709)|VARIABLE_ASSIGNMENT|[3]|this.outputString|"asd"|0x293dc5d2
22:57:24.0 (27783011)|HEAP_ALLOCATE|[16]|Bytes:1
22:57:24.0 (27788057)|HEAP_ALLOCATE|[16]|Bytes:1
22:57:24.0 (27791661)|STATEMENT_EXECUTE|[16]
22:57:24.0 (27793160)|HEAP_ALLOCATE|[14]|Bytes:4
22:57:24.0 (27795855)|VARIABLE_ASSIGNMENT|[14]|i|3
22:57:24.0 (27801141)|STATEMENT_EXECUTE|[14]
22:57:24.0 (27802089)|STATEMENT_EXECUTE|[15]
22:57:24.0 (27811907)|VARIABLE_ASSIGNMENT|[EXTERNAL]|this|{"chars":"0x4cdf22da","inputString":"asdfas;dfa{sd","outputString":"asd"}|0x293dc5d2
22:57:24.0 (27816584)|HEAP_ALLOCATE|[15]|Bytes:1
22:57:24.0 (27819351)|HEAP_ALLOCATE|[15]|Bytes:4
22:57:24.0 (27828806)|VARIABLE_ASSIGNMENT|[EXTERNAL]|this|{"chars":"0x4cdf22da","inputString":"asdfas;dfa{sd","outputString":"asd"}|0x293dc5d2
22:57:24.0 (27832020)|VARIABLE_ASSIGNMENT|[EXTERNAL]|value|"asdf"
22:57:24.0 (27835624)|VARIABLE_ASSIGNMENT|[3]|this.outputString|"asdf"|0x293dc5d2
22:57:24.0 (27839575)|HEAP_ALLOCATE|[16]|Bytes:1
22:57:24.0 (27844226)|HEAP_ALLOCATE|[16]|Bytes:1
22:57:24.0 (27847790)|STATEMENT_EXECUTE|[16]
22:57:24.0 (27849071)|HEAP_ALLOCATE|[14]|Bytes:4
22:57:24.0 (27851600)|VARIABLE_ASSIGNMENT|[14]|i|4
22:57:24.0 (27857039)|STATEMENT_EXECUTE|[14]
22:57:24.0 (27857953)|STATEMENT_EXECUTE|[15]
22:57:24.0 (27867147)|VARIABLE_ASSIGNMENT|[EXTERNAL]|this|{"chars":"0x4cdf22da","inputString":"asdfas;dfa{sd","outputString":"asdf"}|0x293dc5d2
22:57:24.0 (27872094)|HEAP_ALLOCATE|[15]|Bytes:1
22:57:24.0 (27874740)|HEAP_ALLOCATE|[15]|Bytes:5
22:57:24.0 (27883457)|VARIABLE_ASSIGNMENT|[EXTERNAL]|this|{"chars":"0x4cdf22da","inputString":"asdfas;dfa{sd","outputString":"asdf"}|0x293dc5d2
22:57:24.0 (27886317)|VARIABLE_ASSIGNMENT|[EXTERNAL]|value|"asdfa"
22:57:24.0 (27889493)|VARIABLE_ASSIGNMENT|[3]|this.outputString|"asdfa"|0x293dc5d2
22:57:24.0 (27893370)|HEAP_ALLOCATE|[16]|Bytes:1
22:57:24.0 (27898078)|HEAP_ALLOCATE|[16]|Bytes:1
22:57:24.0 (27901966)|STATEMENT_EXECUTE|[16]
22:57:24.0 (27903215)|HEAP_ALLOCATE|[14]|Bytes:4
22:57:24.0 (27905694)|VARIABLE_ASSIGNMENT|[14]|i|5
22:57:24.0 (27910686)|STATEMENT_EXECUTE|[14]
22:57:24.0 (27911666)|STATEMENT_EXECUTE|[15]
22:57:24.0 (27920785)|VARIABLE_ASSIGNMENT|[EXTERNAL]|this|{"chars":"0x4cdf22da","inputString":"asdfas;dfa{sd","outputString":"asdfa"}|0x293dc5d2
22:57:24.0 (27925303)|HEAP_ALLOCATE|[15]|Bytes:1
22:57:24.0 (27927791)|HEAP_ALLOCATE|[15]|Bytes:6
22:57:24.0 (27936500)|VARIABLE_ASSIGNMENT|[EXTERNAL]|this|{"chars":"0x4cdf22da","inputString":"asdfas;dfa{sd","outputString":"asdfa"}|0x293dc5d2
22:57:24.0 (27939334)|VARIABLE_ASSIGNMENT|[EXTERNAL]|value|"asdfas"
22:57:24.0 (27942748)|VARIABLE_ASSIGNMENT|[3]|this.outputString|"asdfas"|0x293dc5d2
22:57:24.0 (27946610)|HEAP_ALLOCATE|[16]|Bytes:1
22:57:24.0 (27951214)|HEAP_ALLOCATE|[16]|Bytes:1
22:57:24.0 (27954678)|STATEMENT_EXECUTE|[16]
22:57:24.0 (27955906)|HEAP_ALLOCATE|[14]|Bytes:4
22:57:24.0 (27958359)|VARIABLE_ASSIGNMENT|[14]|i|6
22:57:24.0 (27963646)|STATEMENT_EXECUTE|[14]
22:57:24.0 (27964696)|STATEMENT_EXECUTE|[15]
22:57:24.0 (27973793)|VARIABLE_ASSIGNMENT|[EXTERNAL]|this|{"chars":"0x4cdf22da","inputString":"asdfas;dfa{sd","outputString":"asdfas"}|0x293dc5d2
22:57:24.0 (27978393)|HEAP_ALLOCATE|[15]|Bytes:1
22:57:24.0 (27981074)|HEAP_ALLOCATE|[15]|Bytes:7
22:57:24.0 (27989779)|VARIABLE_ASSIGNMENT|[EXTERNAL]|this|{"chars":"0x4cdf22da","inputString":"asdfas;dfa{sd","outputString":"asdfas"}|0x293dc5d2
22:57:24.0 (27992602)|VARIABLE_ASSIGNMENT|[EXTERNAL]|value|"asdfas;"
22:57:24.0 (27995905)|VARIABLE_ASSIGNMENT|[3]|this.outputString|"asdfas;"|0x293dc5d2
22:57:24.0 (27999495)|HEAP_ALLOCATE|[16]|Bytes:1
22:57:24.0 (28004489)|STATEMENT_EXECUTE|[16]
22:57:24.0 (28006175)|STATEMENT_EXECUTE|[17]
22:57:24.0 (28017850)|METHOD_ENTRY|[17]|01p6A000003fOZX|IndentationCheckerController.addEnter()
22:57:24.0 (28027997)|VARIABLE_SCOPE_BEGIN|[26]|this|IndentationCheckerController|true|false
22:57:24.0 (28038057)|VARIABLE_ASSIGNMENT|[26]|this|{"chars":"0x4cdf22da","inputString":"asdfas;dfa{sd","outputString":"asdfas;"}|0x293dc5d2
22:57:24.0 (28041365)|STATEMENT_EXECUTE|[26]
22:57:24.0 (28042679)|STATEMENT_EXECUTE|[27]
22:57:24.0 (28056523)|VARIABLE_ASSIGNMENT|[EXTERNAL]|this|{"chars":"0x4cdf22da","inputString":"asdfas;dfa{sd","outputString":"asdfas;"}|0x293dc5d2
22:57:24.0 (28062062)|HEAP_ALLOCATE|[27]|Bytes:1
22:57:24.0 (28065560)|HEAP_ALLOCATE|[27]|Bytes:8
22:57:24.0 (28068084)|METHOD_EXIT|[17]|01p6A000003fOZX|IndentationCheckerController.addEnter()
22:57:24.0 (28078610)|VARIABLE_ASSIGNMENT|[EXTERNAL]|this|{"chars":"0x4cdf22da","inputString":"asdfas;dfa{sd","outputString":"asdfas;"}|0x293dc5d2
22:57:24.0 (28082533)|VARIABLE_ASSIGNMENT|[EXTERNAL]|value|"asdfas;\n"
22:57:24.0 (28086101)|VARIABLE_ASSIGNMENT|[3]|this.outputString|"asdfas;\n"|0x293dc5d2
22:57:24.0 (28089578)|HEAP_ALLOCATE|[14]|Bytes:4
22:57:24.0 (28092165)|VARIABLE_ASSIGNMENT|[14]|i|7
22:57:24.0 (28097941)|STATEMENT_EXECUTE|[14]
22:57:24.0 (28099052)|STATEMENT_EXECUTE|[15]
22:57:24.0 (28108341)|VARIABLE_ASSIGNMENT|[EXTERNAL]|this|{"chars":"0x4cdf22da","inputString":"asdfas;dfa{sd","outputString":"asdfas;\n"}|0x293dc5d2
22:57:24.0 (28113034)|HEAP_ALLOCATE|[15]|Bytes:1
22:57:24.0 (28115818)|HEAP_ALLOCATE|[15]|Bytes:9
22:57:24.0 (28124812)|VARIABLE_ASSIGNMENT|[EXTERNAL]|this|{"chars":"0x4cdf22da","inputString":"asdfas;dfa{sd","outputString":"asdfas;\n"}|0x293dc5d2
22:57:24.0 (28128020)|VARIABLE_ASSIGNMENT|[EXTERNAL]|value|"asdfas;\nd"
22:57:24.0 (28131329)|VARIABLE_ASSIGNMENT|[3]|this.outputString|"asdfas;\nd"|0x293dc5d2
22:57:24.0 (28135145)|HEAP_ALLOCATE|[16]|Bytes:1
22:57:24.0 (28140534)|HEAP_ALLOCATE|[16]|Bytes:1
22:57:24.0 (28144215)|STATEMENT_EXECUTE|[16]
22:57:24.0 (28145455)|HEAP_ALLOCATE|[14]|Bytes:4
22:57:24.0 (28147977)|VARIABLE_ASSIGNMENT|[14]|i|8
22:57:24.0 (28152825)|STATEMENT_EXECUTE|[14]
22:57:24.0 (28153783)|STATEMENT_EXECUTE|[15]
22:57:24.0 (28163675)|VARIABLE_ASSIGNMENT|[EXTERNAL]|this|{"chars":"0x4cdf22da","inputString":"asdfas;dfa{sd","outputString":"asdfas;\nd"}|0x293dc5d2
22:57:24.0 (28168470)|HEAP_ALLOCATE|[15]|Bytes:1
22:57:24.0 (28170994)|HEAP_ALLOCATE|[15]|Bytes:10
22:57:24.0 (28180080)|VARIABLE_ASSIGNMENT|[EXTERNAL]|this|{"chars":"0x4cdf22da","inputString":"asdfas;dfa{sd","outputString":"asdfas;\nd"}|0x293dc5d2
22:57:24.0 (28183153)|VARIABLE_ASSIGNMENT|[EXTERNAL]|value|"asdfas;\ndf"
22:57:24.0 (28186433)|VARIABLE_ASSIGNMENT|[3]|this.outputString|"asdfas;\ndf"|0x293dc5d2
22:57:24.0 (28190298)|HEAP_ALLOCATE|[16]|Bytes:1
22:57:24.0 (28194827)|HEAP_ALLOCATE|[16]|Bytes:1
22:57:24.0 (28198600)|STATEMENT_EXECUTE|[16]
22:57:24.0 (28199982)|HEAP_ALLOCATE|[14]|Bytes:4
22:57:24.0 (28202398)|VARIABLE_ASSIGNMENT|[14]|i|9
22:57:24.0 (28207393)|STATEMENT_EXECUTE|[14]
22:57:24.0 (28208311)|STATEMENT_EXECUTE|[15]
22:57:24.0 (28217564)|VARIABLE_ASSIGNMENT|[EXTERNAL]|this|{"chars":"0x4cdf22da","inputString":"asdfas;dfa{sd","outputString":"asdfas;\ndf"}|0x293dc5d2
22:57:24.0 (28221934)|HEAP_ALLOCATE|[15]|Bytes:1
22:57:24.0 (28224527)|HEAP_ALLOCATE|[15]|Bytes:11
22:57:24.0 (28233605)|VARIABLE_ASSIGNMENT|[EXTERNAL]|this|{"chars":"0x4cdf22da","inputString":"asdfas;dfa{sd","outputString":"asdfas;\ndf"}|0x293dc5d2
22:57:24.0 (28236366)|VARIABLE_ASSIGNMENT|[EXTERNAL]|value|"asdfas;\ndfa"
22:57:24.0 (28240283)|VARIABLE_ASSIGNMENT|[3]|this.outputString|"asdfas;\ndfa"|0x293dc5d2
22:57:24.0 (28244110)|HEAP_ALLOCATE|[16]|Bytes:1
22:57:24.0 (28248584)|HEAP_ALLOCATE|[16]|Bytes:1
22:57:24.0 (28252214)|STATEMENT_EXECUTE|[16]
22:57:24.0 (28253411)|HEAP_ALLOCATE|[14]|Bytes:4
22:57:24.0 (28255998)|VARIABLE_ASSIGNMENT|[14]|i|10
22:57:24.0 (28261364)|STATEMENT_EXECUTE|[14]
22:57:24.0 (28262472)|STATEMENT_EXECUTE|[15]
22:57:24.0 (28271884)|VARIABLE_ASSIGNMENT|[EXTERNAL]|this|{"chars":"0x4cdf22da","inputString":"asdfas;dfa{sd","outputString":"asdfas;\ndfa"}|0x293dc5d2
22:57:24.0 (28276502)|HEAP_ALLOCATE|[15]|Bytes:1
22:57:24.0 (28279139)|HEAP_ALLOCATE|[15]|Bytes:12
22:57:24.0 (28288123)|VARIABLE_ASSIGNMENT|[EXTERNAL]|this|{"chars":"0x4cdf22da","inputString":"asdfas;dfa{sd","outputString":"asdfas;\ndfa"}|0x293dc5d2
22:57:24.0 (28290927)|VARIABLE_ASSIGNMENT|[EXTERNAL]|value|"asdfas;\ndfa{"
22:57:24.0 (28294494)|VARIABLE_ASSIGNMENT|[3]|this.outputString|"asdfas;\ndfa{"|0x293dc5d2
22:57:24.0 (28298468)|HEAP_ALLOCATE|[16]|Bytes:1
22:57:24.0 (28303140)|HEAP_ALLOCATE|[16]|Bytes:1
22:57:24.0 (28306917)|STATEMENT_EXECUTE|[16]
22:57:24.0 (28307803)|STATEMENT_EXECUTE|[17]
22:57:24.0 (28310486)|METHOD_ENTRY|[17]|01p6A000003fOZX|IndentationCheckerController.addEnter()
22:57:24.0 (28312579)|VARIABLE_SCOPE_BEGIN|[26]|this|IndentationCheckerController|true|false
22:57:24.0 (28321535)|VARIABLE_ASSIGNMENT|[26]|this|{"chars":"0x4cdf22da","inputString":"asdfas;dfa{sd","outputString":"asdfas;\ndfa{"}|0x293dc5d2
22:57:24.0 (28324124)|STATEMENT_EXECUTE|[26]
22:57:24.0 (28325100)|STATEMENT_EXECUTE|[27]
22:57:24.0 (28338199)|VARIABLE_ASSIGNMENT|[EXTERNAL]|this|{"chars":"0x4cdf22da","inputString":"asdfas;dfa{sd","outputString":"asdfas;\ndfa{"}|0x293dc5d2
22:57:24.0 (28344398)|HEAP_ALLOCATE|[27]|Bytes:13
22:57:24.0 (28347156)|METHOD_EXIT|[17]|01p6A000003fOZX|IndentationCheckerController.addEnter()
22:57:24.0 (28357220)|VARIABLE_ASSIGNMENT|[EXTERNAL]|this|{"chars":"0x4cdf22da","inputString":"asdfas;dfa{sd","outputString":"asdfas;\ndfa{"}|0x293dc5d2
22:57:24.0 (28360245)|VARIABLE_ASSIGNMENT|[EXTERNAL]|value|"asdfas;\ndfa{\n"
22:57:24.0 (28363865)|VARIABLE_ASSIGNMENT|[3]|this.outputString|"asdfas;\ndfa{\n"|0x293dc5d2
22:57:24.0 (28367386)|HEAP_ALLOCATE|[14]|Bytes:4
22:57:24.0 (28370120)|VARIABLE_ASSIGNMENT|[14]|i|11
22:57:24.0 (28376287)|STATEMENT_EXECUTE|[14]
22:57:24.0 (28377307)|STATEMENT_EXECUTE|[15]
22:57:24.0 (28386374)|VARIABLE_ASSIGNMENT|[EXTERNAL]|this|{"chars":"0x4cdf22da","inputString":"asdfas;dfa{sd","outputString":"asdfas;\ndfa{\n"}|0x293dc5d2
22:57:24.0 (28390884)|HEAP_ALLOCATE|[15]|Bytes:1
22:57:24.0 (28393513)|HEAP_ALLOCATE|[15]|Bytes:14
22:57:24.0 (28402750)|VARIABLE_ASSIGNMENT|[EXTERNAL]|this|{"chars":"0x4cdf22da","inputString":"asdfas;dfa{sd","outputString":"asdfas;\ndfa{\n"}|0x293dc5d2
22:57:24.0 (28405722)|VARIABLE_ASSIGNMENT|[EXTERNAL]|value|"asdfas;\ndfa{\ns"
22:57:24.0 (28409163)|VARIABLE_ASSIGNMENT|[3]|this.outputString|"asdfas;\ndfa{\ns"|0x293dc5d2
22:57:24.0 (28413061)|HEAP_ALLOCATE|[16]|Bytes:1
22:57:24.0 (28417965)|HEAP_ALLOCATE|[16]|Bytes:1
22:57:24.0 (28421531)|STATEMENT_EXECUTE|[16]
22:57:24.0 (28422728)|HEAP_ALLOCATE|[14]|Bytes:4
22:57:24.0 (28425383)|VARIABLE_ASSIGNMENT|[14]|i|12
22:57:24.0 (28430616)|STATEMENT_EXECUTE|[14]
22:57:24.0 (28431546)|STATEMENT_EXECUTE|[15]
22:57:24.0 (28441037)|VARIABLE_ASSIGNMENT|[EXTERNAL]|this|{"chars":"0x4cdf22da","inputString":"asdfas;dfa{sd","outputString":"asdfas;\ndfa{\ns"}|0x293dc5d2
22:57:24.0 (28445528)|HEAP_ALLOCATE|[15]|Bytes:1
22:57:24.0 (28448155)|HEAP_ALLOCATE|[15]|Bytes:15
22:57:24.0 (28456940)|VARIABLE_ASSIGNMENT|[EXTERNAL]|this|{"chars":"0x4cdf22da","inputString":"asdfas;dfa{sd","outputString":"asdfas;\ndfa{\ns"}|0x293dc5d2
22:57:24.0 (28459845)|VARIABLE_ASSIGNMENT|[EXTERNAL]|value|"asdfas;\ndfa{\nsd"
22:57:24.0 (28463314)|VARIABLE_ASSIGNMENT|[3]|this.outputString|"asdfas;\ndfa{\nsd"|0x293dc5d2
22:57:24.0 (28467173)|HEAP_ALLOCATE|[16]|Bytes:1
22:57:24.0 (28471720)|HEAP_ALLOCATE|[16]|Bytes:1
22:57:24.0 (28475128)|STATEMENT_EXECUTE|[16]
22:57:24.0 (28476324)|HEAP_ALLOCATE|[14]|Bytes:4
22:57:24.0 (28478933)|VARIABLE_ASSIGNMENT|[14]|i|13
22:57:24.0 (28484617)|STATEMENT_EXECUTE|[24]
22:57:24.0 (30326048)|SYSTEM_MODE_ENTER|true
22:57:24.0 (31022371)|SYSTEM_MODE_ENTER|true
22:57:24.0 (31221356)|VF_SERIALIZE_VIEWSTATE_BEGIN|0666A000001DsPC
22:57:24.0 (32467949)|VF_SERIALIZE_VIEWSTATE_END
22:57:24.33 (33927739)|CUMULATIVE_LIMIT_USAGE
22:57:24.33 (33927739)|LIMIT_USAGE_FOR_NS|(default)|
  Number of SOQL queries: 0 out of 100
  Number of query rows: 0 out of 50000
  Number of SOSL queries: 0 out of 20
  Number of DML statements: 0 out of 150
  Number of DML rows: 0 out of 10000
  Maximum CPU time: 0 out of 10000
  Maximum heap size: 0 out of 6000000
  Number of callouts: 0 out of 100
  Number of Email Invocations: 0 out of 10
  Number of future calls: 0 out of 50
  Number of queueable jobs added to the queue: 0 out of 50
  Number of Mobile Apex push calls: 0 out of 10

22:57:24.33 (33927739)|CUMULATIVE_LIMIT_USAGE_END

22:57:24.0 (33954993)|CODE_UNIT_FINISHED|VF: /apex/IndentationChecker
22:57:24.0 (34689985)|EXECUTION_FINISHED
