39.0 APEX_CODE,FINEST;APEX_PROFILING,INFO;CALLOUT,INFO;DB,FINEST;SYSTEM,DEBUG;VALIDATION,INFO;VISUALFORCE,INFO;WAVE,INFO;WORKFLOW,NONE
23:37:21.0 (206463)|USER_INFO|[EXTERNAL]|0056A000000UMYo|suneelcando@gmail.com|Pacific Standard Time|GMT-07:00
23:37:21.0 (230850)|EXECUTION_STARTED
23:37:21.0 (234398)|CODE_UNIT_STARTED|[EXTERNAL]|0666A000001DsPC|VF: /apex/IndentationChecker
23:37:21.0 (655325)|VF_DESERIALIZE_VIEWSTATE_BEGIN|0666A000001DsPC
23:37:21.0 (4904526)|HEAP_ALLOCATE|[72]|Bytes:3
23:37:21.0 (4937605)|HEAP_ALLOCATE|[77]|Bytes:152
23:37:21.0 (4952864)|HEAP_ALLOCATE|[342]|Bytes:408
23:37:21.0 (4967707)|HEAP_ALLOCATE|[355]|Bytes:408
23:37:21.0 (4979123)|HEAP_ALLOCATE|[467]|Bytes:48
23:37:21.0 (5002199)|HEAP_ALLOCATE|[139]|Bytes:6
23:37:21.0 (5953265)|VF_DESERIALIZE_VIEWSTATE_END
23:37:21.0 (6711676)|SYSTEM_MODE_ENTER|true
23:37:21.0 (6743093)|HEAP_ALLOCATE|[EXTERNAL]|Bytes:112
23:37:21.0 (6748635)|HEAP_ALLOCATE|[EXTERNAL]|Bytes:11
23:37:21.0 (6756395)|METHOD_ENTRY|[1]|01p6A000003fOZX|IndentationCheckerController.IndentationCheckerController()
23:37:21.0 (6760093)|STATEMENT_EXECUTE|[1]
23:37:21.0 (6763601)|STATEMENT_EXECUTE|[1]
23:37:21.0 (6767516)|METHOD_EXIT|[1]|IndentationCheckerController
23:37:21.0 (6952664)|SYSTEM_MODE_ENTER|true
23:37:21.0 (7023106)|SYSTEM_MODE_ENTER|true
23:37:21.0 (7043498)|HEAP_ALLOCATE|[EXTERNAL]|Bytes:15
23:37:21.0 (7050648)|HEAP_ALLOCATE|[EXTERNAL]|Bytes:16
23:37:21.0 (7073860)|VARIABLE_ASSIGNMENT|[EXTERNAL]|this.inputString|"asdf a s;dfa{sd"|0x1d76b348
23:37:21.0 (7103739)|SYSTEM_MODE_ENTER|true
23:37:21.0 (7113542)|HEAP_ALLOCATE|[EXTERNAL]|Bytes:16
23:37:21.0 (7119636)|VARIABLE_ASSIGNMENT|[EXTERNAL]|this.outputString|""|0x1d76b348
23:37:21.0 (7373622)|HEAP_ALLOCATE|[EXTERNAL]|Bytes:16
23:37:21.0 (7380636)|VARIABLE_SCOPE_BEGIN|[13]|this|IndentationCheckerController|true|false
23:37:21.0 (7413493)|VARIABLE_ASSIGNMENT|[13]|this|{"chars":"0x1e338ad9","inputString":"asdf a s;dfa{sd","outputString":""}|0x1d76b348
23:37:21.0 (7421524)|STATEMENT_EXECUTE|[13]
23:37:21.0 (7422992)|STATEMENT_EXECUTE|[14]
23:37:21.0 (7423831)|STATEMENT_EXECUTE|[14]
23:37:21.0 (7425813)|STATEMENT_EXECUTE|[15]
23:37:21.0 (7431187)|VARIABLE_SCOPE_BEGIN|[15]|i|Integer|false|false
23:37:21.0 (7433877)|HEAP_ALLOCATE|[15]|Bytes:4
23:37:21.0 (7440422)|VARIABLE_ASSIGNMENT|[15]|i|0
23:37:21.0 (7478236)|STATEMENT_EXECUTE|[15]
23:37:21.0 (7479578)|STATEMENT_EXECUTE|[16]
23:37:21.0 (7508288)|VARIABLE_ASSIGNMENT|[EXTERNAL]|this|{"chars":"0x1e338ad9","inputString":"asdf a s;dfa{sd","outputString":""}|0x1d76b348
23:37:21.0 (7520502)|HEAP_ALLOCATE|[16]|Bytes:1
23:37:21.0 (7534580)|HEAP_ALLOCATE|[16]|Bytes:1
23:37:21.0 (7555290)|VARIABLE_ASSIGNMENT|[EXTERNAL]|this|{"chars":"0x1e338ad9","inputString":"asdf a s;dfa{sd","outputString":""}|0x1d76b348
23:37:21.0 (7559257)|VARIABLE_ASSIGNMENT|[EXTERNAL]|value|"a"
23:37:21.0 (7565127)|VARIABLE_ASSIGNMENT|[3]|this.outputString|"a"|0x1d76b348
23:37:21.0 (7571385)|HEAP_ALLOCATE|[17]|Bytes:1
23:37:21.0 (7574304)|HEAP_ALLOCATE|[17]|Bytes:1
23:37:21.0 (7610023)|HEAP_ALLOCATE|[50]|Bytes:5
23:37:21.0 (7624609)|HEAP_ALLOCATE|[56]|Bytes:5
23:37:21.0 (7629646)|HEAP_ALLOCATE|[64]|Bytes:7
23:37:21.0 (7663365)|HEAP_ALLOCATE|[17]|Bytes:1
23:37:21.0 (7666497)|HEAP_ALLOCATE|[17]|Bytes:1
23:37:21.0 (7673909)|STATEMENT_EXECUTE|[17]
23:37:21.0 (7676004)|HEAP_ALLOCATE|[15]|Bytes:4
23:37:21.0 (7681298)|VARIABLE_ASSIGNMENT|[15]|i|1
23:37:21.0 (7689775)|STATEMENT_EXECUTE|[15]
23:37:21.0 (7690710)|STATEMENT_EXECUTE|[16]
23:37:21.0 (7704259)|VARIABLE_ASSIGNMENT|[EXTERNAL]|this|{"chars":"0x1e338ad9","inputString":"asdf a s;dfa{sd","outputString":"a"}|0x1d76b348
23:37:21.0 (7710061)|HEAP_ALLOCATE|[16]|Bytes:1
23:37:21.0 (7713750)|HEAP_ALLOCATE|[16]|Bytes:2
23:37:21.0 (7724245)|VARIABLE_ASSIGNMENT|[EXTERNAL]|this|{"chars":"0x1e338ad9","inputString":"asdf a s;dfa{sd","outputString":"a"}|0x1d76b348
23:37:21.0 (7731864)|VARIABLE_ASSIGNMENT|[EXTERNAL]|value|"as"
23:37:21.0 (7736180)|VARIABLE_ASSIGNMENT|[3]|this.outputString|"as"|0x1d76b348
23:37:21.0 (7740540)|HEAP_ALLOCATE|[17]|Bytes:1
23:37:21.0 (7746674)|HEAP_ALLOCATE|[17]|Bytes:1
23:37:21.0 (7750913)|STATEMENT_EXECUTE|[17]
23:37:21.0 (7752292)|HEAP_ALLOCATE|[15]|Bytes:4
23:37:21.0 (7755223)|VARIABLE_ASSIGNMENT|[15]|i|2
23:37:21.0 (7761079)|STATEMENT_EXECUTE|[15]
23:37:21.0 (7762010)|STATEMENT_EXECUTE|[16]
23:37:21.0 (7772847)|VARIABLE_ASSIGNMENT|[EXTERNAL]|this|{"chars":"0x1e338ad9","inputString":"asdf a s;dfa{sd","outputString":"as"}|0x1d76b348
23:37:21.0 (7777512)|HEAP_ALLOCATE|[16]|Bytes:1
23:37:21.0 (7780521)|HEAP_ALLOCATE|[16]|Bytes:3
23:37:21.0 (7790646)|VARIABLE_ASSIGNMENT|[EXTERNAL]|this|{"chars":"0x1e338ad9","inputString":"asdf a s;dfa{sd","outputString":"as"}|0x1d76b348
23:37:21.0 (7793605)|VARIABLE_ASSIGNMENT|[EXTERNAL]|value|"asd"
23:37:21.0 (7796934)|VARIABLE_ASSIGNMENT|[3]|this.outputString|"asd"|0x1d76b348
23:37:21.0 (7800335)|HEAP_ALLOCATE|[17]|Bytes:1
23:37:21.0 (7805131)|HEAP_ALLOCATE|[17]|Bytes:1
23:37:21.0 (7809136)|STATEMENT_EXECUTE|[17]
23:37:21.0 (7810478)|HEAP_ALLOCATE|[15]|Bytes:4
23:37:21.0 (7813134)|VARIABLE_ASSIGNMENT|[15]|i|3
23:37:21.0 (7818153)|STATEMENT_EXECUTE|[15]
23:37:21.0 (7819007)|STATEMENT_EXECUTE|[16]
23:37:21.0 (7828713)|VARIABLE_ASSIGNMENT|[EXTERNAL]|this|{"chars":"0x1e338ad9","inputString":"asdf a s;dfa{sd","outputString":"asd"}|0x1d76b348
23:37:21.0 (7833566)|HEAP_ALLOCATE|[16]|Bytes:1
23:37:21.0 (7836143)|HEAP_ALLOCATE|[16]|Bytes:4
23:37:21.0 (7845374)|VARIABLE_ASSIGNMENT|[EXTERNAL]|this|{"chars":"0x1e338ad9","inputString":"asdf a s;dfa{sd","outputString":"asd"}|0x1d76b348
23:37:21.0 (7848453)|VARIABLE_ASSIGNMENT|[EXTERNAL]|value|"asdf"
23:37:21.0 (7851628)|VARIABLE_ASSIGNMENT|[3]|this.outputString|"asdf"|0x1d76b348
23:37:21.0 (7855176)|HEAP_ALLOCATE|[17]|Bytes:1
23:37:21.0 (7859894)|HEAP_ALLOCATE|[17]|Bytes:1
23:37:21.0 (7863290)|STATEMENT_EXECUTE|[17]
23:37:21.0 (7864553)|HEAP_ALLOCATE|[15]|Bytes:4
23:37:21.0 (7867280)|VARIABLE_ASSIGNMENT|[15]|i|4
23:37:21.0 (7872242)|STATEMENT_EXECUTE|[15]
23:37:21.0 (7873131)|STATEMENT_EXECUTE|[16]
23:37:21.0 (7882660)|VARIABLE_ASSIGNMENT|[EXTERNAL]|this|{"chars":"0x1e338ad9","inputString":"asdf a s;dfa{sd","outputString":"asdf"}|0x1d76b348
23:37:21.0 (7886951)|HEAP_ALLOCATE|[16]|Bytes:1
23:37:21.0 (7889629)|HEAP_ALLOCATE|[16]|Bytes:5
23:37:21.0 (7898889)|VARIABLE_ASSIGNMENT|[EXTERNAL]|this|{"chars":"0x1e338ad9","inputString":"asdf a s;dfa{sd","outputString":"asdf"}|0x1d76b348
23:37:21.0 (7901818)|VARIABLE_ASSIGNMENT|[EXTERNAL]|value|"asdf "
23:37:21.0 (7904707)|VARIABLE_ASSIGNMENT|[3]|this.outputString|"asdf "|0x1d76b348
23:37:21.0 (7908098)|HEAP_ALLOCATE|[17]|Bytes:1
23:37:21.0 (7913233)|HEAP_ALLOCATE|[17]|Bytes:1
23:37:21.0 (7916858)|STATEMENT_EXECUTE|[17]
23:37:21.0 (7919003)|HEAP_ALLOCATE|[15]|Bytes:4
23:37:21.0 (7921353)|VARIABLE_ASSIGNMENT|[15]|i|5
23:37:21.0 (7926253)|STATEMENT_EXECUTE|[15]
23:37:21.0 (7927209)|STATEMENT_EXECUTE|[16]
23:37:21.0 (7936877)|VARIABLE_ASSIGNMENT|[EXTERNAL]|this|{"chars":"0x1e338ad9","inputString":"asdf a s;dfa{sd","outputString":"asdf "}|0x1d76b348
23:37:21.0 (7941291)|HEAP_ALLOCATE|[16]|Bytes:1
23:37:21.0 (7944046)|HEAP_ALLOCATE|[16]|Bytes:6
23:37:21.0 (7953124)|VARIABLE_ASSIGNMENT|[EXTERNAL]|this|{"chars":"0x1e338ad9","inputString":"asdf a s;dfa{sd","outputString":"asdf "}|0x1d76b348
23:37:21.0 (7955898)|VARIABLE_ASSIGNMENT|[EXTERNAL]|value|"asdf a"
23:37:21.0 (7958889)|VARIABLE_ASSIGNMENT|[3]|this.outputString|"asdf a"|0x1d76b348
23:37:21.0 (7962080)|HEAP_ALLOCATE|[17]|Bytes:1
23:37:21.0 (7966940)|HEAP_ALLOCATE|[17]|Bytes:1
23:37:21.0 (7970260)|STATEMENT_EXECUTE|[17]
23:37:21.0 (7971454)|HEAP_ALLOCATE|[15]|Bytes:4
23:37:21.0 (7973915)|VARIABLE_ASSIGNMENT|[15]|i|6
23:37:21.0 (7978702)|STATEMENT_EXECUTE|[15]
23:37:21.0 (7979777)|STATEMENT_EXECUTE|[16]
23:37:21.0 (7989268)|VARIABLE_ASSIGNMENT|[EXTERNAL]|this|{"chars":"0x1e338ad9","inputString":"asdf a s;dfa{sd","outputString":"asdf a"}|0x1d76b348
23:37:21.0 (7993699)|HEAP_ALLOCATE|[16]|Bytes:1
23:37:21.0 (7996367)|HEAP_ALLOCATE|[16]|Bytes:7
23:37:21.0 (8005383)|VARIABLE_ASSIGNMENT|[EXTERNAL]|this|{"chars":"0x1e338ad9","inputString":"asdf a s;dfa{sd","outputString":"asdf a"}|0x1d76b348
23:37:21.0 (8008690)|VARIABLE_ASSIGNMENT|[EXTERNAL]|value|"asdf a "
23:37:21.0 (8011950)|VARIABLE_ASSIGNMENT|[3]|this.outputString|"asdf a "|0x1d76b348
23:37:21.0 (8015135)|HEAP_ALLOCATE|[17]|Bytes:1
23:37:21.0 (8019917)|HEAP_ALLOCATE|[17]|Bytes:1
23:37:21.0 (8023276)|STATEMENT_EXECUTE|[17]
23:37:21.0 (8024441)|HEAP_ALLOCATE|[15]|Bytes:4
23:37:21.0 (8026956)|VARIABLE_ASSIGNMENT|[15]|i|7
23:37:21.0 (8031900)|STATEMENT_EXECUTE|[15]
23:37:21.0 (8032787)|STATEMENT_EXECUTE|[16]
23:37:21.0 (8042129)|VARIABLE_ASSIGNMENT|[EXTERNAL]|this|{"chars":"0x1e338ad9","inputString":"asdf a s;dfa{sd","outputString":"asdf a "}|0x1d76b348
23:37:21.0 (8046822)|HEAP_ALLOCATE|[16]|Bytes:1
23:37:21.0 (8049287)|HEAP_ALLOCATE|[16]|Bytes:8
23:37:21.0 (8058471)|VARIABLE_ASSIGNMENT|[EXTERNAL]|this|{"chars":"0x1e338ad9","inputString":"asdf a s;dfa{sd","outputString":"asdf a "}|0x1d76b348
23:37:21.0 (8061136)|VARIABLE_ASSIGNMENT|[EXTERNAL]|value|"asdf a s"
23:37:21.0 (8064035)|VARIABLE_ASSIGNMENT|[3]|this.outputString|"asdf a s"|0x1d76b348
23:37:21.0 (8067285)|HEAP_ALLOCATE|[17]|Bytes:1
23:37:21.0 (8071325)|HEAP_ALLOCATE|[17]|Bytes:1
23:37:21.0 (8075202)|STATEMENT_EXECUTE|[17]
23:37:21.0 (8076400)|HEAP_ALLOCATE|[15]|Bytes:4
23:37:21.0 (8079004)|VARIABLE_ASSIGNMENT|[15]|i|8
23:37:21.0 (8083806)|STATEMENT_EXECUTE|[15]
23:37:21.0 (8084670)|STATEMENT_EXECUTE|[16]
23:37:21.0 (8093931)|VARIABLE_ASSIGNMENT|[EXTERNAL]|this|{"chars":"0x1e338ad9","inputString":"asdf a s;dfa{sd","outputString":"asdf a s"}|0x1d76b348
23:37:21.0 (8097953)|HEAP_ALLOCATE|[16]|Bytes:1
23:37:21.0 (8100504)|HEAP_ALLOCATE|[16]|Bytes:9
23:37:21.0 (8109477)|VARIABLE_ASSIGNMENT|[EXTERNAL]|this|{"chars":"0x1e338ad9","inputString":"asdf a s;dfa{sd","outputString":"asdf a s"}|0x1d76b348
23:37:21.0 (8112633)|VARIABLE_ASSIGNMENT|[EXTERNAL]|value|"asdf a s;"
23:37:21.0 (8115531)|VARIABLE_ASSIGNMENT|[3]|this.outputString|"asdf a s;"|0x1d76b348
23:37:21.0 (8118942)|HEAP_ALLOCATE|[17]|Bytes:1
23:37:21.0 (8128264)|STATEMENT_EXECUTE|[17]
23:37:21.0 (8129510)|STATEMENT_EXECUTE|[18]
23:37:21.0 (8141510)|METHOD_ENTRY|[18]|01p6A000003fOZX|IndentationCheckerController.addEnter()
23:37:21.0 (8153885)|VARIABLE_SCOPE_BEGIN|[27]|this|IndentationCheckerController|true|false
23:37:21.0 (8165208)|VARIABLE_ASSIGNMENT|[27]|this|{"chars":"0x1e338ad9","inputString":"asdf a s;dfa{sd","outputString":"asdf a s;"}|0x1d76b348
23:37:21.0 (8168084)|STATEMENT_EXECUTE|[27]
23:37:21.0 (8169314)|STATEMENT_EXECUTE|[28]
23:37:21.0 (8183389)|VARIABLE_ASSIGNMENT|[EXTERNAL]|this|{"chars":"0x1e338ad9","inputString":"asdf a s;dfa{sd","outputString":"asdf a s;"}|0x1d76b348
23:37:21.0 (8188520)|HEAP_ALLOCATE|[28]|Bytes:1
23:37:21.0 (8192296)|HEAP_ALLOCATE|[28]|Bytes:10
23:37:21.0 (8195582)|METHOD_EXIT|[18]|01p6A000003fOZX|IndentationCheckerController.addEnter()
23:37:21.0 (8206669)|VARIABLE_ASSIGNMENT|[EXTERNAL]|this|{"chars":"0x1e338ad9","inputString":"asdf a s;dfa{sd","outputString":"asdf a s;"}|0x1d76b348
23:37:21.0 (8211611)|VARIABLE_ASSIGNMENT|[EXTERNAL]|value|"asdf a s;\n"
23:37:21.0 (8215026)|VARIABLE_ASSIGNMENT|[3]|this.outputString|"asdf a s;\n"|0x1d76b348
23:37:21.0 (8218477)|HEAP_ALLOCATE|[15]|Bytes:4
23:37:21.0 (8221128)|VARIABLE_ASSIGNMENT|[15]|i|9
23:37:21.0 (8227170)|STATEMENT_EXECUTE|[15]
23:37:21.0 (8228103)|STATEMENT_EXECUTE|[16]
23:37:21.0 (8237786)|VARIABLE_ASSIGNMENT|[EXTERNAL]|this|{"chars":"0x1e338ad9","inputString":"asdf a s;dfa{sd","outputString":"asdf a s;\n"}|0x1d76b348
23:37:21.0 (8242527)|HEAP_ALLOCATE|[16]|Bytes:1
23:37:21.0 (8245228)|HEAP_ALLOCATE|[16]|Bytes:11
23:37:21.0 (8254735)|VARIABLE_ASSIGNMENT|[EXTERNAL]|this|{"chars":"0x1e338ad9","inputString":"asdf a s;dfa{sd","outputString":"asdf a s;\n"}|0x1d76b348
23:37:21.0 (8258153)|VARIABLE_ASSIGNMENT|[EXTERNAL]|value|"asdf a s;\nd"
23:37:21.0 (8261657)|VARIABLE_ASSIGNMENT|[3]|this.outputString|"asdf a s;\nd"|0x1d76b348
23:37:21.0 (8265216)|HEAP_ALLOCATE|[17]|Bytes:1
23:37:21.0 (8271114)|HEAP_ALLOCATE|[17]|Bytes:1
23:37:21.0 (8274740)|STATEMENT_EXECUTE|[17]
23:37:21.0 (8276009)|HEAP_ALLOCATE|[15]|Bytes:4
23:37:21.0 (8278934)|VARIABLE_ASSIGNMENT|[15]|i|10
23:37:21.0 (8284129)|STATEMENT_EXECUTE|[15]
23:37:21.0 (8285015)|STATEMENT_EXECUTE|[16]
23:37:21.0 (8295172)|VARIABLE_ASSIGNMENT|[EXTERNAL]|this|{"chars":"0x1e338ad9","inputString":"asdf a s;dfa{sd","outputString":"asdf a s;\nd"}|0x1d76b348
23:37:21.0 (8299506)|HEAP_ALLOCATE|[16]|Bytes:1
23:37:21.0 (8302299)|HEAP_ALLOCATE|[16]|Bytes:12
23:37:21.0 (8311751)|VARIABLE_ASSIGNMENT|[EXTERNAL]|this|{"chars":"0x1e338ad9","inputString":"asdf a s;dfa{sd","outputString":"asdf a s;\nd"}|0x1d76b348
23:37:21.0 (8314505)|VARIABLE_ASSIGNMENT|[EXTERNAL]|value|"asdf a s;\ndf"
23:37:21.0 (8318053)|VARIABLE_ASSIGNMENT|[3]|this.outputString|"asdf a s;\ndf"|0x1d76b348
23:37:21.0 (8321335)|HEAP_ALLOCATE|[17]|Bytes:1
23:37:21.0 (8326125)|HEAP_ALLOCATE|[17]|Bytes:1
23:37:21.0 (8329856)|STATEMENT_EXECUTE|[17]
23:37:21.0 (8331774)|HEAP_ALLOCATE|[15]|Bytes:4
23:37:21.0 (8334223)|VARIABLE_ASSIGNMENT|[15]|i|11
23:37:21.0 (8339227)|STATEMENT_EXECUTE|[15]
23:37:21.0 (8340335)|STATEMENT_EXECUTE|[16]
23:37:21.0 (8349951)|VARIABLE_ASSIGNMENT|[EXTERNAL]|this|{"chars":"0x1e338ad9","inputString":"asdf a s;dfa{sd","outputString":"asdf a s;\ndf"}|0x1d76b348
23:37:21.0 (8354558)|HEAP_ALLOCATE|[16]|Bytes:1
23:37:21.0 (8357369)|HEAP_ALLOCATE|[16]|Bytes:13
23:37:21.0 (8366731)|VARIABLE_ASSIGNMENT|[EXTERNAL]|this|{"chars":"0x1e338ad9","inputString":"asdf a s;dfa{sd","outputString":"asdf a s;\ndf"}|0x1d76b348
23:37:21.0 (8369475)|VARIABLE_ASSIGNMENT|[EXTERNAL]|value|"asdf a s;\ndfa"
23:37:21.0 (8372763)|VARIABLE_ASSIGNMENT|[3]|this.outputString|"asdf a s;\ndfa"|0x1d76b348
23:37:21.0 (8375940)|HEAP_ALLOCATE|[17]|Bytes:1
23:37:21.0 (8380714)|HEAP_ALLOCATE|[17]|Bytes:1
23:37:21.0 (8384401)|STATEMENT_EXECUTE|[17]
23:37:21.0 (8385595)|HEAP_ALLOCATE|[15]|Bytes:4
23:37:21.0 (8388282)|VARIABLE_ASSIGNMENT|[15]|i|12
23:37:21.0 (8393266)|STATEMENT_EXECUTE|[15]
23:37:21.0 (8394749)|STATEMENT_EXECUTE|[16]
23:37:21.0 (8404673)|VARIABLE_ASSIGNMENT|[EXTERNAL]|this|{"chars":"0x1e338ad9","inputString":"asdf a s;dfa{sd","outputString":"asdf a s;\ndfa"}|0x1d76b348
23:37:21.0 (8409023)|HEAP_ALLOCATE|[16]|Bytes:1
23:37:21.0 (8411686)|HEAP_ALLOCATE|[16]|Bytes:14
23:37:21.0 (8421177)|VARIABLE_ASSIGNMENT|[EXTERNAL]|this|{"chars":"0x1e338ad9","inputString":"asdf a s;dfa{sd","outputString":"asdf a s;\ndfa"}|0x1d76b348
23:37:21.0 (8424217)|VARIABLE_ASSIGNMENT|[EXTERNAL]|value|"asdf a s;\ndfa{"
23:37:21.0 (8427487)|VARIABLE_ASSIGNMENT|[3]|this.outputString|"asdf a s;\ndfa{"|0x1d76b348
23:37:21.0 (8430775)|HEAP_ALLOCATE|[17]|Bytes:1
23:37:21.0 (8435536)|HEAP_ALLOCATE|[17]|Bytes:1
23:37:21.0 (8439721)|STATEMENT_EXECUTE|[17]
23:37:21.0 (8440651)|STATEMENT_EXECUTE|[18]
23:37:21.0 (8443599)|METHOD_ENTRY|[18]|01p6A000003fOZX|IndentationCheckerController.addEnter()
23:37:21.0 (8446071)|VARIABLE_SCOPE_BEGIN|[27]|this|IndentationCheckerController|true|false
23:37:21.0 (8455021)|VARIABLE_ASSIGNMENT|[27]|this|{"chars":"0x1e338ad9","inputString":"asdf a s;dfa{sd","outputString":"asdf a s;\ndfa{"}|0x1d76b348
23:37:21.0 (8458235)|STATEMENT_EXECUTE|[27]
23:37:21.0 (8459325)|STATEMENT_EXECUTE|[28]
23:37:21.0 (8468409)|VARIABLE_ASSIGNMENT|[EXTERNAL]|this|{"chars":"0x1e338ad9","inputString":"asdf a s;dfa{sd","outputString":"asdf a s;\ndfa{"}|0x1d76b348
23:37:21.0 (8473140)|HEAP_ALLOCATE|[28]|Bytes:15
23:37:21.0 (8475671)|METHOD_EXIT|[18]|01p6A000003fOZX|IndentationCheckerController.addEnter()
23:37:21.0 (8485708)|VARIABLE_ASSIGNMENT|[EXTERNAL]|this|{"chars":"0x1e338ad9","inputString":"asdf a s;dfa{sd","outputString":"asdf a s;\ndfa{"}|0x1d76b348
23:37:21.0 (8488995)|VARIABLE_ASSIGNMENT|[EXTERNAL]|value|"asdf a s;\ndfa{\n"
23:37:21.0 (8492434)|VARIABLE_ASSIGNMENT|[3]|this.outputString|"asdf a s;\ndfa{\n"|0x1d76b348
23:37:21.0 (8495368)|HEAP_ALLOCATE|[15]|Bytes:4
23:37:21.0 (8498066)|VARIABLE_ASSIGNMENT|[15]|i|13
23:37:21.0 (8503416)|STATEMENT_EXECUTE|[15]
23:37:21.0 (8504399)|STATEMENT_EXECUTE|[16]
23:37:21.0 (8513768)|VARIABLE_ASSIGNMENT|[EXTERNAL]|this|{"chars":"0x1e338ad9","inputString":"asdf a s;dfa{sd","outputString":"asdf a s;\ndfa{\n"}|0x1d76b348
23:37:21.0 (8517954)|HEAP_ALLOCATE|[16]|Bytes:1
23:37:21.0 (8521184)|HEAP_ALLOCATE|[16]|Bytes:16
23:37:21.0 (8530571)|VARIABLE_ASSIGNMENT|[EXTERNAL]|this|{"chars":"0x1e338ad9","inputString":"asdf a s;dfa{sd","outputString":"asdf a s;\ndfa{\n"}|0x1d76b348
23:37:21.0 (8533785)|VARIABLE_ASSIGNMENT|[EXTERNAL]|value|"asdf a s;\ndfa{\ns"
23:37:21.0 (8537082)|VARIABLE_ASSIGNMENT|[3]|this.outputString|"asdf a s;\ndfa{\ns"|0x1d76b348
23:37:21.0 (8540336)|HEAP_ALLOCATE|[17]|Bytes:1
23:37:21.0 (8545597)|HEAP_ALLOCATE|[17]|Bytes:1
23:37:21.0 (8549361)|STATEMENT_EXECUTE|[17]
23:37:21.0 (8550633)|HEAP_ALLOCATE|[15]|Bytes:4
23:37:21.0 (8553221)|VARIABLE_ASSIGNMENT|[15]|i|14
23:37:21.0 (8558197)|STATEMENT_EXECUTE|[15]
23:37:21.0 (8559071)|STATEMENT_EXECUTE|[16]
23:37:21.0 (8569231)|VARIABLE_ASSIGNMENT|[EXTERNAL]|this|{"chars":"0x1e338ad9","inputString":"asdf a s;dfa{sd","outputString":"asdf a s;\ndfa{\ns"}|0x1d76b348
23:37:21.0 (8573679)|HEAP_ALLOCATE|[16]|Bytes:1
23:37:21.0 (8576289)|HEAP_ALLOCATE|[16]|Bytes:17
23:37:21.0 (8585604)|VARIABLE_ASSIGNMENT|[EXTERNAL]|this|{"chars":"0x1e338ad9","inputString":"asdf a s;dfa{sd","outputString":"asdf a s;\ndfa{\ns"}|0x1d76b348
23:37:21.0 (8588609)|VARIABLE_ASSIGNMENT|[EXTERNAL]|value|"asdf a s;\ndfa{\nsd"
23:37:21.0 (8591817)|VARIABLE_ASSIGNMENT|[3]|this.outputString|"asdf a s;\ndfa{\nsd"|0x1d76b348
23:37:21.0 (8595195)|HEAP_ALLOCATE|[17]|Bytes:1
23:37:21.0 (8599497)|HEAP_ALLOCATE|[17]|Bytes:1
23:37:21.0 (8602911)|STATEMENT_EXECUTE|[17]
23:37:21.0 (8604114)|HEAP_ALLOCATE|[15]|Bytes:4
23:37:21.0 (8606616)|VARIABLE_ASSIGNMENT|[15]|i|15
23:37:21.0 (8612032)|STATEMENT_EXECUTE|[25]
23:37:21.0 (10417952)|SYSTEM_MODE_ENTER|true
23:37:21.0 (11086384)|SYSTEM_MODE_ENTER|true
23:37:21.0 (11282405)|VF_SERIALIZE_VIEWSTATE_BEGIN|0666A000001DsPC
23:37:21.0 (12487094)|VF_SERIALIZE_VIEWSTATE_END
23:37:21.13 (13978666)|CUMULATIVE_LIMIT_USAGE
23:37:21.13 (13978666)|LIMIT_USAGE_FOR_NS|(default)|
  Number of SOQL queries: 0 out of 100
  Number of query rows: 0 out of 50000
  Number of SOSL queries: 0 out of 20
  Number of DML statements: 0 out of 150
  Number of DML rows: 0 out of 10000
  Maximum CPU time: 0 out of 10000
  Maximum heap size: 0 out of 6000000
  Number of callouts: 0 out of 100
  Number of Email Invocations: 0 out of 10
  Number of future calls: 0 out of 50
  Number of queueable jobs added to the queue: 0 out of 50
  Number of Mobile Apex push calls: 0 out of 10

23:37:21.13 (13978666)|CUMULATIVE_LIMIT_USAGE_END

23:37:21.0 (14006195)|CODE_UNIT_FINISHED|VF: /apex/IndentationChecker
23:37:21.0 (14800473)|EXECUTION_FINISHED
