39.0 APEX_CODE,FINEST;APEX_PROFILING,INFO;CALLOUT,INFO;DB,FINEST;SYSTEM,DEBUG;VALIDATION,INFO;VISUALFORCE,INFO;WAVE,INFO;WORKFLOW,NONE
02:06:58.0 (240646)|USER_INFO|[EXTERNAL]|0056A000000UMYo|suneelcando@gmail.com|Pacific Standard Time|GMT-07:00
02:06:58.0 (267428)|EXECUTION_STARTED
02:06:58.0 (271401)|CODE_UNIT_STARTED|[EXTERNAL]|0666A000001Dsje|VF: /apex/JSON2Apex
02:06:58.0 (29229231)|SYSTEM_MODE_ENTER|true
02:06:58.0 (29536089)|HEAP_ALLOCATE|[72]|Bytes:3
02:06:58.0 (29567298)|HEAP_ALLOCATE|[77]|Bytes:152
02:06:58.0 (29579336)|HEAP_ALLOCATE|[342]|Bytes:408
02:06:58.0 (29592341)|HEAP_ALLOCATE|[355]|Bytes:408
02:06:58.0 (29604392)|HEAP_ALLOCATE|[467]|Bytes:48
02:06:58.0 (29627928)|HEAP_ALLOCATE|[139]|Bytes:6
02:06:58.0 (29638997)|HEAP_ALLOCATE|[EXTERNAL]|Bytes:108
02:06:58.0 (29642484)|HEAP_ALLOCATE|[EXTERNAL]|Bytes:5
02:06:58.0 (29644431)|HEAP_ALLOCATE|[EXTERNAL]|Bytes:1
02:06:58.0 (29650415)|METHOD_ENTRY|[1]|01p6A000003fQgy|JSON2ApexConverter.JSON2ApexConverter()
02:06:58.0 (29653618)|STATEMENT_EXECUTE|[1]
02:06:58.0 (29657259)|STATEMENT_EXECUTE|[1]
02:06:58.0 (29660904)|METHOD_EXIT|[1]|JSON2ApexConverter
02:06:58.0 (33243691)|HEAP_ALLOCATE|[EXTERNAL]|Bytes:16
02:06:58.0 (33253659)|VARIABLE_SCOPE_BEGIN|[1]|this|JSON2ApexConverter|true|false
02:06:58.0 (33304252)|VARIABLE_ASSIGNMENT|[1]|this|{}|0x4e43aeb8
02:06:58.0 (33315477)|HEAP_ALLOCATE|[2]|Bytes:6
02:06:58.0 (33360170)|STATEMENT_EXECUTE|[1]
02:06:58.0 (33361849)|STATEMENT_EXECUTE|[2]
02:06:58.0 (33364760)|HEAP_ALLOCATE|[2]|Bytes:52
02:06:58.0 (33381511)|VARIABLE_ASSIGNMENT|[2]|this.jsonString|"{ \"name\":\"John\", \"ag (32 more) ..."|0x4e43aeb8
02:06:58.0 (33384094)|STATEMENT_EXECUTE|[3]
02:06:58.0 (33385185)|STATEMENT_EXECUTE|[4]
02:06:58.0 (43120680)|SYSTEM_MODE_ENTER|true
02:06:58.0 (43872188)|VF_SERIALIZE_VIEWSTATE_BEGIN|0666A000001Dsje
02:06:58.0 (45790861)|VF_SERIALIZE_VIEWSTATE_END
02:06:58.47 (47570241)|CUMULATIVE_LIMIT_USAGE
02:06:58.47 (47570241)|LIMIT_USAGE_FOR_NS|(default)|
  Number of SOQL queries: 0 out of 100
  Number of query rows: 0 out of 50000
  Number of SOSL queries: 0 out of 20
  Number of DML statements: 0 out of 150
  Number of DML rows: 0 out of 10000
  Maximum CPU time: 0 out of 10000
  Maximum heap size: 0 out of 6000000
  Number of callouts: 0 out of 100
  Number of Email Invocations: 0 out of 10
  Number of future calls: 0 out of 50
  Number of queueable jobs added to the queue: 0 out of 50
  Number of Mobile Apex push calls: 0 out of 10

02:06:58.47 (47570241)|CUMULATIVE_LIMIT_USAGE_END

02:06:58.0 (47598726)|CODE_UNIT_FINISHED|VF: /apex/JSON2Apex
02:06:58.0 (48292728)|EXECUTION_FINISHED
