39.0 APEX_CODE,FINEST;APEX_PROFILING,INFO;CALLOUT,INFO;DB,FINEST;SYSTEM,DEBUG;VALIDATION,INFO;VISUALFORCE,INFO;WAVE,INFO;WORKFLOW,NONE
02:14:15.0 (218960)|USER_INFO|[EXTERNAL]|0056A000000UMYo|suneelcando@gmail.com|Pacific Standard Time|GMT-07:00
02:14:15.0 (246803)|EXECUTION_STARTED
02:14:15.0 (250676)|CODE_UNIT_STARTED|[EXTERNAL]|0666A000001Dsje|VF: /apex/JSON2Apex
02:14:15.0 (103882703)|SYSTEM_MODE_ENTER|true
02:14:15.0 (104194262)|HEAP_ALLOCATE|[72]|Bytes:3
02:14:15.0 (104229110)|HEAP_ALLOCATE|[77]|Bytes:152
02:14:15.0 (104240747)|HEAP_ALLOCATE|[342]|Bytes:408
02:14:15.0 (104253259)|HEAP_ALLOCATE|[355]|Bytes:408
02:14:15.0 (104264638)|HEAP_ALLOCATE|[467]|Bytes:48
02:14:15.0 (104288871)|HEAP_ALLOCATE|[139]|Bytes:6
02:14:15.0 (104299212)|HEAP_ALLOCATE|[EXTERNAL]|Bytes:108
02:14:15.0 (104302715)|HEAP_ALLOCATE|[EXTERNAL]|Bytes:5
02:14:15.0 (104304951)|HEAP_ALLOCATE|[EXTERNAL]|Bytes:3
02:14:15.0 (104312198)|METHOD_ENTRY|[1]|01p6A000003fQgy|JSON2ApexConverter.JSON2ApexConverter()
02:14:15.0 (104315732)|STATEMENT_EXECUTE|[1]
02:14:15.0 (104320195)|STATEMENT_EXECUTE|[1]
02:14:15.0 (104323561)|METHOD_EXIT|[1]|JSON2ApexConverter
02:14:15.0 (110552760)|HEAP_ALLOCATE|[EXTERNAL]|Bytes:16
02:14:15.0 (110561932)|VARIABLE_SCOPE_BEGIN|[1]|this|JSON2ApexConverter|true|false
02:14:15.0 (110615899)|VARIABLE_ASSIGNMENT|[1]|this|{}|0x3ffcc571
02:14:15.0 (110627175)|HEAP_ALLOCATE|[2]|Bytes:6
02:14:15.0 (110666897)|STATEMENT_EXECUTE|[1]
02:14:15.0 (110669103)|STATEMENT_EXECUTE|[2]
02:14:15.0 (110672580)|HEAP_ALLOCATE|[2]|Bytes:52
02:14:15.0 (110690122)|VARIABLE_ASSIGNMENT|[2]|this.jsonString|"{ \"name\":\"John\", \"ag (32 more) ..."|0x3ffcc571
02:14:15.0 (110692112)|STATEMENT_EXECUTE|[3]
02:14:15.0 (110693096)|STATEMENT_EXECUTE|[4]
02:14:15.0 (119875680)|SYSTEM_MODE_ENTER|true
02:14:15.0 (120509013)|VF_SERIALIZE_VIEWSTATE_BEGIN|0666A000001Dsje
02:14:15.0 (122379012)|VF_SERIALIZE_VIEWSTATE_END
02:14:15.124 (124138286)|CUMULATIVE_LIMIT_USAGE
02:14:15.124 (124138286)|LIMIT_USAGE_FOR_NS|(default)|
  Number of SOQL queries: 0 out of 100
  Number of query rows: 0 out of 50000
  Number of SOSL queries: 0 out of 20
  Number of DML statements: 0 out of 150
  Number of DML rows: 0 out of 10000
  Maximum CPU time: 0 out of 10000
  Maximum heap size: 0 out of 6000000
  Number of callouts: 0 out of 100
  Number of Email Invocations: 0 out of 10
  Number of future calls: 0 out of 50
  Number of queueable jobs added to the queue: 0 out of 50
  Number of Mobile Apex push calls: 0 out of 10

02:14:15.124 (124138286)|CUMULATIVE_LIMIT_USAGE_END

02:14:15.0 (124170205)|CODE_UNIT_FINISHED|VF: /apex/JSON2Apex
02:14:15.0 (124908923)|EXECUTION_FINISHED
