39.0 APEX_CODE,FINEST;APEX_PROFILING,INFO;CALLOUT,INFO;DB,FINEST;SYSTEM,DEBUG;VALIDATION,INFO;VISUALFORCE,INFO;WAVE,INFO;WORKFLOW,NONE
22:57:22.0 (266477)|USER_INFO|[EXTERNAL]|0056A000000UMYo|suneelcando@gmail.com|Pacific Standard Time|GMT-07:00
22:57:22.0 (296702)|EXECUTION_STARTED
22:57:22.0 (299993)|CODE_UNIT_STARTED|[EXTERNAL]|0666A000001DsPC|VF: /apex/IndentationChecker
22:57:22.0 (17440000)|SYSTEM_MODE_ENTER|true
22:57:22.0 (17771543)|HEAP_ALLOCATE|[72]|Bytes:3
22:57:22.0 (17806062)|HEAP_ALLOCATE|[77]|Bytes:152
22:57:22.0 (17816909)|HEAP_ALLOCATE|[342]|Bytes:408
22:57:22.0 (17830380)|HEAP_ALLOCATE|[355]|Bytes:408
22:57:22.0 (17842088)|HEAP_ALLOCATE|[467]|Bytes:48
22:57:22.0 (17868145)|HEAP_ALLOCATE|[139]|Bytes:6
22:57:22.0 (17879766)|HEAP_ALLOCATE|[EXTERNAL]|Bytes:112
22:57:22.0 (17883012)|HEAP_ALLOCATE|[EXTERNAL]|Bytes:11
22:57:22.0 (17889891)|METHOD_ENTRY|[1]|01p6A000003fOZX|IndentationCheckerController.IndentationCheckerController()
22:57:22.0 (17893347)|STATEMENT_EXECUTE|[1]
22:57:22.0 (17896791)|STATEMENT_EXECUTE|[1]
22:57:22.0 (17900028)|METHOD_EXIT|[1]|IndentationCheckerController
22:57:22.0 (17936675)|HEAP_ALLOCATE|[EXTERNAL]|Bytes:16
22:57:22.0 (17943122)|VARIABLE_SCOPE_BEGIN|[5]|this|IndentationCheckerController|true|false
22:57:22.0 (17992254)|VARIABLE_ASSIGNMENT|[5]|this|{}|0x58d58a2f
22:57:22.0 (17997766)|STATEMENT_EXECUTE|[1]
22:57:22.0 (17998841)|STATEMENT_EXECUTE|[2]
22:57:22.0 (18000254)|STATEMENT_EXECUTE|[3]
22:57:22.0 (18001596)|STATEMENT_EXECUTE|[4]
22:57:22.0 (18008159)|HEAP_ALLOCATE|[6]|Bytes:6
22:57:22.0 (18044748)|STATEMENT_EXECUTE|[5]
22:57:22.0 (18046492)|STATEMENT_EXECUTE|[6]
22:57:22.0 (18055330)|HEAP_ALLOCATE|[6]|Bytes:13
22:57:22.0 (18116261)|VARIABLE_ASSIGNMENT|[EXTERNAL]|this|{}|0x58d58a2f
22:57:22.0 (18123707)|VARIABLE_ASSIGNMENT|[EXTERNAL]|value|"asdfas;dfa{sd"
22:57:22.0 (18134089)|VARIABLE_ASSIGNMENT|[2]|this.inputString|"asdfas;dfa{sd"|0x58d58a2f
22:57:22.0 (18140722)|STATEMENT_EXECUTE|[7]
22:57:22.0 (18146621)|HEAP_ALLOCATE|[7]|Bytes:4
22:57:22.0 (18195888)|HEAP_ALLOCATE|[EXTERNAL]|Bytes:4
22:57:22.0 (18204977)|VARIABLE_ASSIGNMENT|[7]|this.chars|[]|0x58d58a2f
22:57:22.0 (18206965)|STATEMENT_EXECUTE|[8]
22:57:22.0 (18233957)|VARIABLE_ASSIGNMENT|[EXTERNAL]|this|{"chars":"0x76f88a84","inputString":"asdfas;dfa{sd"}|0x58d58a2f
22:57:22.0 (18275716)|HEAP_ALLOCATE|[8]|Bytes:1
22:57:22.0 (18278401)|HEAP_ALLOCATE|[8]|Bytes:1
22:57:22.0 (18279498)|HEAP_ALLOCATE|[8]|Bytes:1
22:57:22.0 (18280669)|HEAP_ALLOCATE|[8]|Bytes:1
22:57:22.0 (18281719)|HEAP_ALLOCATE|[8]|Bytes:1
22:57:22.0 (18282749)|HEAP_ALLOCATE|[8]|Bytes:1
22:57:22.0 (18283791)|HEAP_ALLOCATE|[8]|Bytes:1
22:57:22.0 (18285490)|HEAP_ALLOCATE|[8]|Bytes:1
22:57:22.0 (18286552)|HEAP_ALLOCATE|[8]|Bytes:1
22:57:22.0 (18287601)|HEAP_ALLOCATE|[8]|Bytes:1
22:57:22.0 (18288707)|HEAP_ALLOCATE|[8]|Bytes:1
22:57:22.0 (18289839)|HEAP_ALLOCATE|[8]|Bytes:1
22:57:22.0 (18290890)|HEAP_ALLOCATE|[8]|Bytes:1
22:57:22.0 (18292278)|HEAP_ALLOCATE|[8]|Bytes:56
22:57:22.0 (18307998)|HEAP_ALLOCATE|[EXTERNAL]|Bytes:56
22:57:22.0 (18315294)|VARIABLE_ASSIGNMENT|[8]|this.chars|"List of size 13 too large to display"|0x58d58a2f
22:57:22.0 (18317298)|STATEMENT_EXECUTE|[9]
22:57:22.0 (18353362)|VARIABLE_ASSIGNMENT|[EXTERNAL]|this|{"chars":"0x54eeed73","inputString":"asdfas;dfa{sd"}|0x58d58a2f
22:57:22.0 (18357616)|VARIABLE_ASSIGNMENT|[EXTERNAL]|value|""
22:57:22.0 (18362977)|VARIABLE_ASSIGNMENT|[3]|this.outputString|""|0x58d58a2f
22:57:22.0 (23696538)|SYSTEM_MODE_ENTER|true
22:57:22.0 (24024400)|SYSTEM_MODE_ENTER|true
22:57:22.0 (24701562)|VF_SERIALIZE_VIEWSTATE_BEGIN|0666A000001DsPC
22:57:22.0 (26801550)|VF_SERIALIZE_VIEWSTATE_END
22:57:22.28 (28521648)|CUMULATIVE_LIMIT_USAGE
22:57:22.28 (28521648)|LIMIT_USAGE_FOR_NS|(default)|
  Number of SOQL queries: 0 out of 100
  Number of query rows: 0 out of 50000
  Number of SOSL queries: 0 out of 20
  Number of DML statements: 0 out of 150
  Number of DML rows: 0 out of 10000
  Maximum CPU time: 0 out of 10000
  Maximum heap size: 0 out of 6000000
  Number of callouts: 0 out of 100
  Number of Email Invocations: 0 out of 10
  Number of future calls: 0 out of 50
  Number of queueable jobs added to the queue: 0 out of 50
  Number of Mobile Apex push calls: 0 out of 10

22:57:22.28 (28521648)|CUMULATIVE_LIMIT_USAGE_END

22:57:22.0 (28549778)|CODE_UNIT_FINISHED|VF: /apex/IndentationChecker
22:57:22.0 (29238391)|EXECUTION_FINISHED
