39.0 APEX_CODE,FINEST;APEX_PROFILING,INFO;CALLOUT,INFO;DB,FINEST;SYSTEM,DEBUG;VALIDATION,INFO;VISUALFORCE,INFO;WAVE,INFO;WORKFLOW,NONE
22:55:02.0 (244521)|USER_INFO|[EXTERNAL]|0056A000000UMYo|suneelcando@gmail.com|Pacific Standard Time|GMT-07:00
22:55:02.0 (267909)|EXECUTION_STARTED
22:55:02.0 (271086)|CODE_UNIT_STARTED|[EXTERNAL]|0666A000001DsPC|VF: /apex/IndentationChecker
22:55:02.0 (683679)|VF_DESERIALIZE_VIEWSTATE_BEGIN|0666A000001DsPC
22:55:02.0 (4928054)|HEAP_ALLOCATE|[72]|Bytes:3
22:55:02.0 (4979358)|HEAP_ALLOCATE|[77]|Bytes:152
22:55:02.0 (4992219)|HEAP_ALLOCATE|[342]|Bytes:408
22:55:02.0 (5005797)|HEAP_ALLOCATE|[355]|Bytes:408
22:55:02.0 (5018349)|HEAP_ALLOCATE|[467]|Bytes:48
22:55:02.0 (5068544)|HEAP_ALLOCATE|[139]|Bytes:6
22:55:02.0 (5961649)|VF_DESERIALIZE_VIEWSTATE_END
22:55:02.0 (6620018)|SYSTEM_MODE_ENTER|true
22:55:02.0 (6740554)|HEAP_ALLOCATE|[EXTERNAL]|Bytes:112
22:55:02.0 (6761907)|HEAP_ALLOCATE|[EXTERNAL]|Bytes:11
22:55:02.0 (6780091)|METHOD_ENTRY|[1]|01p6A000003fOZX|IndentationCheckerController.IndentationCheckerController()
22:55:02.0 (6783744)|STATEMENT_EXECUTE|[1]
22:55:02.0 (6787972)|STATEMENT_EXECUTE|[1]
22:55:02.0 (6799746)|METHOD_EXIT|[1]|IndentationCheckerController
22:55:02.0 (6867705)|SYSTEM_MODE_ENTER|true
22:55:02.0 (6918778)|SYSTEM_MODE_ENTER|true
22:55:02.0 (6939176)|HEAP_ALLOCATE|[EXTERNAL]|Bytes:11
22:55:02.0 (6947002)|HEAP_ALLOCATE|[EXTERNAL]|Bytes:16
22:55:02.0 (6975773)|VARIABLE_ASSIGNMENT|[EXTERNAL]|this.inputString|"asdfasdfasd"|0x30b8db9
22:55:02.0 (6998985)|SYSTEM_MODE_ENTER|true
22:55:02.0 (7009080)|HEAP_ALLOCATE|[EXTERNAL]|Bytes:16
22:55:02.0 (7016026)|VARIABLE_ASSIGNMENT|[EXTERNAL]|this.outputString|""|0x30b8db9
22:55:02.0 (7269158)|HEAP_ALLOCATE|[EXTERNAL]|Bytes:16
22:55:02.0 (7276561)|VARIABLE_SCOPE_BEGIN|[11]|this|IndentationCheckerController|true|false
22:55:02.0 (7397448)|HEAP_ALLOCATE|[EXTERNAL]|Bytes:48
22:55:02.0 (7419329)|VARIABLE_ASSIGNMENT|[11]|this|{"chars":"0x5fd1925a","inputString":"asdfasdfasd","outputString":""}|0x30b8db9
22:55:02.0 (7427943)|STATEMENT_EXECUTE|[11]
22:55:02.0 (7429195)|STATEMENT_EXECUTE|[12]
22:55:02.0 (7430063)|STATEMENT_EXECUTE|[12]
22:55:02.0 (7432048)|STATEMENT_EXECUTE|[13]
22:55:02.0 (7437601)|VARIABLE_SCOPE_BEGIN|[13]|i|Integer|false|false
22:55:02.0 (7441252)|HEAP_ALLOCATE|[13]|Bytes:4
22:55:02.0 (7446497)|VARIABLE_ASSIGNMENT|[13]|i|0
22:55:02.0 (7529659)|STATEMENT_EXECUTE|[13]
22:55:02.0 (7540946)|HEAP_ALLOCATE|[14]|Bytes:1
22:55:02.0 (7545183)|HEAP_ALLOCATE|[14]|Bytes:1
22:55:02.0 (7579383)|HEAP_ALLOCATE|[50]|Bytes:5
22:55:02.0 (7599187)|HEAP_ALLOCATE|[56]|Bytes:5
22:55:02.0 (7604489)|HEAP_ALLOCATE|[64]|Bytes:7
22:55:02.0 (7639777)|HEAP_ALLOCATE|[14]|Bytes:1
22:55:02.0 (7642854)|HEAP_ALLOCATE|[14]|Bytes:1
22:55:02.0 (7650792)|STATEMENT_EXECUTE|[14]
22:55:02.0 (7652692)|HEAP_ALLOCATE|[13]|Bytes:4
22:55:02.0 (7657509)|VARIABLE_ASSIGNMENT|[13]|i|1
22:55:02.0 (7666530)|STATEMENT_EXECUTE|[13]
22:55:02.0 (7668799)|HEAP_ALLOCATE|[14]|Bytes:1
22:55:02.0 (7674642)|HEAP_ALLOCATE|[14]|Bytes:1
22:55:02.0 (7679439)|STATEMENT_EXECUTE|[14]
22:55:02.0 (7680575)|HEAP_ALLOCATE|[13]|Bytes:4
22:55:02.0 (7683246)|VARIABLE_ASSIGNMENT|[13]|i|2
22:55:02.0 (7688316)|STATEMENT_EXECUTE|[13]
22:55:02.0 (7689921)|HEAP_ALLOCATE|[14]|Bytes:1
22:55:02.0 (7694491)|HEAP_ALLOCATE|[14]|Bytes:1
22:55:02.0 (7698180)|STATEMENT_EXECUTE|[14]
22:55:02.0 (7699252)|HEAP_ALLOCATE|[13]|Bytes:4
22:55:02.0 (7701661)|VARIABLE_ASSIGNMENT|[13]|i|3
22:55:02.0 (7706191)|STATEMENT_EXECUTE|[13]
22:55:02.0 (7707689)|HEAP_ALLOCATE|[14]|Bytes:1
22:55:02.0 (7712006)|HEAP_ALLOCATE|[14]|Bytes:1
22:55:02.0 (7715653)|STATEMENT_EXECUTE|[14]
22:55:02.0 (7717589)|HEAP_ALLOCATE|[13]|Bytes:4
22:55:02.0 (7720007)|VARIABLE_ASSIGNMENT|[13]|i|4
22:55:02.0 (7724414)|STATEMENT_EXECUTE|[13]
22:55:02.0 (7726005)|HEAP_ALLOCATE|[14]|Bytes:1
22:55:02.0 (7729888)|HEAP_ALLOCATE|[14]|Bytes:1
22:55:02.0 (7733460)|STATEMENT_EXECUTE|[14]
22:55:02.0 (7734610)|HEAP_ALLOCATE|[13]|Bytes:4
22:55:02.0 (7736947)|VARIABLE_ASSIGNMENT|[13]|i|5
22:55:02.0 (7741449)|STATEMENT_EXECUTE|[13]
22:55:02.0 (7743018)|HEAP_ALLOCATE|[14]|Bytes:1
22:55:02.0 (7747162)|HEAP_ALLOCATE|[14]|Bytes:1
22:55:02.0 (7750566)|STATEMENT_EXECUTE|[14]
22:55:02.0 (7751674)|HEAP_ALLOCATE|[13]|Bytes:4
22:55:02.0 (7753988)|VARIABLE_ASSIGNMENT|[13]|i|6
22:55:02.0 (7758324)|STATEMENT_EXECUTE|[13]
22:55:02.0 (7759867)|HEAP_ALLOCATE|[14]|Bytes:1
22:55:02.0 (7764658)|HEAP_ALLOCATE|[14]|Bytes:1
22:55:02.0 (7767748)|STATEMENT_EXECUTE|[14]
22:55:02.0 (7768770)|HEAP_ALLOCATE|[13]|Bytes:4
22:55:02.0 (7771463)|VARIABLE_ASSIGNMENT|[13]|i|7
22:55:02.0 (7775795)|STATEMENT_EXECUTE|[13]
22:55:02.0 (7777388)|HEAP_ALLOCATE|[14]|Bytes:1
22:55:02.0 (7781833)|HEAP_ALLOCATE|[14]|Bytes:1
22:55:02.0 (7785055)|STATEMENT_EXECUTE|[14]
22:55:02.0 (7786113)|HEAP_ALLOCATE|[13]|Bytes:4
22:55:02.0 (7788513)|VARIABLE_ASSIGNMENT|[13]|i|8
22:55:02.0 (7792915)|STATEMENT_EXECUTE|[13]
22:55:02.0 (7794422)|HEAP_ALLOCATE|[14]|Bytes:1
22:55:02.0 (7798562)|HEAP_ALLOCATE|[14]|Bytes:1
22:55:02.0 (7801931)|STATEMENT_EXECUTE|[14]
22:55:02.0 (7802981)|HEAP_ALLOCATE|[13]|Bytes:4
22:55:02.0 (7805278)|VARIABLE_ASSIGNMENT|[13]|i|9
22:55:02.0 (7809742)|STATEMENT_EXECUTE|[13]
22:55:02.0 (7811285)|HEAP_ALLOCATE|[14]|Bytes:1
22:55:02.0 (7815703)|HEAP_ALLOCATE|[14]|Bytes:1
22:55:02.0 (7818834)|STATEMENT_EXECUTE|[14]
22:55:02.0 (7819815)|HEAP_ALLOCATE|[13]|Bytes:4
22:55:02.0 (7822366)|VARIABLE_ASSIGNMENT|[13]|i|10
22:55:02.0 (7826963)|STATEMENT_EXECUTE|[13]
22:55:02.0 (7828491)|HEAP_ALLOCATE|[14]|Bytes:1
22:55:02.0 (7832934)|HEAP_ALLOCATE|[14]|Bytes:1
22:55:02.0 (7836732)|STATEMENT_EXECUTE|[14]
22:55:02.0 (7837748)|HEAP_ALLOCATE|[13]|Bytes:4
22:55:02.0 (7840292)|VARIABLE_ASSIGNMENT|[13]|i|11
22:55:02.0 (7845801)|STATEMENT_EXECUTE|[22]
22:55:02.0 (9676204)|SYSTEM_MODE_ENTER|true
22:55:02.0 (10350219)|SYSTEM_MODE_ENTER|true
22:55:02.0 (10558048)|VF_SERIALIZE_VIEWSTATE_BEGIN|0666A000001DsPC
22:55:02.0 (11686333)|VF_SERIALIZE_VIEWSTATE_END
22:55:02.13 (13138229)|CUMULATIVE_LIMIT_USAGE
22:55:02.13 (13138229)|LIMIT_USAGE_FOR_NS|(default)|
  Number of SOQL queries: 0 out of 100
  Number of query rows: 0 out of 50000
  Number of SOSL queries: 0 out of 20
  Number of DML statements: 0 out of 150
  Number of DML rows: 0 out of 10000
  Maximum CPU time: 0 out of 10000
  Maximum heap size: 0 out of 6000000
  Number of callouts: 0 out of 100
  Number of Email Invocations: 0 out of 10
  Number of future calls: 0 out of 50
  Number of queueable jobs added to the queue: 0 out of 50
  Number of Mobile Apex push calls: 0 out of 10

22:55:02.13 (13138229)|CUMULATIVE_LIMIT_USAGE_END

22:55:02.0 (13165638)|CODE_UNIT_FINISHED|VF: /apex/IndentationChecker
22:55:02.0 (13836282)|EXECUTION_FINISHED
